|||||||||||||||||||||||||||||||||||||||||||||||||||||||||||||||||||||||||||||||||||||||||||||||||||||||||||||||||||||||||||||||||||||||||||||||||||||||||||||||||||||||||||||||||||||||||||||||||||||||||||||||||||||||||||||||||||||||||||||||||||||||||||||||||||||||||||||||||||||||||||||||||||||||||||||||||||||||||||||||||||||||||---EPOCH-0--------------------
||||||||||epsilon: 0.496, buffer size: 10308
||||||||||epsilon: 0.4921, buffer size: 10596
||||||||||epsilon: 0.4882, buffer size: 10918
xxxxxxxxxxxxxxxxxxxxxxxxxxxxxx[-14. -16.]
[[ 0 16]
 [14  0]]
Q-Loss: 0.04246316908093274 || V-Loss: 0.02525443138001098
---EPOCH-1--------------------
||||||||||epsilon: 0.4843, buffer size: 11250
||||||||||epsilon: 0.4805, buffer size: 11549
||||||||||epsilon: 0.4767, buffer size: 11862
Target updated!
xxxxxxxxxxxxxxxxxxxxxxxxxxxxxx[-14. -16.]
[[ 0 16]
 [14  0]]
Q-Loss: 0.024873082406571684 || V-Loss: 0.013979332310136865
---EPOCH-2--------------------
||||||||||epsilon: 0.4729, buffer size: 12144
||||||||||epsilon: 0.4692, buffer size: 12441
||||||||||epsilon: 0.4656, buffer size: 12789
xxxxxxxxxxxxxxxxxxxxxxxxxxxxxx[-13. -17.]
[[ 0 17]
 [13  0]]
Q-Loss: 0.020602427738472272 || V-Loss: 0.01322309229783113
---EPOCH-3--------------------
||||||||||epsilon: 0.4619, buffer size: 13072
||||||||||epsilon: 0.4583, buffer size: 13368
||||||||||epsilon: 0.4547, buffer size: 13690
Target updated!
xxxxxxxxxxxxxxxxxxxxxxxxxxxxxx[ -7. -23.]
[[ 0 23]
 [ 7  0]]
Q-Loss: 0.018528639432957888 || V-Loss: 0.012706231592469856
---EPOCH-4--------------------
||||||||||epsilon: 0.4512, buffer size: 14013
||||||||||epsilon: 0.4477, buffer size: 14344
||||||||||epsilon: 0.4443, buffer size: 14630
xxxxxxxxxxxxxxxxxxxxxxxxxxxxxx[-10. -20.]
[[ 0 20]
 [10  0]]
Q-Loss: 0.017171876398100295 || V-Loss: 0.012588678293521827
---EPOCH-5--------------------
||||||||||epsilon: 0.4408, buffer size: 14980
||||||||||epsilon: 0.4374, buffer size: 15304
||||||||||epsilon: 0.4341, buffer size: 15589
Target updated!
xxxxxxxxxxxxxxxxxxxxxxxxxxxxxx[-15. -15.]
[[ 0 15]
 [15  0]]
Q-Loss: 0.016259930706876088 || V-Loss: 0.012428400466846687
---EPOCH-6--------------------
||||||||||epsilon: 0.4308, buffer size: 15913
||||||||||epsilon: 0.4275, buffer size: 16195
||||||||||epsilon: 0.4242, buffer size: 16522
xxxxxxxxxxxxxxxxxxxxxxxxxxxxxx[ -8. -22.]
[[ 0 22]
 [ 8  0]]
Q-Loss: 0.01552347660173072 || V-Loss: 0.01224142248073546
---EPOCH-7--------------------
||||||||||epsilon: 0.421, buffer size: 16801
||||||||||epsilon: 0.4178, buffer size: 17072
||||||||||epsilon: 0.4146, buffer size: 17310
Target updated!
xxxxxxxxxxxxxxxxxxxxxxxxxxxxxx[-15. -15.]
[[ 0 15]
 [15  0]]
Q-Loss: 0.015581977919646313 || V-Loss: 0.012147377823675922
---EPOCH-8--------------------
||||||||||epsilon: 0.4115, buffer size: 17609
||||||||||epsilon: 0.4084, buffer size: 17847
||||||||||epsilon: 0.4053, buffer size: 18179
xxxxxxxxxxxxxxxxxxxxxxxxxxxxxx[-12. -18.]
[[ 0 18]
 [12  0]]
Q-Loss: 0.019553967354008217 || V-Loss: 0.010935116121587676
---EPOCH-9--------------------
||||||||||epsilon: 0.4023, buffer size: 18467
||||||||||epsilon: 0.3993, buffer size: 18827
||||||||||epsilon: 0.3963, buffer size: 19105
Target updated!
xxxxxxxxxxxxxxxxxxxxxxxxxxxxxx[-16. -14.]
[[ 0 14]
 [16  0]]
Q-Loss: 0.018776435026821435 || V-Loss: 0.01000003962760906
---EPOCH-10--------------------
||||||||||epsilon: 0.3933, buffer size: 19380
||||||||||epsilon: 0.3904, buffer size: 19721
||||||||||epsilon: 0.3875, buffer size: 20025
xxxxxxxxxxxxxxxxxxxxxxxxxxxxxx[-11. -19.]
[[ 0 19]
 [11  0]]
Q-Loss: 0.022392153810529482 || V-Loss: 0.010449966026366162
---EPOCH-11--------------------
||||||||||epsilon: 0.3847, buffer size: 20300
||||||||||epsilon: 0.3818, buffer size: 20562
||||||||||epsilon: 0.379, buffer size: 20905
Target updated!
xxxxxxxxxxxxxxxxxxxxxxxxxxxxxx[ -7. -23.]
[[ 0 23]
 [ 7  0]]
Q-Loss: 0.02143759475236111 || V-Loss: 0.009596528754709552
---EPOCH-12--------------------
||||||||||epsilon: 0.3762, buffer size: 21163
||||||||||epsilon: 0.3735, buffer size: 21481
||||||||||epsilon: 0.3708, buffer size: 21802
xxxxxxxxxxxxxxxxxxxxxxxxxxxxxx[ -8. -22.]
[[ 0 22]
 [ 8  0]]
Q-Loss: 0.025379040166323995 || V-Loss: 0.01003765091943189
---EPOCH-13--------------------
||||||||||epsilon: 0.3681, buffer size: 22110
||||||||||epsilon: 0.3654, buffer size: 22374
||||||||||epsilon: 0.3628, buffer size: 22681
Target updated!
xxxxxxxxxxxxxxxxxxxxxxxxxxxxxx[-16. -14.]
[[ 0 14]
 [16  0]]
Q-Loss: 0.024934444056426187 || V-Loss: 0.009920679866643679
---EPOCH-14--------------------
||||||||||epsilon: 0.3601, buffer size: 22976
||||||||||epsilon: 0.3576, buffer size: 23289
||||||||||epsilon: 0.355, buffer size: 23609
xxxxxxxxxxxxxxxxxxxxxxxxxxxxxx[-12. -18.]
[[ 0 18]
 [12  0]]
Q-Loss: 0.030749789493692083 || V-Loss: 0.009714368816700208
---EPOCH-15--------------------
||||||||||epsilon: 0.3525, buffer size: 23928
||||||||||epsilon: 0.3499, buffer size: 24179
||||||||||epsilon: 0.3475, buffer size: 24458
Target updated!
xxxxxxxxxxxxxxxxxxxxxxxxxxxxxx[-10. -20.]
[[ 0 20]
 [10  0]]
Q-Loss: 0.031136321469420667 || V-Loss: 0.009681265656554125
---EPOCH-16--------------------
||||||||||epsilon: 0.345, buffer size: 24786
||||||||||epsilon: 0.3426, buffer size: 25068
||||||||||epsilon: 0.3401, buffer size: 25436
xxxxxxxxxxxxxxxxxxxxxxxxxxxxxx[-16. -14.]
[[ 0 14]
 [16  0]]
Q-Loss: 0.03552338775507239 || V-Loss: 0.01006627795718472
---EPOCH-17--------------------
||||||||||epsilon: 0.3377, buffer size: 25794
||||||||||epsilon: 0.3354, buffer size: 26067
||||||||||epsilon: 0.333, buffer size: 26354
Target updated!
xxxxxxxxxxxxxxxxxxxxxxxxxxxxxx[ -9. -21.]
[[ 0 21]
 [ 9  0]]
Q-Loss: 0.035181074554088566 || V-Loss: 0.009697378780826082
---EPOCH-18--------------------
||||||||||epsilon: 0.3307, buffer size: 26744
||||||||||epsilon: 0.3284, buffer size: 26977
||||||||||epsilon: 0.3261, buffer size: 27261
xxxxxxxxxxxxxxxxxxxxxxxxxxxxxx[ -9. -21.]
[[ 0 21]
 [ 9  0]]
Q-Loss: 0.04187486976296223 || V-Loss: 0.009923926434038227
---EPOCH-19--------------------
||||||||||epsilon: 0.3239, buffer size: 27560
||||||||||epsilon: 0.3217, buffer size: 27897
||||||||||epsilon: 0.3195, buffer size: 28211
Target updated!
xxxxxxxxxxxxxxxxxxxxxxxxxxxxxx[ -9. -21.]
[[ 0 21]
 [ 9  0]]
Q-Loss: 0.041570149005080215 || V-Loss: 0.009745781018015503
---EPOCH-20--------------------
||||||||||epsilon: 0.3173, buffer size: 28459
||||||||||epsilon: 0.3151, buffer size: 28781
||||||||||epsilon: 0.313, buffer size: 29099
xxxxxxxxxxxxxxxxxxxxxxxxxxxxxx[-13. -17.]
[[ 0 17]
 [13  0]]
Q-Loss: 0.04643922349606267 || V-Loss: 0.009593375244436417
---EPOCH-21--------------------
||||||||||epsilon: 0.3108, buffer size: 29436
||||||||||epsilon: 0.3088, buffer size: 29712
||||||||||epsilon: 0.3067, buffer size: 30085
Target updated!
xxxxxxxxxxxxxxxxxxxxxxxxxxxxxx[ -5. -25.]
[[ 0 25]
 [ 5  0]]
Q-Loss: 0.04688809376579888 || V-Loss: 0.009623041421251147
---EPOCH-22--------------------
||||||||||epsilon: 0.3046, buffer size: 30501
||||||||||epsilon: 0.3026, buffer size: 30772
||||||||||epsilon: 0.3006, buffer size: 31051
xxxxxxxxxxxxxxxxxxxxxxxxxxxxxx[ -7. -23.]
[[ 0 23]
 [ 7  0]]
Q-Loss: 0.0505711620011858 || V-Loss: 0.009590088829060607
---EPOCH-23--------------------
||||||||||epsilon: 0.2986, buffer size: 31383
||||||||||epsilon: 0.2966, buffer size: 31659
||||||||||epsilon: 0.2946, buffer size: 32002
Target updated!
xxxxxxxxxxxxxxxxxxxxxxxxxxxxxx[-12. -18.]
[[ 0 18]
 [12  0]]
Q-Loss: 0.051064190710190735 || V-Loss: 0.009702696698089923
---EPOCH-24--------------------
||||||||||epsilon: 0.2927, buffer size: 32343
||||||||||epsilon: 0.2908, buffer size: 32709
||||||||||epsilon: 0.2889, buffer size: 33027
xxxxxxxxxxxxxxxxxxxxxxxxxxxxxx[ -4. -26.]
[[ 0 26]
 [ 4  0]]
Q-Loss: 0.055897906384749126 || V-Loss: 0.010545791721711658
---EPOCH-25--------------------
||||||||||epsilon: 0.287, buffer size: 33355
||||||||||epsilon: 0.2851, buffer size: 33669
||||||||||epsilon: 0.2833, buffer size: 34007
Target updated!
xxxxxxxxxxxxxxxxxxxxxxxxxxxxxx[ -8. -22.]
[[ 0 22]
 [ 8  0]]
Q-Loss: 0.057012928706056384 || V-Loss: 0.010592818449060029
---EPOCH-26--------------------
||||||||||epsilon: 0.2815, buffer size: 34341
||||||||||epsilon: 0.2797, buffer size: 34800
||||||||||epsilon: 0.2779, buffer size: 35112
xxxxxxxxxxxxxxxxxxxxxxxxxxxxxx[ -7. -23.]
[[ 0 23]
 [ 7  0]]
Q-Loss: 0.05952898199232393 || V-Loss: 0.010260433696213737
---EPOCH-27--------------------
||||||||||epsilon: 0.2761, buffer size: 35465
||||||||||epsilon: 0.2743, buffer size: 35817
||||||||||epsilon: 0.2726, buffer size: 36169
Target updated!
xxxxxxxxxxxxxxxxxxxxxxxxxxxxxx[-16. -14.]
[[ 0 14]
 [16  0]]
Q-Loss: 0.059607338307051436 || V-Loss: 0.010178057293190936
---EPOCH-28--------------------
||||||||||epsilon: 0.2709, buffer size: 36504
||||||||||epsilon: 0.2692, buffer size: 36816
||||||||||epsilon: 0.2675, buffer size: 37195
xxxxxxxxxxxxxxxxxxxxxxxxxxxxxx[-13. -17.]
[[ 0 17]
 [13  0]]
Q-Loss: 0.05660897482934495 || V-Loss: 0.009505013639959554
---EPOCH-29--------------------
||||||||||epsilon: 0.2658, buffer size: 37501
||||||||||epsilon: 0.2642, buffer size: 37813
||||||||||epsilon: 0.2626, buffer size: 38105
Target updated!
xxxxxxxxxxxxxxxxxxxxxxxxxxxxxx[-10. -20.]
[[ 0 20]
 [10  0]]
Q-Loss: 0.056521988824590454 || V-Loss: 0.009177739318340298
---EPOCH-30--------------------
||||||||||epsilon: 0.2609, buffer size: 38405
||||||||||epsilon: 0.2593, buffer size: 38729
||||||||||epsilon: 0.2577, buffer size: 39039
xxxxxxxxxxxxxxxxxxxxxxxxxxxxxx[ -7. -23.]
[[ 0 23]
 [ 7  0]]
Q-Loss: 0.059782655834678115 || V-Loss: 0.009493605806803047
---EPOCH-31--------------------
||||||||||epsilon: 0.2562, buffer size: 39412
||||||||||epsilon: 0.2546, buffer size: 39786
||||||||||epsilon: 0.2531, buffer size: 40080
Target updated!
xxxxxxxxxxxxxxxxxxxxxxxxxxxxxx[ -3. -27.]
[[ 0 27]
 [ 3  0]]
Q-Loss: 0.05933739705454741 || V-Loss: 0.009428648391428079
---EPOCH-32--------------------
||||||||||epsilon: 0.2516, buffer size: 40441
||||||||||epsilon: 0.2501, buffer size: 40735
||||||||||epsilon: 0.2486, buffer size: 41096
xxxxxxxxxxxxxxxxxxxxxxxxxxxxxx[ -5. -25.]
[[ 0 25]
 [ 5  0]]
Q-Loss: 0.061157308862340186 || V-Loss: 0.010089236272998695
---EPOCH-33--------------------
||||||||||epsilon: 0.2471, buffer size: 41513
||||||||||epsilon: 0.2456, buffer size: 41915
||||||||||epsilon: 0.2442, buffer size: 42214
Target updated!
xxxxxxxxxxxxxxxxxxxxxxxxxxxxxx[-13. -17.]
[[ 0 17]
 [13  0]]
Q-Loss: 0.06139879431971844 || V-Loss: 0.009989557803153542
---EPOCH-34--------------------
||||||||||epsilon: 0.2427, buffer size: 42539
||||||||||epsilon: 0.2413, buffer size: 42854
||||||||||epsilon: 0.2399, buffer size: 43145
xxxxxxxxxxxxxxxxxxxxxxxxxxxxxx[ -5. -25.]
[[ 0 25]
 [ 5  0]]
Q-Loss: 0.06301176115505097 || V-Loss: 0.010732794139307875
---EPOCH-35--------------------
||||||||||epsilon: 0.2385, buffer size: 43486
||||||||||epsilon: 0.2371, buffer size: 43879
||||||||||epsilon: 0.2358, buffer size: 44202
Target updated!
xxxxxxxxxxxxxxxxxxxxxxxxxxxxxx[ -8. -22.]
[[ 0 22]
 [ 8  0]]
Q-Loss: 0.06266015351323752 || V-Loss: 0.010755013093297933
---EPOCH-36--------------------
||||||||||epsilon: 0.2344, buffer size: 44593
||||||||||epsilon: 0.2331, buffer size: 44873
||||||||||epsilon: 0.2318, buffer size: 45256
xxxxxxxxxxxxxxxxxxxxxxxxxxxxxx[ -7. -23.]
[[ 0 23]
 [ 7  0]]
Q-Loss: 0.05803127165341599 || V-Loss: 0.010264629168991226
---EPOCH-37--------------------
||||||||||epsilon: 0.2304, buffer size: 45579
||||||||||epsilon: 0.2291, buffer size: 45924
||||||||||epsilon: 0.2279, buffer size: 46310
Target updated!
xxxxxxxxxxxxxxxxxxxxxxxxxxxxxx[-12. -18.]
[[ 0 18]
 [12  0]]
Q-Loss: 0.05812261328066109 || V-Loss: 0.010217039626523651
---EPOCH-38--------------------
||||||||||epsilon: 0.2266, buffer size: 46667
||||||||||epsilon: 0.2253, buffer size: 46974
||||||||||epsilon: 0.2241, buffer size: 47279
xxxxxxxxxxxxxxxxxxxxxxxxxxxxxx[ -9. -21.]
[[ 0 21]
 [ 9  0]]
Q-Loss: 0.054553551540281985 || V-Loss: 0.00948734645260605
---EPOCH-39--------------------
||||||||||epsilon: 0.2228, buffer size: 47626
||||||||||epsilon: 0.2216, buffer size: 47989
||||||||||epsilon: 0.2204, buffer size: 48315
Target updated!
xxxxxxxxxxxxxxxxxxxxxxxxxxxxxx[ -5. -25.]
[[ 0 25]
 [ 5  0]]
Q-Loss: 0.054711233631988446 || V-Loss: 0.009512373493565466
---EPOCH-40--------------------
||||||||||epsilon: 0.2192, buffer size: 48679
||||||||||epsilon: 0.218, buffer size: 49008
||||||||||epsilon: 0.2168, buffer size: 49348
xxxxxxxxxxxxxxxxxxxxxxxxxxxxxx[-10. -20.]
[[ 0 20]
 [10  0]]
Q-Loss: 0.05206686383384459 || V-Loss: 0.00928797220338004
---EPOCH-41--------------------
||||||||||epsilon: 0.2157, buffer size: 49728
||||||||||epsilon: 0.2145, buffer size: 50085
||||||||||epsilon: 0.2134, buffer size: 50418
Target updated!
xxxxxxxxxxxxxxxxxxxxxxxxxxxxxx[ -9. -21.]
[[ 0 21]
 [ 9  0]]
Q-Loss: 0.05184611031808044 || V-Loss: 0.009274690279601594
---EPOCH-42--------------------
||||||||||epsilon: 0.2123, buffer size: 50747
||||||||||epsilon: 0.2111, buffer size: 51114
||||||||||epsilon: 0.21, buffer size: 51451
xxxxxxxxxxxxxxxxxxxxxxxxxxxxxx[ -6. -24.]
[[ 0 24]
 [ 6  0]]
Q-Loss: 0.05112819998414463 || V-Loss: 0.009904253887885933
---EPOCH-43--------------------
||||||||||epsilon: 0.2089, buffer size: 51832
||||||||||epsilon: 0.2079, buffer size: 52170
||||||||||epsilon: 0.2068, buffer size: 52450
Target updated!
xxxxxxxxxxxxxxxxxxxxxxxxxxxxxx[-11. -19.]
[[ 0 19]
 [11  0]]
Q-Loss: 0.05106515745715345 || V-Loss: 0.009724190568270175
---EPOCH-44--------------------
||||||||||epsilon: 0.2057, buffer size: 52793
||||||||||epsilon: 0.2047, buffer size: 53063
||||||||||epsilon: 0.2036, buffer size: 53375
xxxxxxxxxxxxxxxxxxxxxxxxxxxxxx[-15. -15.]
[[ 0 15]
 [15  0]]
Q-Loss: 0.04642151395930428 || V-Loss: 0.009211043375613811
---EPOCH-45--------------------
||||||||||epsilon: 0.2026, buffer size: 53700
||||||||||epsilon: 0.2016, buffer size: 53981
||||||||||epsilon: 0.2006, buffer size: 54315
Target updated!
xxxxxxxxxxxxxxxxxxxxxxxxxxxxxx[-10. -20.]
[[ 0 20]
 [10  0]]
Q-Loss: 0.04623346554250556 || V-Loss: 0.009051469142047361
---EPOCH-46--------------------
||||||||||epsilon: 0.1996, buffer size: 54662
||||||||||epsilon: 0.1986, buffer size: 54958
||||||||||epsilon: 0.1976, buffer size: 55288
xxxxxxxxxxxxxxxxxxxxxxxxxxxxxx[ -9. -21.]
[[ 0 21]
 [ 9  0]]
Q-Loss: 0.047087639246873494 || V-Loss: 0.009852999797076718
---EPOCH-47--------------------
||||||||||epsilon: 0.1966, buffer size: 55689
||||||||||epsilon: 0.1957, buffer size: 56013
||||||||||epsilon: 0.1947, buffer size: 56376
Target updated!
xxxxxxxxxxxxxxxxxxxxxxxxxxxxxx[ -8. -22.]
[[ 0 22]
 [ 8  0]]
Q-Loss: 0.04690404868600045 || V-Loss: 0.009663901454769062
---EPOCH-48--------------------
||||||||||epsilon: 0.1938, buffer size: 56693
||||||||||epsilon: 0.1928, buffer size: 56995
||||||||||epsilon: 0.1919, buffer size: 57336
xxxxxxxxxxxxxxxxxxxxxxxxxxxxxx[ -5. -25.]
[[ 0 25]
 [ 5  0]]
Q-Loss: 0.04130146426404445 || V-Loss: 0.009690709006612412
---EPOCH-49--------------------
||||||||||epsilon: 0.191, buffer size: 57666
||||||||||epsilon: 0.1901, buffer size: 58022
||||||||||epsilon: 0.1892, buffer size: 58385
Target updated!
xxxxxxxxxxxxxxxxxxxxxxxxxxxxxx[ -9. -21.]
[[ 0 21]
 [ 9  0]]
Q-Loss: 0.04044855747798364 || V-Loss: 0.009122451967004664
---EPOCH-50--------------------
||||||||||epsilon: 0.1883, buffer size: 58682
||||||||||epsilon: 0.1874, buffer size: 59036
||||||||||epsilon: 0.1865, buffer size: 59382
xxxxxxxxxxxxxxxxxxxxxxxxxxxxxx[ -9. -21.]
[[ 0 21]
 [ 9  0]]
Q-Loss: 0.04507921566440175 || V-Loss: 0.009971478378925924
---EPOCH-51--------------------
||||||||||epsilon: 0.1857, buffer size: 59715
||||||||||epsilon: 0.1848, buffer size: 60040
||||||||||epsilon: 0.184, buffer size: 60418
Target updated!
xxxxxxxxxxxxxxxxxxxxxxxxxxxxxx[ -6. -24.]
[[ 0 24]
 [ 6  0]]
Q-Loss: 0.04568742844831023 || V-Loss: 0.010147199220245099
---EPOCH-52--------------------
||||||||||epsilon: 0.1832, buffer size: 60728
||||||||||epsilon: 0.1823, buffer size: 61055
||||||||||epsilon: 0.1815, buffer size: 61396
xxxxxxxxxxxxxxxxxxxxxxxxxxxxxx[ -6. -24.]
[[ 0 24]
 [ 6  0]]
Q-Loss: 0.03889509237534302 || V-Loss: 0.00940047373997069
---EPOCH-53--------------------
||||||||||epsilon: 0.1807, buffer size: 61743
||||||||||epsilon: 0.1799, buffer size: 62082
||||||||||epsilon: 0.1791, buffer size: 62398
Target updated!
xxxxxxxxxxxxxxxxxxxxxxxxxxxxxx[ -9. -21.]
[[ 0 21]
 [ 9  0]]
Q-Loss: 0.037756483615582516 || V-Loss: 0.009143343877524425
---EPOCH-54--------------------
||||||||||epsilon: 0.1783, buffer size: 62675
||||||||||epsilon: 0.1775, buffer size: 62981
||||||||||epsilon: 0.1768, buffer size: 63279
xxxxxxxxxxxxxxxxxxxxxxxxxxxxxx[-15. -15.]
[[ 0 15]
 [15  0]]
Q-Loss: 0.042805551149921815 || V-Loss: 0.009516231511498621
---EPOCH-55--------------------
||||||||||epsilon: 0.176, buffer size: 63641
||||||||||epsilon: 0.1752, buffer size: 63958
||||||||||epsilon: 0.1745, buffer size: 64217
Target updated!
xxxxxxxxxxxxxxxxxxxxxxxxxxxxxx[-12. -18.]
[[ 0 18]
 [12  0]]
Q-Loss: 0.042274068630917136 || V-Loss: 0.00917485987678084
---EPOCH-56--------------------
||||||||||epsilon: 0.1737, buffer size: 64509
||||||||||epsilon: 0.173, buffer size: 64791
||||||||||epsilon: 0.1723, buffer size: 65125
xxxxxxxxxxxxxxxxxxxxxxxxxxxxxx[ -8. -22.]
[[ 0 22]
 [ 8  0]]
Q-Loss: 0.045941086995919304 || V-Loss: 0.009745911307520966
---EPOCH-57--------------------
||||||||||epsilon: 0.1716, buffer size: 65430
||||||||||epsilon: 0.1709, buffer size: 65730
||||||||||epsilon: 0.1701, buffer size: 66095
Target updated!
xxxxxxxxxxxxxxxxxxxxxxxxxxxxxx[ -5. -25.]
[[ 0 25]
 [ 5  0]]
Q-Loss: 0.04424248456095266 || V-Loss: 0.009095705373702235
---EPOCH-58--------------------
||||||||||epsilon: 0.1694, buffer size: 66402
||||||||||epsilon: 0.1688, buffer size: 66759
||||||||||epsilon: 0.1681, buffer size: 67021
xxxxxxxxxxxxxxxxxxxxxxxxxxxxxx[-13. -17.]
[[ 0 17]
 [13  0]]
Q-Loss: 0.04438393076895678 || V-Loss: 0.009944363370097433
---EPOCH-59--------------------
||||||||||epsilon: 0.1674, buffer size: 67319
||||||||||epsilon: 0.1667, buffer size: 67660
||||||||||epsilon: 0.1661, buffer size: 67927
Target updated!
xxxxxxxxxxxxxxxxxxxxxxxxxxxxxx[ -3. -27.]
[[ 0 27]
 [ 3  0]]
Q-Loss: 0.04408921929931468 || V-Loss: 0.009597007642630112
---EPOCH-60--------------------
||||||||||epsilon: 0.1654, buffer size: 68231
||||||||||epsilon: 0.1648, buffer size: 68595
||||||||||epsilon: 0.1641, buffer size: 68911
xxxxxxxxxxxxxxxxxxxxxxxxxxxxxx[ -2. -28.]
[[ 0 28]
 [ 2  0]]
Q-Loss: 0.046688220292059664 || V-Loss: 0.008958795588099637
---EPOCH-61--------------------
||||||||||epsilon: 0.1635, buffer size: 69169
||||||||||epsilon: 0.1628, buffer size: 69540
||||||||||epsilon: 0.1622, buffer size: 69897
Target updated!
xxxxxxxxxxxxxxxxxxxxxxxxxxxxxx[ -8. -22.]
[[ 0 22]
 [ 8  0]]
Q-Loss: 0.04550024884339107 || V-Loss: 0.008614822384483783
---EPOCH-62--------------------
||||||||||epsilon: 0.1616, buffer size: 70180
||||||||||epsilon: 0.161, buffer size: 70518
||||||||||epsilon: 0.1604, buffer size: 70749
xxxxxxxxxxxxxxxxxxxxxxxxxxxxxx[-11. -19.]
[[ 0 19]
 [11  0]]
Q-Loss: 0.044314533064269496 || V-Loss: 0.008857531448432463
---EPOCH-63--------------------
||||||||||epsilon: 0.1598, buffer size: 71020
||||||||||epsilon: 0.1592, buffer size: 71320
||||||||||epsilon: 0.1586, buffer size: 71578
Target updated!
xxxxxxxxxxxxxxxxxxxxxxxxxxxxxx[ -9. -21.]
[[ 0 21]
 [ 9  0]]
Q-Loss: 0.04391901743173738 || V-Loss: 0.008583380664428705
---EPOCH-64--------------------
||||||||||epsilon: 0.158, buffer size: 71898
||||||||||epsilon: 0.1574, buffer size: 72166
||||||||||epsilon: 0.1569, buffer size: 72490
xxxxxxxxxxxxxxxxxxxxxxxxxxxxxx[-10. -20.]
[[ 0 20]
 [10  0]]
Q-Loss: 0.044145595444285396 || V-Loss: 0.00941867520627768
---EPOCH-65--------------------
||||||||||epsilon: 0.1563, buffer size: 72748
||||||||||epsilon: 0.1557, buffer size: 73076
||||||||||epsilon: 0.1552, buffer size: 73384
Target updated!
xxxxxxxxxxxxxxxxxxxxxxxxxxxxxx[-10. -20.]
[[ 0 20]
 [10  0]]
Q-Loss: 0.04421762229204511 || V-Loss: 0.009540366732425958
---EPOCH-66--------------------
||||||||||epsilon: 0.1546, buffer size: 73684
||||||||||epsilon: 0.1541, buffer size: 73956
||||||||||epsilon: 0.1535, buffer size: 74285
xxxxxxxxxxxxxxxxxxxxxxxxxxxxxx[-11. -19.]
[[ 0 19]
 [11  0]]
Q-Loss: 0.04954938894121478 || V-Loss: 0.00911367915679527
---EPOCH-67--------------------
||||||||||epsilon: 0.153, buffer size: 74541
||||||||||epsilon: 0.1525, buffer size: 74840
||||||||||epsilon: 0.152, buffer size: 75154
Target updated!
xxxxxxxxxxxxxxxxxxxxxxxxxxxxxx[-13. -17.]
[[ 0 17]
 [13  0]]
Q-Loss: 0.04958940675185819 || V-Loss: 0.008647859008951033
---EPOCH-68--------------------
||||||||||epsilon: 0.1514, buffer size: 75399
||||||||||epsilon: 0.1509, buffer size: 75715
||||||||||epsilon: 0.1504, buffer size: 76031
xxxxxxxxxxxxxxxxxxxxxxxxxxxxxx[ -9. -21.]
[[ 0 21]
 [ 9  0]]
Q-Loss: 0.055955389029022036 || V-Loss: 0.008705235310317416
---EPOCH-69--------------------
||||||||||epsilon: 0.1499, buffer size: 76369
||||||||||epsilon: 0.1494, buffer size: 76699
||||||||||epsilon: 0.1489, buffer size: 76954
Target updated!
xxxxxxxxxxxxxxxxxxxxxxxxxxxxxx[ -8. -22.]
[[ 0 22]
 [ 8  0]]
Q-Loss: 0.05669333318610522 || V-Loss: 0.009109603033138973
---EPOCH-70--------------------
||||||||||epsilon: 0.1484, buffer size: 77250
||||||||||epsilon: 0.148, buffer size: 77585
||||||||||epsilon: 0.1475, buffer size: 77942
xxxxxxxxxxxxxxxxxxxxxxxxxxxxxx[ -7. -23.]
[[ 0 23]
 [ 7  0]]
Q-Loss: 0.06410162806712907 || V-Loss: 0.00944943134810863
---EPOCH-71--------------------
||||||||||epsilon: 0.147, buffer size: 78271
||||||||||epsilon: 0.1465, buffer size: 78587
||||||||||epsilon: 0.1461, buffer size: 78853
Target updated!
xxxxxxxxxxxxxxxxxxxxxxxxxxxxxx[ -6. -24.]
[[ 0 24]
 [ 6  0]]
Q-Loss: 0.06541734041733475 || V-Loss: 0.00989173159509543
---EPOCH-72--------------------
||||||||||epsilon: 0.1456, buffer size: 79163
||||||||||epsilon: 0.1452, buffer size: 79472
||||||||||epsilon: 0.1447, buffer size: 79756
xxxxxxxxxxxxxxxxxxxxxxxxxxxxxx[-15. -15.]
[[ 0 15]
 [15  0]]
Q-Loss: 0.06500194277553681 || V-Loss: 0.009635835244137317
---EPOCH-73--------------------
||||||||||epsilon: 0.1443, buffer size: 80106
||||||||||epsilon: 0.1438, buffer size: 80374
||||||||||epsilon: 0.1434, buffer size: 80629
Target updated!
xxxxxxxxxxxxxxxxxxxxxxxxxxxxxx[-15. -15.]
[[ 0 15]
 [15  0]]
Q-Loss: 0.06488879054977754 || V-Loss: 0.009701395276614032
---EPOCH-74--------------------
||||||||||epsilon: 0.143, buffer size: 80925
||||||||||epsilon: 0.1425, buffer size: 81195
||||||||||epsilon: 0.1421, buffer size: 81478
xxxxxxxxxxxxxxxxxxxxxxxxxxxxxx[-13. -17.]
[[ 0 17]
 [13  0]]
Q-Loss: 0.06825999816316303 || V-Loss: 0.009688242184141764
---EPOCH-75--------------------
||||||||||epsilon: 0.1417, buffer size: 81787
||||||||||epsilon: 0.1413, buffer size: 82047
||||||||||epsilon: 0.1409, buffer size: 82359
Target updated!
xxxxxxxxxxxxxxxxxxxxxxxxxxxxxx[-14. -16.]
[[ 0 16]
 [14  0]]
Q-Loss: 0.066510113906367 || V-Loss: 0.009290571794908093
---EPOCH-76--------------------
||||||||||epsilon: 0.1405, buffer size: 82727
||||||||||epsilon: 0.1401, buffer size: 83004
||||||||||epsilon: 0.1397, buffer size: 83228
xxxxxxxxxxxxxxxxxxxxxxxxxxxxxx[-10. -20.]
[[ 0 20]
 [10  0]]
Q-Loss: 0.06622256740546695 || V-Loss: 0.009919914704964441
---EPOCH-77--------------------
||||||||||epsilon: 0.1393, buffer size: 83526
||||||||||epsilon: 0.1389, buffer size: 83833
||||||||||epsilon: 0.1385, buffer size: 84070
Target updated!
xxxxxxxxxxxxxxxxxxxxxxxxxxxxxx[-10. -20.]
[[ 0 20]
 [10  0]]
Q-Loss: 0.0666747242343468 || V-Loss: 0.009596792120347692
---EPOCH-78--------------------
||||||||||epsilon: 0.1381, buffer size: 84356
||||||||||epsilon: 0.1377, buffer size: 84623
||||||||||epsilon: 0.1373, buffer size: 84988
xxxxxxxxxxxxxxxxxxxxxxxxxxxxxx[-10. -20.]
[[ 0 20]
 [10  0]]
Q-Loss: 0.06281552382127993 || V-Loss: 0.009450301544481768
---EPOCH-79--------------------
||||||||||epsilon: 0.137, buffer size: 85271
||||||||||epsilon: 0.1366, buffer size: 85559
||||||||||epsilon: 0.1362, buffer size: 85902
Target updated!
xxxxxxxxxxxxxxxxxxxxxxxxxxxxxx[-14. -16.]
[[ 0 16]
 [14  0]]
Q-Loss: 0.0632496433862453 || V-Loss: 0.009525050901143483
---EPOCH-80--------------------
||||||||||epsilon: 0.1359, buffer size: 86197
||||||||||epsilon: 0.1355, buffer size: 86506
||||||||||epsilon: 0.1352, buffer size: 86761
xxxxxxxxxxxxxxxxxxxxxxxxxxxxxx[ -6. -24.]
[[ 0 24]
 [ 6  0]]
Q-Loss: 0.05854308480732616 || V-Loss: 0.008905985018390268
---EPOCH-81--------------------
||||||||||epsilon: 0.1348, buffer size: 87007
||||||||||epsilon: 0.1345, buffer size: 87275
||||||||||epsilon: 0.1341, buffer size: 87566
Target updated!
xxxxxxxxxxxxxxxxxxxxxxxxxxxxxx[ -9. -21.]
[[ 0 21]
 [ 9  0]]
Q-Loss: 0.05744664593983894 || V-Loss: 0.008545351777689683
---EPOCH-82--------------------
||||||||||epsilon: 0.1338, buffer size: 87844
||||||||||epsilon: 0.1335, buffer size: 88175
||||||||||epsilon: 0.1331, buffer size: 88467
xxxxxxxxxxxxxxxxxxxxxxxxxxxxxx[ -5. -25.]
[[ 0 25]
 [ 5  0]]
Q-Loss: 0.057925858531825636 || V-Loss: 0.008898407749089262
---EPOCH-83--------------------
||||||||||epsilon: 0.1328, buffer size: 88780
||||||||||epsilon: 0.1325, buffer size: 89099
||||||||||epsilon: 0.1321, buffer size: 89398
Target updated!
xxxxxxxxxxxxxxxxxxxxxxxxxxxxxx[ -7. -23.]
[[ 0 23]
 [ 7  0]]
Q-Loss: 0.05683191945962212 || V-Loss: 0.009056601259113952
---EPOCH-84--------------------
||||||||||epsilon: 0.1318, buffer size: 89688
||||||||||epsilon: 0.1315, buffer size: 90011
||||||||||epsilon: 0.1312, buffer size: 90281
xxxxxxxxxxxxxxxxxxxxxxxxxxxxxx[ -7. -23.]
[[ 0 23]
 [ 7  0]]
Q-Loss: 0.05692804557992868 || V-Loss: 0.008947727961968098
---EPOCH-85--------------------
||||||||||epsilon: 0.1309, buffer size: 90611
||||||||||epsilon: 0.1306, buffer size: 90909
||||||||||epsilon: 0.1303, buffer size: 91198
Target updated!
xxxxxxxxxxxxxxxxxxxxxxxxxxxxxx[-11. -19.]
[[ 0 19]
 [11  0]]
Q-Loss: 0.057558346169620585 || V-Loss: 0.009156782532585518
---EPOCH-86--------------------
||||||||||epsilon: 0.13, buffer size: 91543
||||||||||epsilon: 0.1297, buffer size: 91822
||||||||||epsilon: 0.1294, buffer size: 92063
xxxxxxxxxxxxxxxxxxxxxxxxxxxxxx[-14. -16.]
[[ 0 16]
 [14  0]]
Q-Loss: 0.05691434096166929 || V-Loss: 0.0091856654397315
---EPOCH-87--------------------
||||||||||epsilon: 0.1291, buffer size: 92310
||||||||||epsilon: 0.1288, buffer size: 92560
||||||||||epsilon: 0.1285, buffer size: 92857
Target updated!
xxxxxxxxxxxxxxxxxxxxxxxxxxxxxx[ -9. -21.]
[[ 0 21]
 [ 9  0]]
Q-Loss: 0.05766046644088062 || V-Loss: 0.009401108223374808
---EPOCH-88--------------------
||||||||||epsilon: 0.1282, buffer size: 93142
||||||||||epsilon: 0.1279, buffer size: 93418
||||||||||epsilon: 0.1277, buffer size: 93620
xxxxxxxxxxxxxxxxxxxxxxxxxxxxxx[ -5. -25.]
[[ 0 25]
 [ 5  0]]
Q-Loss: 0.05943021156019425 || V-Loss: 0.009531614904403051
---EPOCH-89--------------------
||||||||||epsilon: 0.1274, buffer size: 93837
||||||||||epsilon: 0.1271, buffer size: 94121
||||||||||epsilon: 0.1268, buffer size: 94369
Target updated!
xxxxxxxxxxxxxxxxxxxxxxxxxxxxxx[ -3. -27.]
[[ 0 27]
 [ 3  0]]
Q-Loss: 0.06117367843869116 || V-Loss: 0.009710455052122874
---EPOCH-90--------------------
||||||||||epsilon: 0.1266, buffer size: 94658
||||||||||epsilon: 0.1263, buffer size: 94948
||||||||||epsilon: 0.1261, buffer size: 95234
xxxxxxxxxxxxxxxxxxxxxxxxxxxxxx[-14. -16.]
[[ 0 16]
 [14  0]]
Q-Loss: 0.058167482209815206 || V-Loss: 0.009881000473714353
---EPOCH-91--------------------
||||||||||epsilon: 0.1258, buffer size: 95555
||||||||||epsilon: 0.1255, buffer size: 95855
||||||||||epsilon: 0.1253, buffer size: 96117
Target updated!
xxxxxxxxxxxxxxxxxxxxxxxxxxxxxx[-10. -20.]
[[ 0 20]
 [10  0]]
Q-Loss: 0.05921726037785746 || V-Loss: 0.009847460682931955
---EPOCH-92--------------------
||||||||||epsilon: 0.125, buffer size: 96407
||||||||||epsilon: 0.1248, buffer size: 96689
||||||||||epsilon: 0.1245, buffer size: 96955
xxxxxxxxxxxxxxxxxxxxxxxxxxxxxx[ -9. -21.]
[[ 0 21]
 [ 9  0]]
Q-Loss: 0.05627684111775165 || V-Loss: 0.009852677132757096
---EPOCH-93--------------------
||||||||||epsilon: 0.1243, buffer size: 97254
||||||||||epsilon: 0.124, buffer size: 97519
||||||||||epsilon: 0.1238, buffer size: 97776
Target updated!
xxxxxxxxxxxxxxxxxxxxxxxxxxxxxx[ -5. -25.]
[[ 0 25]
 [ 5  0]]
Q-Loss: 0.055329139511382276 || V-Loss: 0.009675054723244479
---EPOCH-94--------------------
||||||||||epsilon: 0.1236, buffer size: 98012
||||||||||epsilon: 0.1233, buffer size: 98310
||||||||||epsilon: 0.1231, buffer size: 98593
xxxxxxxxxxxxxxxxxxxxxxxxxxxxxx[ -5. -25.]
[[ 0 25]
 [ 5  0]]
Q-Loss: 0.058122716376719015 || V-Loss: 0.009983014246311619
---EPOCH-95--------------------
||||||||||epsilon: 0.1229, buffer size: 98840
||||||||||epsilon: 0.1226, buffer size: 99055
||||||||||epsilon: 0.1224, buffer size: 99337
Target updated!
xxxxxxxxxxxxxxxxxxxxxxxxxxxxxx[ -9. -21.]
[[ 0 21]
 [ 9  0]]
Q-Loss: 0.05803763753972309 || V-Loss: 0.010128272768541018
---EPOCH-96--------------------
||||||||||epsilon: 0.1222, buffer size: 99618
||||||||||epsilon: 0.122, buffer size: 99905
||||||||||epsilon: 0.1218, buffer size: 100000
xxxxxxxxxxxxxxxxxxxxxxxxxxxxxx[ -8. -22.]
[[ 0 22]
 [ 8  0]]
Q-Loss: 0.04883314688252813 || V-Loss: 0.00886978343185016
---EPOCH-97--------------------
||||||||||epsilon: 0.1215, buffer size: 100000
||||||||||epsilon: 0.1213, buffer size: 100000
||||||||||epsilon: 0.1211, buffer size: 100000
Target updated!
xxxxxxxxxxxxxxxxxxxxxxxxxxxxxx[-10. -20.]
[[ 0 20]
 [10  0]]
Q-Loss: 0.04803309978784195 || V-Loss: 0.008786119797982146
---EPOCH-98--------------------
||||||||||epsilon: 0.1209, buffer size: 100000
||||||||||epsilon: 0.1207, buffer size: 100000
||||||||||epsilon: 0.1205, buffer size: 100000
xxxxxxxxxxxxxxxxxxxxxxxxxxxxxx[ -4. -26.]
[[ 0 26]
 [ 4  0]]
Q-Loss: 0.04928828540196608 || V-Loss: 0.009295256777237094
---EPOCH-99--------------------
||||||||||epsilon: 0.1203, buffer size: 100000
||||||||||epsilon: 0.1201, buffer size: 100000
||||||||||epsilon: 0.1199, buffer size: 100000
Target updated!
xxxxxxxxxxxxxxxxxxxxxxxxxxxxxx[ -6. -24.]
[[ 0 24]
 [ 6  0]]
Q-Loss: 0.05001606206946282 || V-Loss: 0.009380949948413785
---EPOCH-100--------------------
||||||||||epsilon: 0.1197, buffer size: 100000
||||||||||epsilon: 0.1195, buffer size: 100000
||||||||||epsilon: 0.1193, buffer size: 100000
xxxxxxxxxxxxxxxxxxxxxxxxxxxxxx[-13. -17.]
[[ 0 17]
 [13  0]]
Q-Loss: 0.04832329240032416 || V-Loss: 0.009574056007699026
---EPOCH-101--------------------
||||||||||epsilon: 0.1191, buffer size: 100000
||||||||||epsilon: 0.1189, buffer size: 100000
||||||||||epsilon: 0.1187, buffer size: 100000
Target updated!
xxxxxxxxxxxxxxxxxxxxxxxxxxxxxx[-11. -19.]
[[ 0 19]
 [11  0]]
Q-Loss: 0.04805149752108345 || V-Loss: 0.00890520928922846
---EPOCH-102--------------------
||||||||||epsilon: 0.1185, buffer size: 100000
||||||||||epsilon: 0.1184, buffer size: 100000
||||||||||epsilon: 0.1182, buffer size: 100000
xxxxxxxxxxxxxxxxxxxxxxxxxxxxxx[ -5. -25.]
[[ 0 25]
 [ 5  0]]
Q-Loss: 0.04621119859232882 || V-Loss: 0.008809313015718872
---EPOCH-103--------------------
||||||||||epsilon: 0.118, buffer size: 100000
||||||||||epsilon: 0.1178, buffer size: 100000
||||||||||epsilon: 0.1176, buffer size: 100000
Target updated!
xxxxxxxxxxxxxxxxxxxxxxxxxxxxxx[-14. -16.]
[[ 0 16]
 [14  0]]
Q-Loss: 0.04668433151898843 || V-Loss: 0.00894096502568573
---EPOCH-104--------------------
||||||||||epsilon: 0.1175, buffer size: 100000
||||||||||epsilon: 0.1173, buffer size: 100000
||||||||||epsilon: 0.1171, buffer size: 100000
xxxxxxxxxxxxxxxxxxxxxxxxxxxxxx[-10. -20.]
[[ 0 20]
 [10  0]]
Q-Loss: 0.05122695214099383 || V-Loss: 0.009644419870317587
---EPOCH-105--------------------
||||||||||epsilon: 0.1169, buffer size: 100000
||||||||||epsilon: 0.1168, buffer size: 100000
||||||||||epsilon: 0.1166, buffer size: 100000
Target updated!
xxxxxxxxxxxxxxxxxxxxxxxxxxxxxx[ -3. -27.]
[[ 0 27]
 [ 3  0]]
Q-Loss: 0.050750849221212556 || V-Loss: 0.009331248604614801
---EPOCH-106--------------------
||||||||||epsilon: 0.1164, buffer size: 100000
||||||||||epsilon: 0.1163, buffer size: 100000
||||||||||epsilon: 0.1161, buffer size: 100000
xxxxxxxxxxxxxxxxxxxxxxxxxxxxxx[ -8. -22.]
[[ 0 22]
 [ 8  0]]
Q-Loss: 0.05436499162274209 || V-Loss: 0.009749395888521096
---EPOCH-107--------------------
||||||||||epsilon: 0.116, buffer size: 100000
||||||||||epsilon: 0.1158, buffer size: 100000
||||||||||epsilon: 0.1156, buffer size: 100000
Target updated!
xxxxxxxxxxxxxxxxxxxxxxxxxxxxxx[ -4. -26.]
[[ 0 26]
 [ 4  0]]
Q-Loss: 0.05453235403959886 || V-Loss: 0.010175454996434706
---EPOCH-108--------------------
||||||||||epsilon: 0.1155, buffer size: 100000
||||||||||epsilon: 0.1153, buffer size: 100000
||||||||||epsilon: 0.1152, buffer size: 100000
xxxxxxxxxxxxxxxxxxxxxxxxxxxxxx[ -6. -24.]
[[ 0 24]
 [ 6  0]]
Q-Loss: 0.0527716156459359 || V-Loss: 0.0097445575573123
---EPOCH-109--------------------
||||||||||epsilon: 0.115, buffer size: 100000
||||||||||epsilon: 0.1149, buffer size: 100000
||||||||||epsilon: 0.1147, buffer size: 100000
Target updated!
xxxxxxxxxxxxxxxxxxxxxxxxxxxxxx[ -7. -23.]
[[ 0 23]
 [ 7  0]]
Q-Loss: 0.052534404867495665 || V-Loss: 0.009580777805288676
---EPOCH-110--------------------
||||||||||epsilon: 0.1146, buffer size: 100000
||||||||||epsilon: 0.1144, buffer size: 100000
||||||||||epsilon: 0.1143, buffer size: 100000
xxxxxxxxxxxxxxxxxxxxxxxxxxxxxx[ -3. -27.]
[[ 0 27]
 [ 3  0]]
Q-Loss: 0.05327622634414806 || V-Loss: 0.009693453858988028
---EPOCH-111--------------------
||||||||||epsilon: 0.1142, buffer size: 100000
||||||||||epsilon: 0.114, buffer size: 100000
||||||||||epsilon: 0.1139, buffer size: 100000
Target updated!
xxxxxxxxxxxxxxxxxxxxxxxxxxxxxx[ -7. -23.]
[[ 0 23]
 [ 7  0]]
Q-Loss: 0.05351758421414567 || V-Loss: 0.010234360025309478
---EPOCH-112--------------------
||||||||||epsilon: 0.1137, buffer size: 100000
||||||||||epsilon: 0.1136, buffer size: 100000
||||||||||epsilon: 0.1135, buffer size: 100000
xxxxxxxxxxxxxxxxxxxxxxxxxxxxxx[ -9. -21.]
[[ 0 21]
 [ 9  0]]
Q-Loss: 0.05227274648236611 || V-Loss: 0.01022531907189415
---EPOCH-113--------------------
||||||||||epsilon: 0.1133, buffer size: 100000
||||||||||epsilon: 0.1132, buffer size: 100000
||||||||||epsilon: 0.1131, buffer size: 100000
Target updated!
xxxxxxxxxxxxxxxxxxxxxxxxxxxxxx[ -6. -24.]
[[ 0 24]
 [ 6  0]]
Q-Loss: 0.05245373106158488 || V-Loss: 0.010054834957051534
---EPOCH-114--------------------
||||||||||epsilon: 0.1129, buffer size: 100000
||||||||||epsilon: 0.1128, buffer size: 100000
||||||||||epsilon: 0.1127, buffer size: 100000
xxxxxxxxxxxxxxxxxxxxxxxxxxxxxx[ -5. -25.]
[[ 0 25]
 [ 5  0]]
Q-Loss: 0.0508645930583227 || V-Loss: 0.009346126844301817
---EPOCH-115--------------------
||||||||||epsilon: 0.1126, buffer size: 100000
||||||||||epsilon: 0.1124, buffer size: 100000
||||||||||epsilon: 0.1123, buffer size: 100000
Target updated!
xxxxxxxxxxxxxxxxxxxxxxxxxxxxxx[ -5. -25.]
[[ 0 25]
 [ 5  0]]
Q-Loss: 0.050473908504786766 || V-Loss: 0.009622723442476768
---EPOCH-116--------------------
||||||||||epsilon: 0.1122, buffer size: 100000
||||||||||epsilon: 0.1121, buffer size: 100000
||||||||||epsilon: 0.1119, buffer size: 100000
xxxxxxxxxxxxxxxxxxxxxxxxxxxxxx[ -5. -25.]
[[ 0 25]
 [ 5  0]]
Q-Loss: 0.05353229764621955 || V-Loss: 0.00999394545288202
---EPOCH-117--------------------
||||||||||epsilon: 0.1118, buffer size: 100000
||||||||||epsilon: 0.1117, buffer size: 100000
||||||||||epsilon: 0.1116, buffer size: 100000
Target updated!
xxxxxxxxxxxxxxxxxxxxxxxxxxxxxx[ -5. -25.]
[[ 0 25]
 [ 5  0]]
Q-Loss: 0.05255838762968781 || V-Loss: 0.00960917782882902
---EPOCH-118--------------------
||||||||||epsilon: 0.1115, buffer size: 100000
||||||||||epsilon: 0.1114, buffer size: 100000
||||||||||epsilon: 0.1112, buffer size: 100000
xxxxxxxxxxxxxxxxxxxxxxxxxxxxxx[ -3. -27.]
[[ 0 27]
 [ 3  0]]
Q-Loss: 0.05609986145483392 || V-Loss: 0.010392473100132468
---EPOCH-119--------------------
||||||||||epsilon: 0.1111, buffer size: 100000
||||||||||epsilon: 0.111, buffer size: 100000
||||||||||epsilon: 0.1109, buffer size: 100000
Target updated!
xxxxxxxxxxxxxxxxxxxxxxxxxxxxxx[ -5. -25.]
[[ 0 25]
 [ 5  0]]
Q-Loss: 0.0555863444886264 || V-Loss: 0.010603645459897587
---EPOCH-120--------------------
||||||||||epsilon: 0.1108, buffer size: 100000
||||||||||epsilon: 0.1107, buffer size: 100000
||||||||||epsilon: 0.1106, buffer size: 100000
xxxxxxxxxxxxxxxxxxxxxxxxxxxxxx[ -3. -27.]
[[ 0 27]
 [ 3  0]]
Q-Loss: 0.05638793987757985 || V-Loss: 0.010251243298677677
---EPOCH-121--------------------
||||||||||epsilon: 0.1105, buffer size: 100000
||||||||||epsilon: 0.1104, buffer size: 100000
||||||||||epsilon: 0.1103, buffer size: 100000
Target updated!
xxxxxxxxxxxxxxxxxxxxxxxxxxxxxx[ -5. -25.]
[[ 0 25]
 [ 5  0]]
Q-Loss: 0.05524281046099061 || V-Loss: 0.009814085229209601
---EPOCH-122--------------------
||||||||||epsilon: 0.1102, buffer size: 100000
||||||||||epsilon: 0.1101, buffer size: 100000
||||||||||epsilon: 0.11, buffer size: 100000
xxxxxxxxxxxxxxxxxxxxxxxxxxxxxx[ -4. -26.]
[[ 0 26]
 [ 4  0]]
Q-Loss: 0.05590915069964371 || V-Loss: 0.010481478094956594
---EPOCH-123--------------------
||||||||||epsilon: 0.1099, buffer size: 100000
||||||||||epsilon: 0.1098, buffer size: 100000
||||||||||epsilon: 0.1097, buffer size: 100000
Target updated!
xxxxxxxxxxxxxxxxxxxxxxxxxxxxxx[ -5. -25.]
[[ 0 25]
 [ 5  0]]
Q-Loss: 0.05515901324968545 || V-Loss: 0.01045913742335777
---EPOCH-124--------------------
||||||||||epsilon: 0.1096, buffer size: 100000
||||||||||epsilon: 0.1095, buffer size: 100000
||||||||||epsilon: 0.1094, buffer size: 100000
xxxxxxxxxxxxxxxxxxxxxxxxxxxxxx[-10. -20.]
[[ 0 20]
 [10  0]]
Q-Loss: 0.058821028535430524 || V-Loss: 0.010561911112603706
---EPOCH-125--------------------
||||||||||epsilon: 0.1093, buffer size: 100000
||||||||||epsilon: 0.1092, buffer size: 100000
||||||||||epsilon: 0.1091, buffer size: 100000
Target updated!
xxxxxxxxxxxxxxxxxxxxxxxxxxxxxx[ -9. -21.]
[[ 0 21]
 [ 9  0]]
Q-Loss: 0.058815972980212516 || V-Loss: 0.010821032077106881
---EPOCH-126--------------------
||||||||||epsilon: 0.109, buffer size: 100000
||||||||||epsilon: 0.1089, buffer size: 100000
||||||||||epsilon: 0.1088, buffer size: 100000
xxxxxxxxxxxxxxxxxxxxxxxxxxxxxx[ -9. -21.]
[[ 0 21]
 [ 9  0]]
Q-Loss: 0.061630034675149964 || V-Loss: 0.010857489295102513
---EPOCH-127--------------------
||||||||||epsilon: 0.1088, buffer size: 100000
||||||||||epsilon: 0.1087, buffer size: 100000
||||||||||epsilon: 0.1086, buffer size: 100000
Target updated!
xxxxxxxxxxxxxxxxxxxxxxxxxxxxxx[ -6. -24.]
[[ 0 24]
 [ 6  0]]
Q-Loss: 0.06057669770584821 || V-Loss: 0.010759863189445317
---EPOCH-128--------------------
||||||||||epsilon: 0.1085, buffer size: 100000
||||||||||epsilon: 0.1084, buffer size: 100000
||||||||||epsilon: 0.1083, buffer size: 100000
xxxxxxxxxxxxxxxxxxxxxxxxxxxxxx[ -5. -25.]
[[ 0 25]
 [ 5  0]]
Q-Loss: 0.05796074766712464 || V-Loss: 0.010584653553184692
---EPOCH-129--------------------
||||||||||epsilon: 0.1082, buffer size: 100000
||||||||||epsilon: 0.1082, buffer size: 100000
||||||||||epsilon: 0.1081, buffer size: 100000
Target updated!
xxxxxxxxxxxxxxxxxxxxxxxxxxxxxx[-10. -20.]
[[ 0 20]
 [10  0]]
Q-Loss: 0.05746532779516527 || V-Loss: 0.009892874734720248
---EPOCH-130--------------------
||||||||||epsilon: 0.108, buffer size: 100000
||||||||||epsilon: 0.1079, buffer size: 100000
||||||||||epsilon: 0.1078, buffer size: 100000
xxxxxxxxxxxxxxxxxxxxxxxxxxxxxx[ -3. -27.]
[[ 0 27]
 [ 3  0]]
Q-Loss: 0.05894612714820245 || V-Loss: 0.010775704252345971
---EPOCH-131--------------------
||||||||||epsilon: 0.1078, buffer size: 100000
||||||||||epsilon: 0.1077, buffer size: 100000
||||||||||epsilon: 0.1076, buffer size: 100000
Target updated!
xxxxxxxxxxxxxxxxxxxxxxxxxxxxxx[ -8. -22.]
[[ 0 22]
 [ 8  0]]
Q-Loss: 0.059102481260112125 || V-Loss: 0.010991476077977257
---EPOCH-132--------------------
||||||||||epsilon: 0.1075, buffer size: 100000
||||||||||epsilon: 0.1075, buffer size: 100000
||||||||||epsilon: 0.1074, buffer size: 100000
xxxxxxxxxxxxxxxxxxxxxxxxxxxxxx[ -6. -24.]
[[ 0 24]
 [ 6  0]]
Q-Loss: 0.05309020059135795 || V-Loss: 0.0097840177052544
---EPOCH-133--------------------
||||||||||epsilon: 0.1073, buffer size: 100000
||||||||||epsilon: 0.1072, buffer size: 100000
||||||||||epsilon: 0.1072, buffer size: 100000
Target updated!
xxxxxxxxxxxxxxxxxxxxxxxxxxxxxx[ -8. -22.]
[[ 0 22]
 [ 8  0]]
Q-Loss: 0.05401770149326909 || V-Loss: 0.009979144332080999
---EPOCH-134--------------------
||||||||||epsilon: 0.1071, buffer size: 100000
||||||||||epsilon: 0.107, buffer size: 100000
||||||||||epsilon: 0.107, buffer size: 100000
xxxxxxxxxxxxxxxxxxxxxxxxxxxxxx[ -7. -23.]
[[ 0 23]
 [ 7  0]]
Q-Loss: 0.05207156950490118 || V-Loss: 0.009515590040150602
---EPOCH-135--------------------
||||||||||epsilon: 0.1069, buffer size: 100000
||||||||||epsilon: 0.1068, buffer size: 100000
||||||||||epsilon: 0.1067, buffer size: 100000
Target updated!
xxxxxxxxxxxxxxxxxxxxxxxxxxxxxx[ -6. -24.]
[[ 0 24]
 [ 6  0]]
Q-Loss: 0.053082618188957764 || V-Loss: 0.009471892261470867
---EPOCH-136--------------------
||||||||||epsilon: 0.1067, buffer size: 100000
||||||||||epsilon: 0.1066, buffer size: 100000
||||||||||epsilon: 0.1065, buffer size: 100000
xxxxxxxxxxxxxxxxxxxxxxxxxxxxxx[ -1. -29.]
[[ 0 29]
 [ 1  0]]
Q-Loss: 0.05983155308487942 || V-Loss: 0.010656230678627528
---EPOCH-137--------------------
||||||||||epsilon: 0.1065, buffer size: 100000
||||||||||epsilon: 0.1064, buffer size: 100000
||||||||||epsilon: 0.1064, buffer size: 100000
Target updated!
xxxxxxxxxxxxxxxxxxxxxxxxxxxxxx[ -8. -22.]
[[ 0 22]
 [ 8  0]]
Q-Loss: 0.05947900988932882 || V-Loss: 0.010321024252591024
---EPOCH-138--------------------
||||||||||epsilon: 0.1063, buffer size: 100000
||||||||||epsilon: 0.1062, buffer size: 100000
||||||||||epsilon: 0.1062, buffer size: 100000
xxxxxxxxxxxxxxxxxxxxxxxxxxxxxx[-10. -20.]
[[ 0 20]
 [10  0]]
Q-Loss: 0.060150083544295935 || V-Loss: 0.01021139966372102
---EPOCH-139--------------------
||||||||||epsilon: 0.1061, buffer size: 100000
||||||||||epsilon: 0.106, buffer size: 100000
||||||||||epsilon: 0.106, buffer size: 100000
Target updated!
xxxxxxxxxxxxxxxxxxxxxxxxxxxxxx[ -4. -26.]
[[ 0 26]
 [ 4  0]]
Q-Loss: 0.059963650662608364 || V-Loss: 0.010256550137948085
---EPOCH-140--------------------
||||||||||epsilon: 0.1059, buffer size: 100000
||||||||||epsilon: 0.1059, buffer size: 100000
||||||||||epsilon: 0.1058, buffer size: 100000
xxxxxxxxxxxxxxxxxxxxxxxxxxxxxx[ -8. -22.]
[[ 0 22]
 [ 8  0]]
Q-Loss: 0.059293100809084294 || V-Loss: 0.010264170909067616
---EPOCH-141--------------------
||||||||||epsilon: 0.1058, buffer size: 100000
||||||||||epsilon: 0.1057, buffer size: 100000
||||||||||epsilon: 0.1056, buffer size: 100000
Target updated!
xxxxxxxxxxxxxxxxxxxxxxxxxxxxxx[ -7. -23.]
[[ 0 23]
 [ 7  0]]
Q-Loss: 0.05952369417311879 || V-Loss: 0.010280758145341509
---EPOCH-142--------------------
||||||||||epsilon: 0.1056, buffer size: 100000
||||||||||epsilon: 0.1055, buffer size: 100000
||||||||||epsilon: 0.1055, buffer size: 100000
xxxxxxxxxxxxxxxxxxxxxxxxxxxxxx[ -7. -23.]
[[ 0 23]
 [ 7  0]]
Q-Loss: 0.06431421957569745 || V-Loss: 0.010882763742569728
---EPOCH-143--------------------
||||||||||epsilon: 0.1054, buffer size: 100000
||||||||||epsilon: 0.1054, buffer size: 100000
||||||||||epsilon: 0.1053, buffer size: 100000
Target updated!
xxxxxxxxxxxxxxxxxxxxxxxxxxxxxx[ -7. -23.]
[[ 0 23]
 [ 7  0]]
Q-Loss: 0.06434736178569975 || V-Loss: 0.011358875445665927
---EPOCH-144--------------------
||||||||||epsilon: 0.1053, buffer size: 100000
||||||||||epsilon: 0.1052, buffer size: 100000
||||||||||epsilon: 0.1052, buffer size: 100000
xxxxxxxxxxxxxxxxxxxxxxxxxxxxxx[ -6. -24.]
[[ 0 24]
 [ 6  0]]
Q-Loss: 0.06147233659424626 || V-Loss: 0.01048400154056352
---EPOCH-145--------------------
||||||||||epsilon: 0.1051, buffer size: 100000
||||||||||epsilon: 0.105, buffer size: 100000
||||||||||epsilon: 0.105, buffer size: 100000
Target updated!
xxxxxxxxxxxxxxxxxxxxxxxxxxxxxx[ -7. -23.]
[[ 0 23]
 [ 7  0]]
Q-Loss: 0.06328547020031489 || V-Loss: 0.01059869322441234
---EPOCH-146--------------------
||||||||||epsilon: 0.1049, buffer size: 100000
||||||||||epsilon: 0.1049, buffer size: 100000
||||||||||epsilon: 0.1049, buffer size: 100000
xxxxxxxxxxxxxxxxxxxxxxxxxxxxxx[ -3. -27.]
[[ 0 27]
 [ 3  0]]
Q-Loss: 0.06700018297893427 || V-Loss: 0.011068566096058129
---EPOCH-147--------------------
||||||||||epsilon: 0.1048, buffer size: 100000
||||||||||epsilon: 0.1048, buffer size: 100000
||||||||||epsilon: 0.1047, buffer size: 100000
Target updated!
xxxxxxxxxxxxxxxxxxxxxxxxxxxxxx[ -6. -24.]
[[ 0 24]
 [ 6  0]]
Q-Loss: 0.06719251311014864 || V-Loss: 0.011196227808961392
---EPOCH-148--------------------
||||||||||epsilon: 0.1047, buffer size: 100000
||||||||||epsilon: 0.1046, buffer size: 100000
||||||||||epsilon: 0.1046, buffer size: 100000
xxxxxxxxxxxxxxxxxxxxxxxxxxxxxx[ -2. -28.]
[[ 0 28]
 [ 2  0]]
Q-Loss: 0.06702939110691664 || V-Loss: 0.011086599117455374
---EPOCH-149--------------------
||||||||||epsilon: 0.1045, buffer size: 100000
||||||||||epsilon: 0.1045, buffer size: 100000
||||||||||epsilon: 0.1044, buffer size: 100000
Target updated!
xxxxxxxxxxxxxxxxxxxxxxxxxxxxxx[ -9. -21.]
[[ 0 21]
 [ 9  0]]
Q-Loss: 0.06654297565599947 || V-Loss: 0.011287558879248013
---EPOCH-150--------------------
||||||||||epsilon: 0.1044, buffer size: 100000
||||||||||epsilon: 0.1043, buffer size: 100000
||||||||||epsilon: 0.1043, buffer size: 100000
xxxxxxxxxxxxxxxxxxxxxxxxxxxxxx[ -6. -24.]
[[ 0 24]
 [ 6  0]]
Q-Loss: 0.06398369697290168 || V-Loss: 0.010822109503730148
---EPOCH-151--------------------
||||||||||epsilon: 0.1043, buffer size: 100000
||||||||||epsilon: 0.1042, buffer size: 100000
||||||||||epsilon: 0.1042, buffer size: 100000
Target updated!
xxxxxxxxxxxxxxxxxxxxxxxxxxxxxx[ -5. -25.]
[[ 0 25]
 [ 5  0]]
Q-Loss: 0.06269606671188599 || V-Loss: 0.010599183591134178
---EPOCH-152--------------------
||||||||||epsilon: 0.1041, buffer size: 100000
||||||||||epsilon: 0.1041, buffer size: 100000
||||||||||epsilon: 0.1041, buffer size: 100000
xxxxxxxxxxxxxxxxxxxxxxxxxxxxxx[ -6. -24.]
[[ 0 24]
 [ 6  0]]
Q-Loss: 0.06265546422700581 || V-Loss: 0.010709894077057537
---EPOCH-153--------------------
||||||||||epsilon: 0.104, buffer size: 100000
||||||||||epsilon: 0.104, buffer size: 100000
||||||||||epsilon: 0.1039, buffer size: 100000
Target updated!
xxxxxxxxxxxxxxxxxxxxxxxxxxxxxx[ -5. -25.]
[[ 0 25]
 [ 5  0]]
Q-Loss: 0.06256827612180767 || V-Loss: 0.010676908376111365
---EPOCH-154--------------------
||||||||||epsilon: 0.1039, buffer size: 100000
||||||||||epsilon: 0.1039, buffer size: 100000
||||||||||epsilon: 0.1038, buffer size: 100000
xxxxxxxxxxxxxxxxxxxxxxxxxxxxxx[ -4. -26.]
[[ 0 26]
 [ 4  0]]
Q-Loss: 0.06333069620239071 || V-Loss: 0.01092732920059476
---EPOCH-155--------------------
||||||||||epsilon: 0.1038, buffer size: 100000
||||||||||epsilon: 0.1037, buffer size: 100000
||||||||||epsilon: 0.1037, buffer size: 100000
Target updated!
xxxxxxxxxxxxxxxxxxxxxxxxxxxxxx[ -2. -28.]
[[ 0 28]
 [ 2  0]]
Q-Loss: 0.06289805357819454 || V-Loss: 0.01070835437423673
---EPOCH-156--------------------
||||||||||epsilon: 0.1037, buffer size: 100000
||||||||||epsilon: 0.1036, buffer size: 100000
||||||||||epsilon: 0.1036, buffer size: 100000
xxxxxxxxxxxxxxxxxxxxxxxxxxxxxx[ -5. -25.]
[[ 0 25]
 [ 5  0]]
Q-Loss: 0.06648500903939045 || V-Loss: 0.011285649596380521
---EPOCH-157--------------------
||||||||||epsilon: 0.1036, buffer size: 100000
||||||||||epsilon: 0.1035, buffer size: 100000
||||||||||epsilon: 0.1035, buffer size: 100000
Target updated!
xxxxxxxxxxxxxxxxxxxxxxxxxxxxxx[ -4. -26.]
[[ 0 26]
 [ 4  0]]
Q-Loss: 0.06694110807409323 || V-Loss: 0.011217788781448851
---EPOCH-158--------------------
||||||||||epsilon: 0.1035, buffer size: 100000
||||||||||epsilon: 0.1034, buffer size: 100000
||||||||||epsilon: 0.1034, buffer size: 100000
xxxxxxxxxxxxxxxxxxxxxxxxxxxxxx[ -4. -26.]
[[ 0 26]
 [ 4  0]]
Q-Loss: 0.06346735383166557 || V-Loss: 0.011201160460210963
---EPOCH-159--------------------
||||||||||epsilon: 0.1034, buffer size: 100000
||||||||||epsilon: 0.1033, buffer size: 100000
||||||||||epsilon: 0.1033, buffer size: 100000
Target updated!
xxxxxxxxxxxxxxxxxxxxxxxxxxxxxx[ -3. -27.]
[[ 0 27]
 [ 3  0]]
Q-Loss: 0.0637082476309979 || V-Loss: 0.01148509941904429
---EPOCH-160--------------------
||||||||||epsilon: 0.1033, buffer size: 100000
||||||||||epsilon: 0.1032, buffer size: 100000
||||||||||epsilon: 0.1032, buffer size: 100000
xxxxxxxxxxxxxxxxxxxxxxxxxxxxxx[ -5. -25.]
[[ 0 25]
 [ 5  0]]
Q-Loss: 0.05656087757295618 || V-Loss: 0.01009069015198909
---EPOCH-161--------------------
||||||||||epsilon: 0.1032, buffer size: 100000
||||||||||epsilon: 0.1031, buffer size: 100000
||||||||||epsilon: 0.1031, buffer size: 100000
Target updated!
xxxxxxxxxxxxxxxxxxxxxxxxxxxxxx[ -4. -26.]
[[ 0 26]
 [ 4  0]]
Q-Loss: 0.056008020878479586 || V-Loss: 0.009807019108350256
---EPOCH-162--------------------
||||||||||epsilon: 0.1031, buffer size: 100000
|||||||