|||||||||||||||||||||||||||||||||||||||||||||||||||||||||||||||||||||||||||||||||||||||||||||||||||||||||||||||||||||||||||||||||||||||||||||||||||||||||||||||||||||||||||||||||||||||||||||||||||||||||||||||||||||||||||||||||||||||||||||||||||||||||||||||||||||||||||||||||||||||||||||||||||||||||||||||||||||||||||||||||||||||---EPOCH-0--------------------
||||||||||epsilon: 0.496, buffer size: 10345
||||||||||epsilon: 0.4921, buffer size: 10643
||||||||||epsilon: 0.4882, buffer size: 10988
xxxxxxxxxxxxxxxxxxxxxxxxxxxxxx[-20. -10.]
[[ 0 10]
 [20  0]]
Q-Loss: 0.04171202637920022 || V-Loss: 0.02449571771397707
---EPOCH-1--------------------
||||||||||epsilon: 0.4843, buffer size: 11304
||||||||||epsilon: 0.4805, buffer size: 11654
||||||||||epsilon: 0.4767, buffer size: 11946
Target updated!
xxxxxxxxxxxxxxxxxxxxxxxxxxxxxx[ -6. -24.]
[[ 0 24]
 [ 6  0]]
Q-Loss: 0.02526897958592044 || V-Loss: 0.01413304875528077
---EPOCH-2--------------------
||||||||||epsilon: 0.4729, buffer size: 12276
||||||||||epsilon: 0.4692, buffer size: 12587
||||||||||epsilon: 0.4656, buffer size: 12885
xxxxxxxxxxxxxxxxxxxxxxxxxxxxxx[-20. -10.]
[[ 0 10]
 [20  0]]
Q-Loss: 0.02013342843292301 || V-Loss: 0.01311570692438889
---EPOCH-3--------------------
||||||||||epsilon: 0.4619, buffer size: 13215
||||||||||epsilon: 0.4583, buffer size: 13526
||||||||||epsilon: 0.4547, buffer size: 13838
Target updated!
xxxxxxxxxxxxxxxxxxxxxxxxxxxxxx[-14. -16.]
[[ 0 16]
 [14  0]]
Q-Loss: 0.017799499897752452 || V-Loss: 0.012178114746181782
---EPOCH-4--------------------
||||||||||epsilon: 0.4512, buffer size: 14143
||||||||||epsilon: 0.4477, buffer size: 14429
||||||||||epsilon: 0.4443, buffer size: 14801
xxxxxxxxxxxxxxxxxxxxxxxxxxxxxx[ -9. -21.]
[[ 0 21]
 [ 9  0]]
Q-Loss: 0.016527159465047896 || V-Loss: 0.012183415040477107
---EPOCH-5--------------------
||||||||||epsilon: 0.4408, buffer size: 15087
||||||||||epsilon: 0.4374, buffer size: 15362
||||||||||epsilon: 0.4341, buffer size: 15663
Target updated!
xxxxxxxxxxxxxxxxxxxxxxxxxxxxxx[-12. -18.]
[[ 0 18]
 [12  0]]
Q-Loss: 0.015883023398293596 || V-Loss: 0.011843257197726982
---EPOCH-6--------------------
||||||||||epsilon: 0.4308, buffer size: 15955
||||||||||epsilon: 0.4275, buffer size: 16224
||||||||||epsilon: 0.4242, buffer size: 16476
xxxxxxxxxxxxxxxxxxxxxxxxxxxxxx[-12. -18.]
[[ 0 18]
 [12  0]]
Q-Loss: 0.015556102089773293 || V-Loss: 0.010777250996094027
---EPOCH-7--------------------
||||||||||epsilon: 0.421, buffer size: 16846
||||||||||epsilon: 0.4178, buffer size: 17168
||||||||||epsilon: 0.4146, buffer size: 17479
Target updated!
xxxxxxxxxxxxxxxxxxxxxxxxxxxxxx[-15. -15.]
[[ 0 15]
 [15  0]]
Q-Loss: 0.015666655286336238 || V-Loss: 0.010896499686218813
---EPOCH-8--------------------
||||||||||epsilon: 0.4115, buffer size: 17796
||||||||||epsilon: 0.4084, buffer size: 18117
||||||||||epsilon: 0.4053, buffer size: 18438
xxxxxxxxxxxxxxxxxxxxxxxxxxxxxx[ -9. -21.]
[[ 0 21]
 [ 9  0]]
Q-Loss: 0.017765447822231134 || V-Loss: 0.010285292895753674
---EPOCH-9--------------------
||||||||||epsilon: 0.4023, buffer size: 18734
||||||||||epsilon: 0.3993, buffer size: 19056
||||||||||epsilon: 0.3963, buffer size: 19320
Target updated!
xxxxxxxxxxxxxxxxxxxxxxxxxxxxxx[-14. -16.]
[[ 0 16]
 [14  0]]
Q-Loss: 0.017416312419944232 || V-Loss: 0.00995030790929218
---EPOCH-10--------------------
||||||||||epsilon: 0.3933, buffer size: 19614
||||||||||epsilon: 0.3904, buffer size: 19883
||||||||||epsilon: 0.3875, buffer size: 20176
xxxxxxxxxxxxxxxxxxxxxxxxxxxxxx[-11. -19.]
[[ 0 19]
 [11  0]]
Q-Loss: 0.018996392463430257 || V-Loss: 0.01049943915146788
---EPOCH-11--------------------
||||||||||epsilon: 0.3847, buffer size: 20489
||||||||||epsilon: 0.3818, buffer size: 20834
||||||||||epsilon: 0.379, buffer size: 21151
Target updated!
xxxxxxxxxxxxxxxxxxxxxxxxxxxxxx[-12. -18.]
[[ 0 18]
 [12  0]]
Q-Loss: 0.018915580001644693 || V-Loss: 0.010034756517363273
---EPOCH-12--------------------
||||||||||epsilon: 0.3762, buffer size: 21440
||||||||||epsilon: 0.3735, buffer size: 21783
||||||||||epsilon: 0.3708, buffer size: 22073
xxxxxxxxxxxxxxxxxxxxxxxxxxxxxx[-17. -13.]
[[ 0 13]
 [17  0]]
Q-Loss: 0.01987122379562115 || V-Loss: 0.010042263931977059
---EPOCH-13--------------------
||||||||||epsilon: 0.3681, buffer size: 22393
||||||||||epsilon: 0.3654, buffer size: 22706
||||||||||epsilon: 0.3628, buffer size: 23033
Target updated!
xxxxxxxxxxxxxxxxxxxxxxxxxxxxxx[ -9. -21.]
[[ 0 21]
 [ 9  0]]
Q-Loss: 0.01920650040601218 || V-Loss: 0.009378789617564784
---EPOCH-14--------------------
||||||||||epsilon: 0.3601, buffer size: 23292
||||||||||epsilon: 0.3576, buffer size: 23604
||||||||||epsilon: 0.355, buffer size: 23949
xxxxxxxxxxxxxxxxxxxxxxxxxxxxxx[ -8. -22.]
[[ 0 22]
 [ 8  0]]
Q-Loss: 0.020687403165097755 || V-Loss: 0.010051982304120792
---EPOCH-15--------------------
||||||||||epsilon: 0.3525, buffer size: 24265
||||||||||epsilon: 0.3499, buffer size: 24590
||||||||||epsilon: 0.3475, buffer size: 24883
Target updated!
xxxxxxxxxxxxxxxxxxxxxxxxxxxxxx[-12. -18.]
[[ 0 18]
 [12  0]]
Q-Loss: 0.020177127588717904 || V-Loss: 0.009923824610499864
---EPOCH-16--------------------
||||||||||epsilon: 0.345, buffer size: 25219
||||||||||epsilon: 0.3426, buffer size: 25481
||||||||||epsilon: 0.3401, buffer size: 25723
xxxxxxxxxxxxxxxxxxxxxxxxxxxxxx[-11. -19.]
[[ 0 19]
 [11  0]]
Q-Loss: 0.02257297099234162 || V-Loss: 0.009637302080584902
---EPOCH-17--------------------
||||||||||epsilon: 0.3377, buffer size: 25988
||||||||||epsilon: 0.3354, buffer size: 26296
||||||||||epsilon: 0.333, buffer size: 26557
Target updated!
xxxxxxxxxxxxxxxxxxxxxxxxxxxxxx[-12. -18.]
[[ 0 18]
 [12  0]]
Q-Loss: 0.022751901609018518 || V-Loss: 0.009675244635354028
---EPOCH-18--------------------
||||||||||epsilon: 0.3307, buffer size: 26860
||||||||||epsilon: 0.3284, buffer size: 27213
||||||||||epsilon: 0.3261, buffer size: 27552
xxxxxxxxxxxxxxxxxxxxxxxxxxxxxx[-16. -14.]
[[ 0 14]
 [16  0]]
Q-Loss: 0.02781384369306575 || V-Loss: 0.010670701043784927
---EPOCH-19--------------------
||||||||||epsilon: 0.3239, buffer size: 27896
||||||||||epsilon: 0.3217, buffer size: 28249
||||||||||epsilon: 0.3195, buffer size: 28577
Target updated!
xxxxxxxxxxxxxxxxxxxxxxxxxxxxxx[-16. -14.]
[[ 0 14]
 [16  0]]
Q-Loss: 0.027252507760316912 || V-Loss: 0.010028177954116117
---EPOCH-20--------------------
||||||||||epsilon: 0.3173, buffer size: 28914
||||||||||epsilon: 0.3151, buffer size: 29218
||||||||||epsilon: 0.313, buffer size: 29537
xxxxxxxxxxxxxxxxxxxxxxxxxxxxxx[ -9. -21.]
[[ 0 21]
 [ 9  0]]
Q-Loss: 0.028378838718359934 || V-Loss: 0.01010983181678084
---EPOCH-21--------------------
||||||||||epsilon: 0.3108, buffer size: 29949
||||||||||epsilon: 0.3088, buffer size: 30258
||||||||||epsilon: 0.3067, buffer size: 30498
Target updated!
xxxxxxxxxxxxxxxxxxxxxxxxxxxxxx[-10. -20.]
[[ 0 20]
 [10  0]]
Q-Loss: 0.027824962457523115 || V-Loss: 0.009896856363598773
---EPOCH-22--------------------
||||||||||epsilon: 0.3046, buffer size: 30854
||||||||||epsilon: 0.3026, buffer size: 31146
||||||||||epsilon: 0.3006, buffer size: 31481
xxxxxxxxxxxxxxxxxxxxxxxxxxxxxx[-10. -20.]
[[ 0 20]
 [10  0]]
Q-Loss: 0.029681748168780258 || V-Loss: 0.010340358444441436
---EPOCH-23--------------------
||||||||||epsilon: 0.2986, buffer size: 31747
||||||||||epsilon: 0.2966, buffer size: 32012
||||||||||epsilon: 0.2946, buffer size: 32324
Target updated!
xxxxxxxxxxxxxxxxxxxxxxxxxxxxxx[ -9. -21.]
[[ 0 21]
 [ 9  0]]
Q-Loss: 0.02902730736065082 || V-Loss: 0.010208518666280371
---EPOCH-24--------------------
||||||||||epsilon: 0.2927, buffer size: 32669
||||||||||epsilon: 0.2908, buffer size: 33008
||||||||||epsilon: 0.2889, buffer size: 33311
xxxxxxxxxxxxxxxxxxxxxxxxxxxxxx[ -8. -22.]
[[ 0 22]
 [ 8  0]]
Q-Loss: 0.03455005730155635 || V-Loss: 0.010116055565926015
---EPOCH-25--------------------
||||||||||epsilon: 0.287, buffer size: 33615
||||||||||epsilon: 0.2851, buffer size: 33863
||||||||||epsilon: 0.2833, buffer size: 34155
Target updated!
xxxxxxxxxxxxxxxxxxxxxxxxxxxxxx[ -5. -25.]
[[ 0 25]
 [ 5  0]]
Q-Loss: 0.03434134062453581 || V-Loss: 0.010469780828902786
---EPOCH-26--------------------
||||||||||epsilon: 0.2815, buffer size: 34437
||||||||||epsilon: 0.2797, buffer size: 34761
||||||||||epsilon: 0.2779, buffer size: 35113
xxxxxxxxxxxxxxxxxxxxxxxxxxxxxx[-12. -18.]
[[ 0 18]
 [12  0]]
Q-Loss: 0.03675214462213401 || V-Loss: 0.009922861458320503
---EPOCH-27--------------------
||||||||||epsilon: 0.2761, buffer size: 35454
||||||||||epsilon: 0.2743, buffer size: 35749
||||||||||epsilon: 0.2726, buffer size: 35992
Target updated!
xxxxxxxxxxxxxxxxxxxxxxxxxxxxxx[ -8. -22.]
[[ 0 22]
 [ 8  0]]
Q-Loss: 0.037278716762512584 || V-Loss: 0.010235635421605296
---EPOCH-28--------------------
||||||||||epsilon: 0.2709, buffer size: 36312
||||||||||epsilon: 0.2692, buffer size: 36608
||||||||||epsilon: 0.2675, buffer size: 36870
xxxxxxxxxxxxxxxxxxxxxxxxxxxxxx[-10. -20.]
[[ 0 20]
 [10  0]]
Q-Loss: 0.03973240743680826 || V-Loss: 0.010335054017303382
---EPOCH-29--------------------
||||||||||epsilon: 0.2658, buffer size: 37177
||||||||||epsilon: 0.2642, buffer size: 37478
||||||||||epsilon: 0.2626, buffer size: 37797
Target updated!
xxxxxxxxxxxxxxxxxxxxxxxxxxxxxx[ -4. -26.]
[[ 0 26]
 [ 4  0]]
Q-Loss: 0.03902716982339236 || V-Loss: 0.010087167037584421
---EPOCH-30--------------------
||||||||||epsilon: 0.2609, buffer size: 38105
||||||||||epsilon: 0.2593, buffer size: 38403
||||||||||epsilon: 0.2577, buffer size: 38747
xxxxxxxxxxxxxxxxxxxxxxxxxxxxxx[ -9. -21.]
[[ 0 21]
 [ 9  0]]
Q-Loss: 0.05009860481628829 || V-Loss: 0.01129756367941746
---EPOCH-31--------------------
||||||||||epsilon: 0.2562, buffer size: 39036
||||||||||epsilon: 0.2546, buffer size: 39300
||||||||||epsilon: 0.2531, buffer size: 39624
Target updated!
xxxxxxxxxxxxxxxxxxxxxxxxxxxxxx[-10. -20.]
[[ 0 20]
 [10  0]]
Q-Loss: 0.04944745099868397 || V-Loss: 0.011109507026655294
---EPOCH-32--------------------
||||||||||epsilon: 0.2516, buffer size: 39965
||||||||||epsilon: 0.2501, buffer size: 40306
||||||||||epsilon: 0.2486, buffer size: 40644
xxxxxxxxxxxxxxxxxxxxxxxxxxxxxx[ -5. -25.]
[[ 0 25]
 [ 5  0]]
Q-Loss: 0.0528008525410941 || V-Loss: 0.011869034127796559
---EPOCH-33--------------------
||||||||||epsilon: 0.2471, buffer size: 40978
||||||||||epsilon: 0.2456, buffer size: 41250
||||||||||epsilon: 0.2442, buffer size: 41571
Target updated!
xxxxxxxxxxxxxxxxxxxxxxxxxxxxxx[ -8. -22.]
[[ 0 22]
 [ 8  0]]
Q-Loss: 0.05268498789818533 || V-Loss: 0.011974140965516534
---EPOCH-34--------------------
||||||||||epsilon: 0.2427, buffer size: 41895
||||||||||epsilon: 0.2413, buffer size: 42198
||||||||||epsilon: 0.2399, buffer size: 42427
xxxxxxxxxxxxxxxxxxxxxxxxxxxxxx[ -7. -23.]
[[ 0 23]
 [ 7  0]]
Q-Loss: 0.05886379927010515 || V-Loss: 0.012699477004116909
---EPOCH-35--------------------
||||||||||epsilon: 0.2385, buffer size: 42788
||||||||||epsilon: 0.2371, buffer size: 43074
||||||||||epsilon: 0.2358, buffer size: 43369
Target updated!
xxxxxxxxxxxxxxxxxxxxxxxxxxxxxx[ -2. -28.]
[[ 0 28]
 [ 2  0]]
Q-Loss: 0.05819449453231169 || V-Loss: 0.012184559525589323
---EPOCH-36--------------------
||||||||||epsilon: 0.2344, buffer size: 43735
||||||||||epsilon: 0.2331, buffer size: 44115
||||||||||epsilon: 0.2318, buffer size: 44481
xxxxxxxxxxxxxxxxxxxxxxxxxxxxxx[-11. -19.]
[[ 0 19]
 [11  0]]
Q-Loss: 0.06329707905929045 || V-Loss: 0.01300013855603107
---EPOCH-37--------------------
||||||||||epsilon: 0.2304, buffer size: 44801
||||||||||epsilon: 0.2291, buffer size: 45119
||||||||||epsilon: 0.2279, buffer size: 45429
Target updated!
xxxxxxxxxxxxxxxxxxxxxxxxxxxxxx[-12. -18.]
[[ 0 18]
 [12  0]]
Q-Loss: 0.062147240572470966 || V-Loss: 0.012302154733941346
---EPOCH-38--------------------
||||||||||epsilon: 0.2266, buffer size: 45733
||||||||||epsilon: 0.2253, buffer size: 46054
||||||||||epsilon: 0.2241, buffer size: 46345
xxxxxxxxxxxxxxxxxxxxxxxxxxxxxx[ -8. -22.]
[[ 0 22]
 [ 8  0]]
Q-Loss: 0.06299570923520115 || V-Loss: 0.01223197411947154
---EPOCH-39--------------------
||||||||||epsilon: 0.2228, buffer size: 46665
||||||||||epsilon: 0.2216, buffer size: 46987
||||||||||epsilon: 0.2204, buffer size: 47313
Target updated!
xxxxxxxxxxxxxxxxxxxxxxxxxxxxxx[ -6. -24.]
[[ 0 24]
 [ 6  0]]
Q-Loss: 0.062009576611243684 || V-Loss: 0.012257400683908666
---EPOCH-40--------------------
||||||||||epsilon: 0.2192, buffer size: 47651
||||||||||epsilon: 0.218, buffer size: 47912
||||||||||epsilon: 0.2168, buffer size: 48223
xxxxxxxxxxxxxxxxxxxxxxxxxxxxxx[ -4. -26.]
[[ 0 26]
 [ 4  0]]
Q-Loss: 0.06032640209889708 || V-Loss: 0.01198779636453352
---EPOCH-41--------------------
||||||||||epsilon: 0.2157, buffer size: 48593
||||||||||epsilon: 0.2145, buffer size: 48898
||||||||||epsilon: 0.2134, buffer size: 49220
Target updated!
xxxxxxxxxxxxxxxxxxxxxxxxxxxxxx[-11. -19.]
[[ 0 19]
 [11  0]]
Q-Loss: 0.0614314031861723 || V-Loss: 0.011941534737125045
---EPOCH-42--------------------
||||||||||epsilon: 0.2123, buffer size: 49552
||||||||||epsilon: 0.2111, buffer size: 49831
||||||||||epsilon: 0.21, buffer size: 50054
xxxxxxxxxxxxxxxxxxxxxxxxxxxxxx[ -4. -26.]
[[ 0 26]
 [ 4  0]]
Q-Loss: 0.06554482733634154 || V-Loss: 0.013345980088194452
---EPOCH-43--------------------
||||||||||epsilon: 0.2089, buffer size: 50410
||||||||||epsilon: 0.2079, buffer size: 50784
||||||||||epsilon: 0.2068, buffer size: 51180
Target updated!
xxxxxxxxxxxxxxxxxxxxxxxxxxxxxx[ -7. -23.]
[[ 0 23]
 [ 7  0]]
Q-Loss: 0.06724753047335513 || V-Loss: 0.01361223286149063
---EPOCH-44--------------------
||||||||||epsilon: 0.2057, buffer size: 51573
||||||||||epsilon: 0.2047, buffer size: 51902
||||||||||epsilon: 0.2036, buffer size: 52136
xxxxxxxxxxxxxxxxxxxxxxxxxxxxxx[ -2. -28.]
[[ 0 28]
 [ 2  0]]
Q-Loss: 0.07479204147139273 || V-Loss: 0.012904816481811038
---EPOCH-45--------------------
||||||||||epsilon: 0.2026, buffer size: 52391
||||||||||epsilon: 0.2016, buffer size: 52717
||||||||||epsilon: 0.2006, buffer size: 53012
Target updated!
xxxxxxxxxxxxxxxxxxxxxxxxxxxxxx[ -7. -23.]
[[ 0 23]
 [ 7  0]]
Q-Loss: 0.07365324710216894 || V-Loss: 0.012755840983357554
---EPOCH-46--------------------
||||||||||epsilon: 0.1996, buffer size: 53334
||||||||||epsilon: 0.1986, buffer size: 53636
||||||||||epsilon: 0.1976, buffer size: 53915
xxxxxxxxxxxxxxxxxxxxxxxxxxxxxx[ -6. -24.]
[[ 0 24]
 [ 6  0]]
Q-Loss: 0.08718934782762365 || V-Loss: 0.014116601159243864
---EPOCH-47--------------------
||||||||||epsilon: 0.1966, buffer size: 54245
||||||||||epsilon: 0.1957, buffer size: 54538
||||||||||epsilon: 0.1947, buffer size: 54838
Target updated!
xxxxxxxxxxxxxxxxxxxxxxxxxxxxxx[-11. -19.]
[[ 0 19]
 [11  0]]
Q-Loss: 0.08602200756550475 || V-Loss: 0.013983022532756281
---EPOCH-48--------------------
||||||||||epsilon: 0.1938, buffer size: 55088
||||||||||epsilon: 0.1928, buffer size: 55387
||||||||||epsilon: 0.1919, buffer size: 55729
xxxxxxxxxxxxxxxxxxxxxxxxxxxxxx[-10. -20.]
[[ 0 20]
 [10  0]]
Q-Loss: 0.10505956357432115 || V-Loss: 0.015249663298090885
---EPOCH-49--------------------
||||||||||epsilon: 0.191, buffer size: 56015
||||||||||epsilon: 0.1901, buffer size: 56335
||||||||||epsilon: 0.1892, buffer size: 56686
Target updated!
xxxxxxxxxxxxxxxxxxxxxxxxxxxxxx[ -8. -22.]
[[ 0 22]
 [ 8  0]]
Q-Loss: 0.10562230602647209 || V-Loss: 0.015424839047884735
---EPOCH-50--------------------
||||||||||epsilon: 0.1883, buffer size: 56999
||||||||||epsilon: 0.1874, buffer size: 57272
||||||||||epsilon: 0.1865, buffer size: 57608
xxxxxxxxxxxxxxxxxxxxxxxxxxxxxx[-10. -20.]
[[ 0 20]
 [10  0]]
Q-Loss: 0.10692373314640552 || V-Loss: 0.01499984771549869
---EPOCH-51--------------------
||||||||||epsilon: 0.1857, buffer size: 57958
||||||||||epsilon: 0.1848, buffer size: 58288
||||||||||epsilon: 0.184, buffer size: 58602
Target updated!
xxxxxxxxxxxxxxxxxxxxxxxxxxxxxx[ -7. -23.]
[[ 0 23]
 [ 7  0]]
Q-Loss: 0.10611950306747396 || V-Loss: 0.015651924692322735
---EPOCH-52--------------------
||||||||||epsilon: 0.1832, buffer size: 58856
||||||||||epsilon: 0.1823, buffer size: 59173
||||||||||epsilon: 0.1815, buffer size: 59489
xxxxxxxxxxxxxxxxxxxxxxxxxxxxxx[ -7. -23.]
[[ 0 23]
 [ 7  0]]
Q-Loss: 0.10539164214959613 || V-Loss: 0.014971934433170159
---EPOCH-53--------------------
||||||||||epsilon: 0.1807, buffer size: 59792
||||||||||epsilon: 0.1799, buffer size: 60125
||||||||||epsilon: 0.1791, buffer size: 60412
Target updated!
xxxxxxxxxxxxxxxxxxxxxxxxxxxxxx[ -7. -23.]
[[ 0 23]
 [ 7  0]]
Q-Loss: 0.10514460053899102 || V-Loss: 0.015057909009061855
---EPOCH-54--------------------
||||||||||epsilon: 0.1783, buffer size: 60692
||||||||||epsilon: 0.1775, buffer size: 61002
||||||||||epsilon: 0.1768, buffer size: 61313
xxxxxxxxxxxxxxxxxxxxxxxxxxxxxx[-11. -19.]
[[ 0 19]
 [11  0]]
Q-Loss: 0.10924184486106193 || V-Loss: 0.015591748252480338
---EPOCH-55--------------------
||||||||||epsilon: 0.176, buffer size: 61642
||||||||||epsilon: 0.1752, buffer size: 61941
||||||||||epsilon: 0.1745, buffer size: 62357
Target updated!
xxxxxxxxxxxxxxxxxxxxxxxxxxxxxx[ -6. -24.]
[[ 0 24]
 [ 6  0]]
Q-Loss: 0.10891919022696668 || V-Loss: 0.015336561633419009
---EPOCH-56--------------------
||||||||||epsilon: 0.1737, buffer size: 62738
||||||||||epsilon: 0.173, buffer size: 63050
||||||||||epsilon: 0.1723, buffer size: 63334
xxxxxxxxxxxxxxxxxxxxxxxxxxxxxx[ -8. -22.]
[[ 0 22]
 [ 8  0]]
Q-Loss: 0.094446399183018 || V-Loss: 0.01452907112178641
---EPOCH-57--------------------
||||||||||epsilon: 0.1716, buffer size: 63608
||||||||||epsilon: 0.1709, buffer size: 63916
||||||||||epsilon: 0.1701, buffer size: 64185
Target updated!
xxxxxxxxxxxxxxxxxxxxxxxxxxxxxx[ -6. -24.]
[[ 0 24]
 [ 6  0]]
Q-Loss: 0.09436548578627887 || V-Loss: 0.014162892767509656
---EPOCH-58--------------------
||||||||||epsilon: 0.1694, buffer size: 64449
||||||||||epsilon: 0.1688, buffer size: 64767
||||||||||epsilon: 0.1681, buffer size: 65113
xxxxxxxxxxxxxxxxxxxxxxxxxxxxxx[ -9. -21.]
[[ 0 21]
 [ 9  0]]
Q-Loss: 0.08858420931471458 || V-Loss: 0.013922854367958015
---EPOCH-59--------------------
||||||||||epsilon: 0.1674, buffer size: 65410
||||||||||epsilon: 0.1667, buffer size: 65668
||||||||||epsilon: 0.1661, buffer size: 65947
Target updated!
xxxxxxxxxxxxxxxxxxxxxxxxxxxxxx[ -6. -24.]
[[ 0 24]
 [ 6  0]]
Q-Loss: 0.08892062245275685 || V-Loss: 0.013898313630762098
---EPOCH-60--------------------
||||||||||epsilon: 0.1654, buffer size: 66257
||||||||||epsilon: 0.1648, buffer size: 66557
||||||||||epsilon: 0.1641, buffer size: 66877
xxxxxxxxxxxxxxxxxxxxxxxxxxxxxx[ -9. -21.]
[[ 0 21]
 [ 9  0]]
Q-Loss: 0.08482351747508608 || V-Loss: 0.013894538510029614
---EPOCH-61--------------------
||||||||||epsilon: 0.1635, buffer size: 67202
||||||||||epsilon: 0.1628, buffer size: 67484
||||||||||epsilon: 0.1622, buffer size: 67750
Target updated!
xxxxxxxxxxxxxxxxxxxxxxxxxxxxxx[ -3. -27.]
[[ 0 27]
 [ 3  0]]
Q-Loss: 0.08396080152385611 || V-Loss: 0.013279376005679796
---EPOCH-62--------------------
||||||||||epsilon: 0.1616, buffer size: 68046
||||||||||epsilon: 0.161, buffer size: 68289
||||||||||epsilon: 0.1604, buffer size: 68600
xxxxxxxxxxxxxxxxxxxxxxxxxxxxxx[ -4. -26.]
[[ 0 26]
 [ 4  0]]
Q-Loss: 0.08271698653264288 || V-Loss: 0.013481519043790339
---EPOCH-63--------------------
||||||||||epsilon: 0.1598, buffer size: 68999
||||||||||epsilon: 0.1592, buffer size: 69281
||||||||||epsilon: 0.1586, buffer size: 69631
Target updated!
xxxxxxxxxxxxxxxxxxxxxxxxxxxxxx[ -4. -26.]
[[ 0 26]
 [ 4  0]]
Q-Loss: 0.08249538720657047 || V-Loss: 0.013369281944379986
---EPOCH-64--------------------
||||||||||epsilon: 0.158, buffer size: 70002
||||||||||epsilon: 0.1574, buffer size: 70301
||||||||||epsilon: 0.1569, buffer size: 70618
xxxxxxxxxxxxxxxxxxxxxxxxxxxxxx[ -6. -24.]
[[ 0 24]
 [ 6  0]]
Q-Loss: 0.08411797745218837 || V-Loss: 0.013858695887965167
---EPOCH-65--------------------
||||||||||epsilon: 0.1563, buffer size: 70888
||||||||||epsilon: 0.1557, buffer size: 71183
||||||||||epsilon: 0.1552, buffer size: 71551
Target updated!
xxxxxxxxxxxxxxxxxxxxxxxxxxxxxx[ -7. -23.]
[[ 0 23]
 [ 7  0]]
Q-Loss: 0.08329079750601019 || V-Loss: 0.014082730084612204
---EPOCH-66--------------------
||||||||||epsilon: 0.1546, buffer size: 71882
||||||||||epsilon: 0.1541, buffer size: 72247
||||||||||epsilon: 0.1535, buffer size: 72497
xxxxxxxxxxxxxxxxxxxxxxxxxxxxxx[-10. -20.]
[[ 0 20]
 [10  0]]
Q-Loss: 0.08112342334337763 || V-Loss: 0.013864035703484176
---EPOCH-67--------------------
||||||||||epsilon: 0.153, buffer size: 72766
||||||||||epsilon: 0.1525, buffer size: 73104
||||||||||epsilon: 0.152, buffer size: 73400
Target updated!
xxxxxxxxxxxxxxxxxxxxxxxxxxxxxx[ -9. -21.]
[[ 0 21]
 [ 9  0]]
Q-Loss: 0.08105048873679235 || V-Loss: 0.01429750176996919
---EPOCH-68--------------------
||||||||||epsilon: 0.1514, buffer size: 73695
||||||||||epsilon: 0.1509, buffer size: 74035
||||||||||epsilon: 0.1504, buffer size: 74260
xxxxxxxxxxxxxxxxxxxxxxxxxxxxxx[ -5. -25.]
[[ 0 25]
 [ 5  0]]
Q-Loss: 0.08147592350308383 || V-Loss: 0.013798269023689594
---EPOCH-69--------------------
||||||||||epsilon: 0.1499, buffer size: 74545
||||||||||epsilon: 0.1494, buffer size: 74826
||||||||||epsilon: 0.1489, buffer size: 75156
Target updated!
xxxxxxxxxxxxxxxxxxxxxxxxxxxxxx[ -5. -25.]
[[ 0 25]
 [ 5  0]]
Q-Loss: 0.08067149290269081 || V-Loss: 0.01339183024766639
---EPOCH-70--------------------
||||||||||epsilon: 0.1484, buffer size: 75407
||||||||||epsilon: 0.148, buffer size: 75744
||||||||||epsilon: 0.1475, buffer size: 76053
xxxxxxxxxxxxxxxxxxxxxxxxxxxxxx[ -7. -23.]
[[ 0 23]
 [ 7  0]]
Q-Loss: 0.07099908775755287 || V-Loss: 0.01215659054780912
---EPOCH-71--------------------
||||||||||epsilon: 0.147, buffer size: 76369
||||||||||epsilon: 0.1465, buffer size: 76672
||||||||||epsilon: 0.1461, buffer size: 77028
Target updated!
xxxxxxxxxxxxxxxxxxxxxxxxxxxxxx[ -7. -23.]
[[ 0 23]
 [ 7  0]]
Q-Loss: 0.06991484407754517 || V-Loss: 0.011495177300169803
---EPOCH-72--------------------
||||||||||epsilon: 0.1456, buffer size: 77263
||||||||||epsilon: 0.1452, buffer size: 77540
||||||||||epsilon: 0.1447, buffer size: 77796
xxxxxxxxxxxxxxxxxxxxxxxxxxxxxx[ -7. -23.]
[[ 0 23]
 [ 7  0]]
Q-Loss: 0.07280669497386105 || V-Loss: 0.011672147946852821
---EPOCH-73--------------------
||||||||||epsilon: 0.1443, buffer size: 78093
||||||||||epsilon: 0.1438, buffer size: 78337
||||||||||epsilon: 0.1434, buffer size: 78633
Target updated!
xxxxxxxxxxxxxxxxxxxxxxxxxxxxxx[ -4. -26.]
[[ 0 26]
 [ 4  0]]
Q-Loss: 0.07316311343005433 || V-Loss: 0.012183522246778006
---EPOCH-74--------------------
||||||||||epsilon: 0.143, buffer size: 78908
||||||||||epsilon: 0.1425, buffer size: 79203
||||||||||epsilon: 0.1421, buffer size: 79457
xxxxxxxxxxxxxxxxxxxxxxxxxxxxxx[-12. -18.]
[[ 0 18]
 [12  0]]
Q-Loss: 0.07000707003829275 || V-Loss: 0.01188409796503522
---EPOCH-75--------------------
||||||||||epsilon: 0.1417, buffer size: 79732
||||||||||epsilon: 0.1413, buffer size: 80036
||||||||||epsilon: 0.1409, buffer size: 80345
Target updated!
xxxxxxxxxxxxxxxxxxxxxxxxxxxxxx[-12. -18.]
[[ 0 18]
 [12  0]]
Q-Loss: 0.06987068306937404 || V-Loss: 0.011338322305683891
---EPOCH-76--------------------
||||||||||epsilon: 0.1405, buffer size: 80639
||||||||||epsilon: 0.1401, buffer size: 81004
||||||||||epsilon: 0.1397, buffer size: 81300
xxxxxxxxxxxxxxxxxxxxxxxxxxxxxx[-15. -15.]
[[ 0 15]
 [15  0]]
Q-Loss: 0.06577809729447993 || V-Loss: 0.011031578151801235
---EPOCH-77--------------------
||||||||||epsilon: 0.1393, buffer size: 81584
||||||||||epsilon: 0.1389, buffer size: 81961
||||||||||epsilon: 0.1385, buffer size: 82231
Target updated!
xxxxxxxxxxxxxxxxxxxxxxxxxxxxxx[-11. -19.]
[[ 0 19]
 [11  0]]
Q-Loss: 0.06599551582213974 || V-Loss: 0.011318421021616749
---EPOCH-78--------------------
||||||||||epsilon: 0.1381, buffer size: 82528
||||||||||epsilon: 0.1377, buffer size: 82760
||||||||||epsilon: 0.1373, buffer size: 83115
xxxxxxxxxxxxxxxxxxxxxxxxxxxxxx[ -9. -21.]
[[ 0 21]
 [ 9  0]]
Q-Loss: 0.0674998218845158 || V-Loss: 0.011561486715265041
---EPOCH-79--------------------
||||||||||epsilon: 0.137, buffer size: 83384
||||||||||epsilon: 0.1366, buffer size: 83688
||||||||||epsilon: 0.1362, buffer size: 84016
Target updated!
xxxxxxxxxxxxxxxxxxxxxxxxxxxxxx[-12. -18.]
[[ 0 18]
 [12  0]]
Q-Loss: 0.06717631365894876 || V-Loss: 0.011388538927823414
---EPOCH-80--------------------
||||||||||epsilon: 0.1359, buffer size: 84356
||||||||||epsilon: 0.1355, buffer size: 84729
||||||||||epsilon: 0.1352, buffer size: 85030
xxxxxxxxxxxxxxxxxxxxxxxxxxxxxx[ -6. -24.]
[[ 0 24]
 [ 6  0]]
Q-Loss: 0.06659767288033673 || V-Loss: 0.011522835416888639
---EPOCH-81--------------------
||||||||||epsilon: 0.1348, buffer size: 85376
||||||||||epsilon: 0.1345, buffer size: 85682
||||||||||epsilon: 0.1341, buffer size: 86002
Target updated!
xxxxxxxxxxxxxxxxxxxxxxxxxxxxxx[ -5. -25.]
[[ 0 25]
 [ 5  0]]
Q-Loss: 0.06631176114725552 || V-Loss: 0.011366578151604953
---EPOCH-82--------------------
||||||||||epsilon: 0.1338, buffer size: 86350
||||||||||epsilon: 0.1335, buffer size: 86533
||||||||||epsilon: 0.1331, buffer size: 86819
xxxxxxxxxxxxxxxxxxxxxxxxxxxxxx[ -3. -27.]
[[ 0 27]
 [ 3  0]]
Q-Loss: 0.06235813592557199 || V-Loss: 0.010634364897751896
---EPOCH-83--------------------
||||||||||epsilon: 0.1328, buffer size: 87130
||||||||||epsilon: 0.1325, buffer size: 87417
||||||||||epsilon: 0.1321, buffer size: 87694
Target updated!
xxxxxxxxxxxxxxxxxxxxxxxxxxxxxx[ -7. -23.]
[[ 0 23]
 [ 7  0]]
Q-Loss: 0.06224667196131393 || V-Loss: 0.010893653320158105
---EPOCH-84--------------------
||||||||||epsilon: 0.1318, buffer size: 87997
||||||||||epsilon: 0.1315, buffer size: 88224
||||||||||epsilon: 0.1312, buffer size: 88538
xxxxxxxxxxxxxxxxxxxxxxxxxxxxxx[ -8. -22.]
[[ 0 22]
 [ 8  0]]
Q-Loss: 0.06258861756634339 || V-Loss: 0.010584117414292058
---EPOCH-85--------------------
||||||||||epsilon: 0.1309, buffer size: 88841
||||||||||epsilon: 0.1306, buffer size: 89105
||||||||||epsilon: 0.1303, buffer size: 89374
Target updated!
xxxxxxxxxxxxxxxxxxxxxxxxxxxxxx[ -9. -21.]
[[ 0 21]
 [ 9  0]]
Q-Loss: 0.06279185756935421 || V-Loss: 0.01073365457303197
---EPOCH-86--------------------
||||||||||epsilon: 0.13, buffer size: 89683
||||||||||epsilon: 0.1297, buffer size: 89971
||||||||||epsilon: 0.1294, buffer size: 90283
xxxxxxxxxxxxxxxxxxxxxxxxxxxxxx[-14. -16.]
[[ 0 16]
 [14  0]]
Q-Loss: 0.05756081469943935 || V-Loss: 0.010263700513535992
---EPOCH-87--------------------
||||||||||epsilon: 0.1291, buffer size: 90543
||||||||||epsilon: 0.1288, buffer size: 90835
||||||||||epsilon: 0.1285, buffer size: 91137
Target updated!
xxxxxxxxxxxxxxxxxxxxxxxxxxxxxx[ -6. -24.]
[[ 0 24]
 [ 6  0]]
Q-Loss: 0.057501517901000644 || V-Loss: 0.010338734507858568
---EPOCH-88--------------------
||||||||||epsilon: 0.1282, buffer size: 91432
||||||||||epsilon: 0.1279, buffer size: 91785
||||||||||epsilon: 0.1277, buffer size: 92179
xxxxxxxxxxxxxxxxxxxxxxxxxxxxxx[ -4. -26.]
[[ 0 26]
 [ 4  0]]
Q-Loss: 0.06148447697086423 || V-Loss: 0.010868054654121303
---EPOCH-89--------------------
||||||||||epsilon: 0.1274, buffer size: 92479
||||||||||epsilon: 0.1271, buffer size: 92751
||||||||||epsilon: 0.1268, buffer size: 93033
Target updated!
xxxxxxxxxxxxxxxxxxxxxxxxxxxxxx[ -6. -24.]
[[ 0 24]
 [ 6  0]]
Q-Loss: 0.06104575726257387 || V-Loss: 0.010765310236673337
---EPOCH-90--------------------
||||||||||epsilon: 0.1266, buffer size: 93353
||||||||||epsilon: 0.1263, buffer size: 93702
||||||||||epsilon: 0.1261, buffer size: 93957
xxxxxxxxxxxxxxxxxxxxxxxxxxxxxx[-10. -20.]
[[ 0 20]
 [10  0]]
Q-Loss: 0.06372424994511415 || V-Loss: 0.011501744496081507
---EPOCH-91--------------------
||||||||||epsilon: 0.1258, buffer size: 94249
||||||||||epsilon: 0.1255, buffer size: 94525
||||||||||epsilon: 0.1253, buffer size: 94804
Target updated!
xxxxxxxxxxxxxxxxxxxxxxxxxxxxxx[ -4. -26.]
[[ 0 26]
 [ 4  0]]
Q-Loss: 0.06374100519117909 || V-Loss: 0.011327695048459855
---EPOCH-92--------------------
||||||||||epsilon: 0.125, buffer size: 95180
||||||||||epsilon: 0.1248, buffer size: 95469
||||||||||epsilon: 0.1245, buffer size: 95734
xxxxxxxxxxxxxxxxxxxxxxxxxxxxxx[-13. -17.]
[[ 0 17]
 [13  0]]
Q-Loss: 0.06071298461018213 || V-Loss: 0.010652287345531503
---EPOCH-93--------------------
||||||||||epsilon: 0.1243, buffer size: 96065
||||||||||epsilon: 0.124, buffer size: 96328
||||||||||epsilon: 0.1238, buffer size: 96620
Target updated!
xxxxxxxxxxxxxxxxxxxxxxxxxxxxxx[ -3. -27.]
[[ 0 27]
 [ 3  0]]
Q-Loss: 0.06129953403063409 || V-Loss: 0.01076187485435816
---EPOCH-94--------------------
||||||||||epsilon: 0.1236, buffer size: 96915
||||||||||epsilon: 0.1233, buffer size: 97168
||||||||||epsilon: 0.1231, buffer size: 97442
xxxxxxxxxxxxxxxxxxxxxxxxxxxxxx[ -1. -29.]
[[ 0 29]
 [ 1  0]]
Q-Loss: 0.06228875098962934 || V-Loss: 0.011193024754976999
---EPOCH-95--------------------
||||||||||epsilon: 0.1229, buffer size: 97739
||||||||||epsilon: 0.1226, buffer size: 98048
||||||||||epsilon: 0.1224, buffer size: 98354
Target updated!
xxxxxxxxxxxxxxxxxxxxxxxxxxxxxx[ -6. -24.]
[[ 0 24]
 [ 6  0]]
Q-Loss: 0.062096268692589926 || V-Loss: 0.010919859532648915
---EPOCH-96--------------------
||||||||||epsilon: 0.1222, buffer size: 98611
||||||||||epsilon: 0.122, buffer size: 98904
||||||||||epsilon: 0.1218, buffer size: 99194
xxxxxxxxxxxxxxxxxxxxxxxxxxxxxx[ -6. -24.]
[[ 0 24]
 [ 6  0]]
Q-Loss: 0.06197375385530009 || V-Loss: 0.010740518866750443
---EPOCH-97--------------------
||||||||||epsilon: 0.1215, buffer size: 99497
||||||||||epsilon: 0.1213, buffer size: 99786
||||||||||epsilon: 0.1211, buffer size: 100000
Target updated!
xxxxxxxxxxxxxxxxxxxxxxxxxxxxxx[ -4. -26.]
[[ 0 26]
 [ 4  0]]
Q-Loss: 0.06217821180406543 || V-Loss: 0.010780831610957109
---EPOCH-98--------------------
||||||||||epsilon: 0.1209, buffer size: 100000
||||||||||epsilon: 0.1207, buffer size: 100000
||||||||||epsilon: 0.1205, buffer size: 100000
xxxxxxxxxxxxxxxxxxxxxxxxxxxxxx[ -3. -27.]
[[ 0 27]
 [ 3  0]]
Q-Loss: 0.06387061590125412 || V-Loss: 0.011667889090597449
---EPOCH-99--------------------
||||||||||epsilon: 0.1203, buffer size: 100000
||||||||||epsilon: 0.1201, buffer size: 100000
||||||||||epsilon: 0.1199, buffer size: 100000
Target updated!
xxxxxxxxxxxxxxxxxxxxxxxxxxxxxx[-12. -18.]
[[ 0 18]
 [12  0]]
Q-Loss: 0.06379952130451695 || V-Loss: 0.011434177840461896
---EPOCH-100--------------------
||||||||||epsilon: 0.1197, buffer size: 100000
||||||||||epsilon: 0.1195, buffer size: 100000
||||||||||epsilon: 0.1193, buffer size: 100000
xxxxxxxxxxxxxxxxxxxxxxxxxxxxxx[ -5. -25.]
[[ 0 25]
 [ 5  0]]
Q-Loss: 0.06002531584674191 || V-Loss: 0.010810657451312555
---EPOCH-101--------------------
||||||||||epsilon: 0.1191, buffer size: 100000
||||||||||epsilon: 0.1189, buffer size: 100000
||||||||||epsilon: 0.1187, buffer size: 100000
Target updated!
xxxxxxxxxxxxxxxxxxxxxxxxxxxxxx[ -7. -23.]
[[ 0 23]
 [ 7  0]]
Q-Loss: 0.06080123680559075 || V-Loss: 0.011030107891052016
---EPOCH-102--------------------
||||||||||epsilon: 0.1185, buffer size: 100000
||||||||||epsilon: 0.1184, buffer size: 100000
||||||||||epsilon: 0.1182, buffer size: 100000
xxxxxxxxxxxxxxxxxxxxxxxxxxxxxx[ -4. -26.]
[[ 0 26]
 [ 4  0]]
Q-Loss: 0.06704529003877394 || V-Loss: 0.011672558579838975
---EPOCH-103--------------------
||||||||||epsilon: 0.118, buffer size: 100000
||||||||||epsilon: 0.1178, buffer size: 100000
||||||||||epsilon: 0.1176, buffer size: 100000
Target updated!
xxxxxxxxxxxxxxxxxxxxxxxxxxxxxx[-11. -19.]
[[ 0 19]
 [11  0]]
Q-Loss: 0.06669792523517185 || V-Loss: 0.011483294904250126
---EPOCH-104--------------------
||||||||||epsilon: 0.1175, buffer size: 100000
||||||||||epsilon: 0.1173, buffer size: 100000
||||||||||epsilon: 0.1171, buffer size: 100000
xxxxxxxxxxxxxxxxxxxxxxxxxxxxxx[ -7. -23.]
[[ 0 23]
 [ 7  0]]
Q-Loss: 0.0661952558490964 || V-Loss: 0.012081045367158746
---EPOCH-105--------------------
||||||||||epsilon: 0.1169, buffer size: 100000
||||||||||epsilon: 0.1168, buffer size: 100000
||||||||||epsilon: 0.1166, buffer size: 100000
Target updated!
xxxxxxxxxxxxxxxxxxxxxxxxxxxxxx[-11. -19.]
[[ 0 19]
 [11  0]]
Q-Loss: 0.0651282354877883 || V-Loss: 0.012056317526022603
---EPOCH-106--------------------
||||||||||epsilon: 0.1164, buffer size: 100000
||||||||||epsilon: 0.1163, buffer size: 100000
||||||||||epsilon: 0.1161, buffer size: 100000
xxxxxxxxxxxxxxxxxxxxxxxxxxxxxx[ -5. -25.]
[[ 0 25]
 [ 5  0]]
Q-Loss: 0.06286755417503655 || V-Loss: 0.011316619892572459
---EPOCH-107--------------------
||||||||||epsilon: 0.116, buffer size: 100000
||||||||||epsilon: 0.1158, buffer size: 100000
||||||||||epsilon: 0.1156, buffer size: 100000
Target updated!
xxxxxxxxxxxxxxxxxxxxxxxxxxxxxx[ -4. -26.]
[[ 0 26]
 [ 4  0]]
Q-Loss: 0.0619373753612494 || V-Loss: 0.011089825466405344
---EPOCH-108--------------------
||||||||||epsilon: 0.1155, buffer size: 100000
||||||||||epsilon: 0.1153, buffer size: 100000
||||||||||epsilon: 0.1152, buffer size: 100000
xxxxxxxxxxxxxxxxxxxxxxxxxxxxxx[ -8. -22.]
[[ 0 22]
 [ 8  0]]
Q-Loss: 0.06949472972826377 || V-Loss: 0.012475624483446501
---EPOCH-109--------------------
||||||||||epsilon: 0.115, buffer size: 100000
||||||||||epsilon: 0.1149, buffer size: 100000
||||||||||epsilon: 0.1147, buffer size: 100000
Target updated!
xxxxxxxxxxxxxxxxxxxxxxxxxxxxxx[ -4. -26.]
[[ 0 26]
 [ 4  0]]
Q-Loss: 0.06888374457359905 || V-Loss: 0.012215006915476771
---EPOCH-110--------------------
||||||||||epsilon: 0.1146, buffer size: 100000
||||||||||epsilon: 0.1144, buffer size: 100000
||||||||||epsilon: 0.1143, buffer size: 100000
xxxxxxxxxxxxxxxxxxxxxxxxxxxxxx[ -5. -25.]
[[ 0 25]
 [ 5  0]]
Q-Loss: 0.06475256038631531 || V-Loss: 0.01185012708648424
---EPOCH-111--------------------
||||||||||epsilon: 0.1142, buffer size: 100000
||||||||||epsilon: 0.114, buffer size: 100000
||||||||||epsilon: 0.1139, buffer size: 100000
Target updated!
xxxxxxxxxxxxxxxxxxxxxxxxxxxxxx[ -9. -21.]
[[ 0 21]
 [ 9  0]]
Q-Loss: 0.06461361110581595 || V-Loss: 0.011970244919233942
---EPOCH-112--------------------
||||||||||epsilon: 0.1137, buffer size: 100000
||||||||||epsilon: 0.1136, buffer size: 100000
||||||||||epsilon: 0.1135, buffer size: 100000
xxxxxxxxxxxxxxxxxxxxxxxxxxxxxx[-13. -17.]
[[ 0 17]
 [13  0]]
Q-Loss: 0.06471360771066817 || V-Loss: 0.01150699344820879
---EPOCH-113--------------------
||||||||||epsilon: 0.1133, buffer size: 100000
||||||||||epsilon: 0.1132, buffer size: 100000
||||||||||epsilon: 0.1131, buffer size: 100000
Target updated!
xxxxxxxxxxxxxxxxxxxxxxxxxxxxxx[ -6. -24.]
[[ 0 24]
 [ 6  0]]
Q-Loss: 0.06447975568223524 || V-Loss: 0.011204533239907378
---EPOCH-114--------------------
||||||||||epsilon: 0.1129, buffer size: 100000
||||||||||epsilon: 0.1128, buffer size: 100000
||||||||||epsilon: 0.1127, buffer size: 100000
xxxxxxxxxxxxxxxxxxxxxxxxxxxxxx[-12. -18.]
[[ 0 18]
 [12  0]]
Q-Loss: 0.06343183291707918 || V-Loss: 0.011301451225457393
---EPOCH-115--------------------
||||||||||epsilon: 0.1126, buffer size: 100000
||||||||||epsilon: 0.1124, buffer size: 100000
||||||||||epsilon: 0.1123, buffer size: 100000
Target updated!
xxxxxxxxxxxxxxxxxxxxxxxxxxxxxx[ -7. -23.]
[[ 0 23]
 [ 7  0]]
Q-Loss: 0.0627575622887786 || V-Loss: 0.010739183209950365
---EPOCH-116--------------------
||||||||||epsilon: 0.1122, buffer size: 100000
||||||||||epsilon: 0.1121, buffer size: 100000
||||||||||epsilon: 0.1119, buffer size: 100000
xxxxxxxxxxxxxxxxxxxxxxxxxxxxxx[ -1. -29.]
[[ 0 29]
 [ 1  0]]
Q-Loss: 0.05976093696797243 || V-Loss: 0.010558922676092859
---EPOCH-117--------------------
||||||||||epsilon: 0.1118, buffer size: 100000
||||||||||epsilon: 0.1117, buffer size: 100000
||||||||||epsilon: 0.1116, buffer size: 100000
Target updated!
xxxxxxxxxxxxxxxxxxxxxxxxxxxxxx[ -8. -22.]
[[ 0 22]
 [ 8  0]]
Q-Loss: 0.05953590245521369 || V-Loss: 0.010818154658026815
---EPOCH-118--------------------
||||||||||epsilon: 0.1115, buffer size: 100000
||||||||||epsilon: 0.1114, buffer size: 100000
||||||||||epsilon: 0.1112, buffer size: 100000
xxxxxxxxxxxxxxxxxxxxxxxxxxxxxx[ -4. -26.]
[[ 0 26]
 [ 4  0]]
Q-Loss: 0.06030753033233396 || V-Loss: 0.010346838556701973
---EPOCH-119--------------------
||||||||||epsilon: 0.1111, buffer size: 100000
||||||||||epsilon: 0.111, buffer size: 100000
||||||||||epsilon: 0.1109, buffer size: 100000
Target updated!
xxxxxxxxxxxxxxxxxxxxxxxxxxxxxx[ -9. -21.]
[[ 0 21]
 [ 9  0]]
Q-Loss: 0.06017156191371582 || V-Loss: 0.010471834322387312
---EPOCH-120--------------------
||||||||||epsilon: 0.1108, buffer size: 100000
||||||||||epsilon: 0.1107, buffer size: 100000
||||||||||epsilon: 0.1106, buffer size: 100000
xxxxxxxxxxxxxxxxxxxxxxxxxxxxxx[ -8. -22.]
[[ 0 22]
 [ 8  0]]
Q-Loss: 0.05571201156820853 || V-Loss: 0.010372131819147994
---EPOCH-121--------------------
||||||||||epsilon: 0.1105, buffer size: 100000
||||||||||epsilon: 0.1104, buffer size: 100000
||||||||||epsilon: 0.1103, buffer size: 100000
Target updated!
xxxxxxxxxxxxxxxxxxxxxxxxxxxxxx[ -7. -23.]
[[ 0 23]
 [ 7  0]]
Q-Loss: 0.05452576531747051 || V-Loss: 0.00980328943507291
---EPOCH-122--------------------
||||||||||epsilon: 0.1102, buffer size: 100000
||||||||||epsilon: 0.1101, buffer size: 100000
||||||||||epsilon: 0.11, buffer size: 100000
xxxxxxxxxxxxxxxxxxxxxxxxxxxxxx[ -5. -25.]
[[ 0 25]
 [ 5  0]]
Q-Loss: 0.055968159895284704 || V-Loss: 0.010095134469655905
---EPOCH-123--------------------
||||||||||epsilon: 0.1099, buffer size: 100000
||||||||||epsilon: 0.1098, buffer size: 100000
||||||||||epsilon: 0.1097, buffer size: 100000
Target updated!
xxxxxxxxxxxxxxxxxxxxxxxxxxxxxx[ -5. -25.]
[[ 0 25]
 [ 5  0]]
Q-Loss: 0.05586849694412375 || V-Loss: 0.010313657493884656
---EPOCH-124--------------------
||||||||||epsilon: 0.1096, buffer size: 100000
||||||||||epsilon: 0.1095, buffer size: 100000
||||||||||epsilon: 0.1094, buffer size: 100000
xxxxxxxxxxxxxxxxxxxxxxxxxxxxxx[ -9. -21.]
[[ 0 21]
 [ 9  0]]
Q-Loss: 0.05337798038475077 || V-Loss: 0.0098097549153862
---EPOCH-125--------------------
||||||||||epsilon: 0.1093, buffer size: 100000
||||||||||epsilon: 0.1092, buffer size: 100000
||||||||||epsilon: 0.1091, buffer size: 100000
Target updated!
xxxxxxxxxxxxxxxxxxxxxxxxxxxxxx[ -8. -22.]
[[ 0 22]
 [ 8  0]]
Q-Loss: 0.05263212384404362 || V-Loss: 0.009596948495411598
---EPOCH-126--------------------
||||||||||epsilon: 0.109, buffer size: 100000
||||||||||epsilon: 0.1089, buffer size: 100000
||||||||||epsilon: 0.1088, buffer size: 100000
xxxxxxxxxxxxxxxxxxxxxxxxxxxxxx[ -7. -23.]
[[ 0 23]
 [ 7  0]]
Q-Loss: 0.05422870127284303 || V-Loss: 0.010083002543428107
---EPOCH-127--------------------
||||||||||epsilon: 0.1088, buffer size: 100000
||||||||||epsilon: 0.1087, buffer size: 100000
||||||||||epsilon: 0.1086, buffer size: 100000
Target updated!
xxxxxxxxxxxxxxxxxxxxxxxxxxxxxx[-10. -20.]
[[ 0 20]
 [10  0]]
Q-Loss: 0.05311766134435 || V-Loss: 0.010072044486119707
---EPOCH-128--------------------
||||||||||epsilon: 0.1085, buffer size: 100000
||||||||||epsilon: 0.1084, buffer size: 100000
||||||||||epsilon: 0.1083, buffer size: 100000
xxxxxxxxxxxxxxxxxxxxxxxxxxxxxx[ -8. -22.]
[[ 0 22]
 [ 8  0]]
Q-Loss: 0.05491718905627403 || V-Loss: 0.010582675706339827
---EPOCH-129--------------------
||||||||||epsilon: 0.1082, buffer size: 100000
||||||||||epsilon: 0.1082, buffer size: 100000
||||||||||epsilon: 0.1081, buffer size: 100000
Target updated!
xxxxxxxxxxxxxxxxxxxxxxxxxxxxxx[ -8. -22.]
[[ 0 22]
 [ 8  0]]
Q-Loss: 0.055093153247840164 || V-Loss: 0.01017837495691283
---EPOCH-130--------------------
||||||||||epsilon: 0.108, buffer size: 100000
||||||||||epsilon: 0.1079, buffer size: 100000
||||||||||epsilon: 0.1078, buffer size: 100000
xxxxxxxxxxxxxxxxxxxxxxxxxxxxxx[ -5. -25.]
[[ 0 25]
 [ 5  0]]
Q-Loss: 0.05243299712814931 || V-Loss: 0.009738710199144894
---EPOCH-131--------------------
||||||||||epsilon: 0.1078, buffer size: 100000
||||||||||epsilon: 0.1077, buffer size: 100000
||||||||||epsilon: 0.1076, buffer size: 100000
Target updated!
xxxxxxxxxxxxxxxxxxxxxxxxxxxxxx[ -3. -27.]
[[ 0 27]
 [ 3  0]]
Q-Loss: 0.052391060970134413 || V-Loss: 0.010203455510018788
---EPOCH-132--------------------
||||||||||epsilon: 0.1075, buffer size: 100000
||||||||||epsilon: 0.1075, buffer size: 100000
||||||||||epsilon: 0.1074, buffer size: 100000
xxxxxxxxxxxxxxxxxxxxxxxxxxxxxx[ -7. -23.]
[[ 0 23]
 [ 7  0]]
Q-Loss: 0.05061800941921154 || V-Loss: 0.010065500004431587
---EPOCH-133--------------------
||||||||||epsilon: 0.1073, buffer size: 100000
||||||||||epsilon: 0.1072, buffer size: 100000
||||||||||epsilon: 0.1072, buffer size: 100000
Target updated!
xxxxxxxxxxxxxxxxxxxxxxxxxxxxxx[ -7. -23.]
[[ 0 23]
 [ 7  0]]
Q-Loss: 0.04936690025446903 || V-Loss: 0.009645715541290002
---EPOCH-134--------------------
||||||||||epsilon: 0.1071, buffer size: 100000
||||||||||epsilon: 0.107, buffer size: 100000
||||||||||epsilon: 0.107, buffer size: 100000
xxxxxxxxxxxxxxxxxxxxxxxxxxxxxx[-13. -17.]
[[ 0 17]
 [13  0]]
Q-Loss: 0.04925065857298341 || V-Loss: 0.009951462524926876
---EPOCH-135--------------------
||||||||||epsilon: 0.1069, buffer size: 100000
||||||||||epsilon: 0.1068, buffer size: 100000
||||||||||epsilon: 0.1067, buffer size: 100000
Target updated!
xxxxxxxxxxxxxxxxxxxxxxxxxxxxxx[ -9. -21.]
[[ 0 21]
 [ 9  0]]
Q-Loss: 0.04860553071605715 || V-Loss: 0.0095311403862427
---EPOCH-136--------------------
||||||||||epsilon: 0.1067, buffer size: 100000
||||||||||epsilon: 0.1066, buffer size: 100000
||||||||||epsilon: 0.1065, buffer size: 100000
xxxxxxxxxxxxxxxxxxxxxxxxxxxxxx[-17. -13.]
[[ 0 13]
 [17  0]]
Q-Loss: 0.047860702708709416 || V-Loss: 0.009427976593910216
---EPOCH-137--------------------
||||||||||epsilon: 0.1065, buffer size: 100000
||||||||||epsilon: 0.1064, buffer size: 100000
||||||||||epsilon: 0.1064, buffer size: 100000
Target updated!
xxxxxxxxxxxxxxxxxxxxxxxxxxxxxx[ -7. -23.]
[[ 0 23]
 [ 7  0]]
Q-Loss: 0.04716317002911023 || V-Loss: 0.009535718272375376
---EPOCH-138--------------------
||||||||||epsilon: 0.1063, buffer size: 100000
||||||||||epsilon: 0.1062, buffer size: 100000
||||||||||epsilon: 0.1062, buffer size: 100000
xxxxxxxxxxxxxxxxxxxxxxxxxxxxxx[ -8. -22.]
[[ 0 22]
 [ 8  0]]
Q-Loss: 0.05061567587652752 || V-Loss: 0.0096321265398331
---EPOCH-139--------------------
||||||||||epsilon: 0.1061, buffer size: 100000
||||||||||epsilon: 0.106, buffer size: 100000
||||||||||epsilon: 0.106, buffer size: 100000
Target updated!
xxxxxxxxxxxxxxxxxxxxxxxxxxxxxx[ -5. -25.]
[[ 0 25]
 [ 5  0]]
Q-Loss: 0.05121832055623532 || V-Loss: 0.009647817098938147
---EPOCH-140--------------------
||||||||||epsilon: 0.1059, buffer size: 100000
||||||||||epsilon: 0.1059, buffer size: 100000
||||||||||epsilon: 0.1058, buffer size: 100000
xxxxxxxxxxxxxxxxxxxxxxxxxxxxxx[ -5. -25.]
[[ 0 25]
 [ 5  0]]
Q-Loss: 0.05117966196128285 || V-Loss: 0.010285979041315634
---EPOCH-141--------------------
||||||||||epsilon: 0.1058, buffer size: 100000
||||||||||epsilon: 0.1057, buffer size: 100000
||||||||||epsilon: 0.1056, buffer size: 100000
Target updated!
xxxxxxxxxxxxxxxxxxxxxxxxxxxxxx[ -2. -28.]
[[ 0 28]
 [ 2  0]]
Q-Loss: 0.050002409322832106 || V-Loss: 0.009829778408697226
---EPOCH-142--------------------
||||||||||epsilon: 0.1056, buffer size: 100000
||||||||||epsilon: 0.1055, buffer size: 100000
||||||||||epsilon: 0.1055, buffer size: 100000
xxxxxxxxxxxxxxxxxxxxxxxxxxxxxx[ -5. -25.]
[[ 0 25]
 [ 5  0]]
Q-Loss: 0.06056868092271697 || V-Loss: 0.010663932679023566
---EPOCH-143--------------------
||||||||||epsilon: 0.1054, buffer size: 100000
||||||||||epsilon: 0.1054, buffer size: 100000
||||||||||epsilon: 0.1053, buffer size: 100000
Target updated!
xxxxxxxxxxxxxxxxxxxxxxxxxxxxxx[ -8. -22.]
[[ 0 22]
 [ 8  0]]
Q-Loss: 0.06104611540839324 || V-Loss: 0.010518210310172945
---EPOCH-144--------------------
||||||||||epsilon: 0.1053, buffer size: 100000
||||||||||epsilon: 0.1052, buffer size: 100000
||||||||||epsilon: 0.1052, buffer size: 100000
xxxxxxxxxxxxxxxxxxxxxxxxxxxxxx[ -2. -28.]
[[ 0 28]
 [ 2  0]]
Q-Loss: 0.06348666073237948 || V-Loss: 0.011084206114074931
---EPOCH-145--------------------
||||||||||epsilon: 0.1051, buffer size: 100000
||||||||||epsilon: 0.105, buffer size: 100000
||||||||||epsilon: 0.105, buffer size: 100000
Target updated!
xxxxxxxxxxxxxxxxxxxxxxxxxxxxxx[ -1. -29.]
[[ 0 29]
 [ 1  0]]
Q-Loss: 0.06337906864126419 || V-Loss: 0.010984695694942991
---EPOCH-146--------------------
||||||||||epsilon: 0.1049, buffer size: 100000
||||||||||epsilon: 0.1049, buffer size: 100000
||||||||||epsilon: 0.1049, buffer size: 100000
xxxxxxxxxxxxxxxxxxxxxxxxxxxxxx[ -9. -21.]
[[ 0 21]
 [ 9  0]]
Q-Loss: 0.06430955236805742 || V-Loss: 0.01058396049769333
---EPOCH-147--------------------
||||||||||epsilon: 0.1048, buffer size: 100000
||||||||||epsilon: 0.1048, buffer size: 100000
||||||||||epsilon: 0.1047, buffer size: 100000
Target updated!
xxxxxxxxxxxxxxxxxxxxxxxxxxxxxx[ -8. -22.]
[[ 0 22]
 [ 8  0]]
Q-Loss: 0.06465560446911195 || V-Loss: 0.010454333640174356
---EPOCH-148--------------------
||||||||||epsilon: 0.1047, buffer size: 100000
||||||||||epsilon: 0.1046, buffer size: 100000
||||||||||epsilon: 0.1046, buffer size: 100000
xxxxxxxxxxxxxxxxxxxxxxxxxxxxxx[-13. -17.]
[[ 0 17]
 [13  0]]
Q-Loss: 0.05798902430854886 || V-Loss: 0.009818922570362456
---EPOCH-149--------------------
||||||||||epsilon: 0.1045, buffer size: 100000
||||||||||epsilon: 0.1045, buffer size: 100000
||||||||||epsilon: 0.1044, buffer size: 100000
Target updated!
xxxxxxxxxxxxxxxxxxxxxxxxxxxxxx[ -5. -25.]
[[ 0 25]
 [ 5  0]]
Q-Loss: 0.05760740743943187 || V-Loss: 0.009914178929578216
---EPOCH-150--------------------
||||||||||epsilon: 0.1044, buffer size: 100000
||||||||||epsilon: 0.1043, buffer size: 100000
||||||||||epsilon: 0.1043, buffer size: 100000
xxxxxxxxxxxxxxxxxxxxxxxxxxxxxx[-11. -19.]
[[ 0 19]
 [11  0]]
Q-Loss: 0.05631284511350477 || V-Loss: 0.010008846102618447
---EPOCH-151--------------------
||||||||||epsilon: 0.1043, buffer size: 100000
||||||||||epsilon: 0.1042, buffer size: 100000
||||||||||epsilon: 0.1042, buffer size: 100000
Target updated!
xxxxxxxxxxxxxxxxxxxxxxxxxxxxxx[ -6. -24.]
[[ 0 24]
 [ 6  0]]
Q-Loss: 0.05665107761684915 || V-Loss: 0.009830921308695343
---EPOCH-152--------------------
||||||||||epsilon: 0.1041, buffer size: 100000
||||||||||epsilon: 0.1041, buffer size: 100000
||||||||||epsilon: 0.1041, buffer size: 100000
xxxxxxxxxxxxxxxxxxxxxxxxxxxxxx[-18. -12.]
[[ 0 12]
 [18  0]]
Q-Loss: 0.059101044378778646 || V-Loss: 0.010079282177602851
---EPOCH-153--------------------
||||||||||epsilon: 0.104, buffer size: 100000
||||||||||epsilon: 0.104, buffer size: 100000
||||||||||epsilon: 0.1039, buffer size: 100000
Target updated!
xxxxxxxxxxxxxxxxxxxxxxxxxxxxxx[ -8. -22.]
[[ 0 22]
 [ 8  0]]
Q-Loss: 0.05867856768560683 || V-Loss: 0.010095419421853293
---EPOCH-154--------------------
||||||||||epsilon: 0.1039, buffer size: 100000
||||||||||epsilon: 0.1039, buffer size: 100000
||||||||||epsilon: 0.1038, buffer size: 100000
xxxxxxxxxxxxxxxxxxxxxxxxxxxxxx[-10. -20.]
[[ 0 20]
 [10  0]]
Q-Loss: 0.05855480805292612 || V-Loss: 0.010162609778684896
---EPOCH-155--------------------
||||||||||epsilon: 0.1038, buffer size: 100000
||||||||||epsilon: 0.1037, buffer size: 100000
||||||||||epsilon: 0.1037, buffer size: 100000
Target updated!
xxxxxxxxxxxxxxxxxxxxxxxxxxxxxx[ -6. -24.]
[[ 0 24]
 [ 6  0]]
Q-Loss: 0.05868179316134656 || V-Loss: 0.010048271850091613
---EPOCH-156--------------------
||||||||||epsilon: 0.1037, buffer size: 100000
||||||||||epsilon: 0.1036, buffer size: 100000
||||||||||epsilon: 0.1036, buffer size: 100000
xxxxxxxxxxxxxxxxxxxxxxxxxxxxxx[ -4. -26.]
[[ 0 26]
 [ 4  0]]
Q-Loss: 0.058929588166281556 || V-Loss: 0.011300750299040539
---EPOCH-157--------------------
||||||||||epsilon: 0.1036, buffer size: 100000
||||||||||epsilon: 0.1035, buffer size: 100000
||||||||||epsilon: 0.1035, buffer size: 100000
Target updated!
xxxxxxxxxxxxxxxxxxxxxxxxxxxxxx[-11. -19.]
[[ 0 19]
 [11  0]]
Q-Loss: 0.058584693657315313 || V-Loss: 0.010532966577483148
---EPOCH-158--------------------
||||||||||epsilon: 0.1035, buffer size: 100000
||||||||||epsilon: 0.1034, buffer size: 100000
||||||||||epsilon: 0.1034, buffer size: 100000
xxxxxxxxxxxxxxxxxxxxxxxxxxxxxx[ -3. -27.]
[[ 0 27]
 [ 3  0]]
Q-Loss: 0.05783482892172678 || V-Loss: 0.010677062955441043
---EPOCH-159--------------------
||||||||||epsilon: 0.1034, buffer size: 100000
||||||||||epsilon: 0.1033, buffer size: 100000
||||||||||epsilon: 0.1033, buffer size: 100000
Target updated!
xxxxxxxxx