||||||||||||||||||||||||||||||||||||||||||||||||||||||||||||||||||||||||||||||||||||||||||||||||||||||||||||||||||||||||||||||||||||||||||||||||||||||||||||||||||||||||||||||||||||||||||||||||||||||||||||||||||||||||||||||||||||||||||||||||||||||||||||||||||||||||||||||||||||||||||||||||||||||||||||||||||||||||||||||||||||||||||---EPOCH-0--------------------
||||||||||epsilon: 0.496, buffer size: 10320
||||||||||epsilon: 0.4921, buffer size: 10663
||||||||||epsilon: 0.4882, buffer size: 11023
xxxxxxxxxxxxxxxxxxxxxxxxxxxxxx[-15. -15.]
[[ 0 15]
 [15  0]]
Q-Loss: 0.025048599188862233 || V-Loss: 0.02794364468447484
---EPOCH-1--------------------
||||||||||epsilon: 0.4843, buffer size: 11298
||||||||||epsilon: 0.4805, buffer size: 11652
||||||||||epsilon: 0.4767, buffer size: 11967
Target updated!
xxxxxxxxxxxxxxxxxxxxxxxxxxxxxx[-18. -12.]
[[ 0 12]
 [18  0]]
Q-Loss: 0.01375181056856253 || V-Loss: 0.01452094880192483
---EPOCH-2--------------------
||||||||||epsilon: 0.4729, buffer size: 12266
||||||||||epsilon: 0.4692, buffer size: 12569
||||||||||epsilon: 0.4656, buffer size: 12898
xxxxxxxxxxxxxxxxxxxxxxxxxxxxxx[-16. -14.]
[[ 0 14]
 [16  0]]
Q-Loss: 0.012358943450390297 || V-Loss: 0.012968837084598523
---EPOCH-3--------------------
||||||||||epsilon: 0.4619, buffer size: 13192
||||||||||epsilon: 0.4583, buffer size: 13488
||||||||||epsilon: 0.4547, buffer size: 13736
Target updated!
xxxxxxxxxxxxxxxxxxxxxxxxxxxxxx[-20. -10.]
[[ 0 10]
 [20  0]]
Q-Loss: 0.011434099938907125 || V-Loss: 0.011998035466629661
---EPOCH-4--------------------
||||||||||epsilon: 0.4512, buffer size: 14019
||||||||||epsilon: 0.4477, buffer size: 14335
||||||||||epsilon: 0.4443, buffer size: 14647
xxxxxxxxxxxxxxxxxxxxxxxxxxxxxx[-14. -16.]
[[ 0 16]
 [14  0]]
Q-Loss: 0.01135044839147639 || V-Loss: 0.010702989191341059
---EPOCH-5--------------------
||||||||||epsilon: 0.4408, buffer size: 14929
||||||||||epsilon: 0.4374, buffer size: 15195
||||||||||epsilon: 0.4341, buffer size: 15536
Target updated!
xxxxxxxxxxxxxxxxxxxxxxxxxxxxxx[-10. -20.]
[[ 0 20]
 [10  0]]
Q-Loss: 0.010738401646067987 || V-Loss: 0.010218216089619193
---EPOCH-6--------------------
||||||||||epsilon: 0.4308, buffer size: 15892
||||||||||epsilon: 0.4275, buffer size: 16263
||||||||||epsilon: 0.4242, buffer size: 16580
xxxxxxxxxxxxxxxxxxxxxxxxxxxxxx[-14. -16.]
[[ 0 16]
 [14  0]]
Q-Loss: 0.012392395347978128 || V-Loss: 0.010550332015465576
---EPOCH-7--------------------
||||||||||epsilon: 0.421, buffer size: 16931
||||||||||epsilon: 0.4178, buffer size: 17334
||||||||||epsilon: 0.4146, buffer size: 17645
Target updated!
xxxxxxxxxxxxxxxxxxxxxxxxxxxxxx[-13. -17.]
[[ 0 17]
 [13  0]]
Q-Loss: 0.010520673241905492 || V-Loss: 0.009708511707473362
---EPOCH-8--------------------
||||||||||epsilon: 0.4115, buffer size: 17984
||||||||||epsilon: 0.4084, buffer size: 18309
||||||||||epsilon: 0.4053, buffer size: 18606
xxxxxxxxxxxxxxxxxxxxxxxxxxxxxx[-20. -10.]
[[ 0 10]
 [20  0]]
Q-Loss: 0.008950346078682885 || V-Loss: 0.008775438082697382
---EPOCH-9--------------------
||||||||||epsilon: 0.4023, buffer size: 18929
||||||||||epsilon: 0.3993, buffer size: 19241
||||||||||epsilon: 0.3963, buffer size: 19640
Target updated!
xxxxxxxxxxxxxxxxxxxxxxxxxxxxxx[-13. -17.]
[[ 0 17]
 [13  0]]
Q-Loss: 0.00868473891976067 || V-Loss: 0.008830406970382076
---EPOCH-10--------------------
||||||||||epsilon: 0.3933, buffer size: 19979
||||||||||epsilon: 0.3904, buffer size: 20338
||||||||||epsilon: 0.3875, buffer size: 20731
xxxxxxxxxxxxxxxxxxxxxxxxxxxxxx[-11. -19.]
[[ 0 19]
 [11  0]]
Q-Loss: 0.009232516171277141 || V-Loss: 0.009318151125137576
---EPOCH-11--------------------
||||||||||epsilon: 0.3847, buffer size: 21014
||||||||||epsilon: 0.3818, buffer size: 21323
||||||||||epsilon: 0.379, buffer size: 21695
Target updated!
xxxxxxxxxxxxxxxxxxxxxxxxxxxxxx[-11. -19.]
[[ 0 19]
 [11  0]]
Q-Loss: 0.009106155613815914 || V-Loss: 0.009265251919428369
---EPOCH-12--------------------
||||||||||epsilon: 0.3762, buffer size: 22035
||||||||||epsilon: 0.3735, buffer size: 22393
||||||||||epsilon: 0.3708, buffer size: 22733
xxxxxxxxxxxxxxxxxxxxxxxxxxxxxx[-12. -18.]
[[ 0 18]
 [12  0]]
Q-Loss: 0.010092743706297296 || V-Loss: 0.010166032385729258
---EPOCH-13--------------------
||||||||||epsilon: 0.3681, buffer size: 23117
||||||||||epsilon: 0.3654, buffer size: 23506
||||||||||epsilon: 0.3628, buffer size: 23839
Target updated!
xxxxxxxxxxxxxxxxxxxxxxxxxxxxxx[-11. -19.]
[[ 0 19]
 [11  0]]
Q-Loss: 0.009473439243347556 || V-Loss: 0.009736274415585574
---EPOCH-14--------------------
||||||||||epsilon: 0.3601, buffer size: 24216
||||||||||epsilon: 0.3576, buffer size: 24605
||||||||||epsilon: 0.355, buffer size: 25027
xxxxxxxxxxxxxxxxxxxxxxxxxxxxxx[ -9. -21.]
[[ 0 21]
 [ 9  0]]
Q-Loss: 0.01102252670380901 || V-Loss: 0.010915845004181544
---EPOCH-15--------------------
||||||||||epsilon: 0.3525, buffer size: 25320
||||||||||epsilon: 0.3499, buffer size: 25676
||||||||||epsilon: 0.3475, buffer size: 25950
Target updated!
xxxxxxxxxxxxxxxxxxxxxxxxxxxxxx[-13. -17.]
[[ 0 17]
 [13  0]]
Q-Loss: 0.01096289906482558 || V-Loss: 0.01082910122879131
---EPOCH-16--------------------
||||||||||epsilon: 0.345, buffer size: 26275
||||||||||epsilon: 0.3426, buffer size: 26638
||||||||||epsilon: 0.3401, buffer size: 27038
xxxxxxxxxxxxxxxxxxxxxxxxxxxxxx[-13. -17.]
[[ 0 17]
 [13  0]]
Q-Loss: 0.010986130349854035 || V-Loss: 0.010582742267882509
---EPOCH-17--------------------
||||||||||epsilon: 0.3377, buffer size: 27314
||||||||||epsilon: 0.3354, buffer size: 27586
||||||||||epsilon: 0.333, buffer size: 27968
Target updated!
xxxxxxxxxxxxxxxxxxxxxxxxxxxxxx[-11. -19.]
[[ 0 19]
 [11  0]]
Q-Loss: 0.01088812995002299 || V-Loss: 0.010650951736525003
---EPOCH-18--------------------
||||||||||epsilon: 0.3307, buffer size: 28370
||||||||||epsilon: 0.3284, buffer size: 28710
||||||||||epsilon: 0.3261, buffer size: 29100
xxxxxxxxxxxxxxxxxxxxxxxxxxxxxx[-10. -20.]
[[ 0 20]
 [10  0]]
Q-Loss: 0.011517327450529516 || V-Loss: 0.011057448146249588
---EPOCH-19--------------------
||||||||||epsilon: 0.3239, buffer size: 29435
||||||||||epsilon: 0.3217, buffer size: 29791
||||||||||epsilon: 0.3195, buffer size: 30060
Target updated!
xxxxxxxxxxxxxxxxxxxxxxxxxxxxxx[-13. -17.]
[[ 0 17]
 [13  0]]
Q-Loss: 0.011467332154094881 || V-Loss: 0.01113228161534259
---EPOCH-20--------------------
||||||||||epsilon: 0.3173, buffer size: 30372
||||||||||epsilon: 0.3151, buffer size: 30746
||||||||||epsilon: 0.313, buffer size: 31096
xxxxxxxxxxxxxxxxxxxxxxxxxxxxxx[-11. -19.]
[[ 0 19]
 [11  0]]
Q-Loss: 0.010771502194561241 || V-Loss: 0.010555493202126167
---EPOCH-21--------------------
||||||||||epsilon: 0.3108, buffer size: 31367
||||||||||epsilon: 0.3088, buffer size: 31748
||||||||||epsilon: 0.3067, buffer size: 32102
Target updated!
xxxxxxxxxxxxxxxxxxxxxxxxxxxxxx[-17. -13.]
[[ 0 13]
 [17  0]]
Q-Loss: 0.010708241297809177 || V-Loss: 0.010379531849768694
---EPOCH-22--------------------
||||||||||epsilon: 0.3046, buffer size: 32416
||||||||||epsilon: 0.3026, buffer size: 32777
||||||||||epsilon: 0.3006, buffer size: 33109
xxxxxxxxxxxxxxxxxxxxxxxxxxxxxx[-12. -18.]
[[ 0 18]
 [12  0]]
Q-Loss: 0.011435924018370057 || V-Loss: 0.011163016317043592
---EPOCH-23--------------------
||||||||||epsilon: 0.2986, buffer size: 33438
||||||||||epsilon: 0.2966, buffer size: 33782
||||||||||epsilon: 0.2946, buffer size: 34181
Target updated!
xxxxxxxxxxxxxxxxxxxxxxxxxxxxxx[-15. -15.]
[[ 0 15]
 [15  0]]
Q-Loss: 0.010610994755072026 || V-Loss: 0.01050232329682316
---EPOCH-24--------------------
||||||||||epsilon: 0.2927, buffer size: 34572
||||||||||epsilon: 0.2908, buffer size: 34957
||||||||||epsilon: 0.2889, buffer size: 35375
xxxxxxxxxxxxxxxxxxxxxxxxxxxxxx[-14. -16.]
[[ 0 16]
 [14  0]]
Q-Loss: 0.01118631781472598 || V-Loss: 0.011292435750663065
---EPOCH-25--------------------
||||||||||epsilon: 0.287, buffer size: 35704
||||||||||epsilon: 0.2851, buffer size: 36087
||||||||||epsilon: 0.2833, buffer size: 36478
Target updated!
xxxxxxxxxxxxxxxxxxxxxxxxxxxxxx[-10. -20.]
[[ 0 20]
 [10  0]]
Q-Loss: 0.010866671218847768 || V-Loss: 0.010709530861657657
---EPOCH-26--------------------
||||||||||epsilon: 0.2815, buffer size: 36812
||||||||||epsilon: 0.2797, buffer size: 37170
||||||||||epsilon: 0.2779, buffer size: 37519
xxxxxxxxxxxxxxxxxxxxxxxxxxxxxx[-14. -16.]
[[ 0 16]
 [14  0]]
Q-Loss: 0.011381576319628946 || V-Loss: 0.011227219231560137
---EPOCH-27--------------------
||||||||||epsilon: 0.2761, buffer size: 37889
||||||||||epsilon: 0.2743, buffer size: 38283
||||||||||epsilon: 0.2726, buffer size: 38663
Target updated!
xxxxxxxxxxxxxxxxxxxxxxxxxxxxxx[-14. -16.]
[[ 0 16]
 [14  0]]
Q-Loss: 0.011092086223929775 || V-Loss: 0.011169473759656651
---EPOCH-28--------------------
||||||||||epsilon: 0.2709, buffer size: 39039
||||||||||epsilon: 0.2692, buffer size: 39335
||||||||||epsilon: 0.2675, buffer size: 39676
xxxxxxxxxxxxxxxxxxxxxxxxxxxxxx[ -9. -21.]
[[ 0 21]
 [ 9  0]]
Q-Loss: 0.010703340606627651 || V-Loss: 0.010678658008507294
---EPOCH-29--------------------
||||||||||epsilon: 0.2658, buffer size: 40025
||||||||||epsilon: 0.2642, buffer size: 40342
||||||||||epsilon: 0.2626, buffer size: 40666
Target updated!
xxxxxxxxxxxxxxxxxxxxxxxxxxxxxx[ -9. -21.]
[[ 0 21]
 [ 9  0]]
Q-Loss: 0.010722934488735306 || V-Loss: 0.010791991117285243
---EPOCH-30--------------------
||||||||||epsilon: 0.2609, buffer size: 41020
||||||||||epsilon: 0.2593, buffer size: 41383
||||||||||epsilon: 0.2577, buffer size: 41796
xxxxxxxxxxxxxxxxxxxxxxxxxxxxxx[-15. -15.]
[[ 0 15]
 [15  0]]
Q-Loss: 0.011826581352823004 || V-Loss: 0.011852011014483336
---EPOCH-31--------------------
||||||||||epsilon: 0.2562, buffer size: 42063
||||||||||epsilon: 0.2546, buffer size: 42507
||||||||||epsilon: 0.2531, buffer size: 42848
Target updated!
xxxxxxxxxxxxxxxxxxxxxxxxxxxxxx[-14. -16.]
[[ 0 16]
 [14  0]]
Q-Loss: 0.011374459008483186 || V-Loss: 0.011404666823380503
---EPOCH-32--------------------
||||||||||epsilon: 0.2516, buffer size: 43200
||||||||||epsilon: 0.2501, buffer size: 43641
||||||||||epsilon: 0.2486, buffer size: 44073
xxxxxxxxxxxxxxxxxxxxxxxxxxxxxx[-11. -19.]
[[ 0 19]
 [11  0]]
Q-Loss: 0.012402190153321124 || V-Loss: 0.012411809933413315
---EPOCH-33--------------------
||||||||||epsilon: 0.2471, buffer size: 44373
||||||||||epsilon: 0.2456, buffer size: 44709
||||||||||epsilon: 0.2442, buffer size: 45068
Target updated!
xxxxxxxxxxxxxxxxxxxxxxxxxxxxxx[-17. -13.]
[[ 0 13]
 [17  0]]
Q-Loss: 0.011780702958909232 || V-Loss: 0.01178756214168652
---EPOCH-34--------------------
||||||||||epsilon: 0.2427, buffer size: 45375
||||||||||epsilon: 0.2413, buffer size: 45657
||||||||||epsilon: 0.2399, buffer size: 46014
xxxxxxxxxxxxxxxxxxxxxxxxxxxxxx[ -9. -21.]
[[ 0 21]
 [ 9  0]]
Q-Loss: 0.012952258389599194 || V-Loss: 0.013028677511370263
---EPOCH-35--------------------
||||||||||epsilon: 0.2385, buffer size: 46369
||||||||||epsilon: 0.2371, buffer size: 46758
||||||||||epsilon: 0.2358, buffer size: 47114
Target updated!
xxxxxxxxxxxxxxxxxxxxxxxxxxxxxx[-10. -20.]
[[ 0 20]
 [10  0]]
Q-Loss: 0.012341594444003139 || V-Loss: 0.012385792637060106
---EPOCH-36--------------------
||||||||||epsilon: 0.2344, buffer size: 47423
||||||||||epsilon: 0.2331, buffer size: 47806
||||||||||epsilon: 0.2318, buffer size: 48206
xxxxxxxxxxxxxxxxxxxxxxxxxxxxxx[-15. -15.]
[[ 0 15]
 [15  0]]
Q-Loss: 0.013056353638175363 || V-Loss: 0.013031479484142143
---EPOCH-37--------------------
||||||||||epsilon: 0.2304, buffer size: 48520
||||||||||epsilon: 0.2291, buffer size: 48812
||||||||||epsilon: 0.2279, buffer size: 49163
Target updated!
xxxxxxxxxxxxxxxxxxxxxxxxxxxxxx[-16. -14.]
[[ 0 14]
 [16  0]]
Q-Loss: 0.01308457974380052 || V-Loss: 0.01294661908839629
---EPOCH-38--------------------
||||||||||epsilon: 0.2266, buffer size: 49488
||||||||||epsilon: 0.2253, buffer size: 49831
||||||||||epsilon: 0.2241, buffer size: 50215
xxxxxxxxxxxxxxxxxxxxxxxxxxxxxx[-10. -20.]
[[ 0 20]
 [10  0]]
Q-Loss: 0.01291561955756281 || V-Loss: 0.01315421606902811
---EPOCH-39--------------------
||||||||||epsilon: 0.2228, buffer size: 50597
||||||||||epsilon: 0.2216, buffer size: 50987
||||||||||epsilon: 0.2204, buffer size: 51374
Target updated!
xxxxxxxxxxxxxxxxxxxxxxxxxxxxxx[-12. -18.]
[[ 0 18]
 [12  0]]
Q-Loss: 0.012355187476669294 || V-Loss: 0.01257137118259342
---EPOCH-40--------------------
||||||||||epsilon: 0.2192, buffer size: 51801
||||||||||epsilon: 0.218, buffer size: 52145
||||||||||epsilon: 0.2168, buffer size: 52486
xxxxxxxxxxxxxxxxxxxxxxxxxxxxxx[-13. -17.]
[[ 0 17]
 [13  0]]
Q-Loss: 0.013951792627986933 || V-Loss: 0.014106935545802113
---EPOCH-41--------------------
||||||||||epsilon: 0.2157, buffer size: 52806
||||||||||epsilon: 0.2145, buffer size: 53138
||||||||||epsilon: 0.2134, buffer size: 53480
Target updated!
xxxxxxxxxxxxxxxxxxxxxxxxxxxxxx[ -3. -27.]
[[ 0 27]
 [ 3  0]]
Q-Loss: 0.013940345929398088 || V-Loss: 0.014030043096907105
---EPOCH-42--------------------
||||||||||epsilon: 0.2123, buffer size: 53774
||||||||||epsilon: 0.2111, buffer size: 54151
||||||||||epsilon: 0.21, buffer size: 54527
xxxxxxxxxxxxxxxxxxxxxxxxxxxxxx[ -9. -21.]
[[ 0 21]
 [ 9  0]]
Q-Loss: 0.014237328624100574 || V-Loss: 0.014640766076450807
---EPOCH-43--------------------
||||||||||epsilon: 0.2089, buffer size: 54875
||||||||||epsilon: 0.2079, buffer size: 55210
||||||||||epsilon: 0.2068, buffer size: 55524
Target updated!
xxxxxxxxxxxxxxxxxxxxxxxxxxxxxx[ -9. -21.]
[[ 0 21]
 [ 9  0]]
Q-Loss: 0.013871823259995914 || V-Loss: 0.014345247489418723
---EPOCH-44--------------------
||||||||||epsilon: 0.2057, buffer size: 55939
||||||||||epsilon: 0.2047, buffer size: 56258
||||||||||epsilon: 0.2036, buffer size: 56603
xxxxxxxxxxxxxxxxxxxxxxxxxxxxxx[ -7. -23.]
[[ 0 23]
 [ 7  0]]
Q-Loss: 0.01425911635049167 || V-Loss: 0.014292054642496894
---EPOCH-45--------------------
||||||||||epsilon: 0.2026, buffer size: 56930
||||||||||epsilon: 0.2016, buffer size: 57190
||||||||||epsilon: 0.2006, buffer size: 57528
Target updated!
xxxxxxxxxxxxxxxxxxxxxxxxxxxxxx[ -9. -21.]
[[ 0 21]
 [ 9  0]]
Q-Loss: 0.013770423142717498 || V-Loss: 0.013987999076928232
---EPOCH-46--------------------
||||||||||epsilon: 0.1996, buffer size: 57804
||||||||||epsilon: 0.1986, buffer size: 58145
||||||||||epsilon: 0.1976, buffer size: 58509
xxxxxxxxxxxxxxxxxxxxxxxxxxxxxx[-11. -19.]
[[ 0 19]
 [11  0]]
Q-Loss: 0.015232124733221206 || V-Loss: 0.01541537289775795
---EPOCH-47--------------------
||||||||||epsilon: 0.1966, buffer size: 58815
||||||||||epsilon: 0.1957, buffer size: 59118
||||||||||epsilon: 0.1947, buffer size: 59496
Target updated!
xxxxxxxxxxxxxxxxxxxxxxxxxxxxxx[ -9. -21.]
[[ 0 21]
 [ 9  0]]
Q-Loss: 0.015477495053745873 || V-Loss: 0.01569311630688128
---EPOCH-48--------------------
||||||||||epsilon: 0.1938, buffer size: 59775
||||||||||epsilon: 0.1928, buffer size: 60068
||||||||||epsilon: 0.1919, buffer size: 60349
xxxxxxxxxxxxxxxxxxxxxxxxxxxxxx[-11. -19.]
[[ 0 19]
 [11  0]]
Q-Loss: 0.015828317573006963 || V-Loss: 0.01637622387621118
---EPOCH-49--------------------
||||||||||epsilon: 0.191, buffer size: 60604
||||||||||epsilon: 0.1901, buffer size: 60910
||||||||||epsilon: 0.1892, buffer size: 61252
Target updated!
xxxxxxxxxxxxxxxxxxxxxxxxxxxxxx[-13. -17.]
[[ 0 17]
 [13  0]]
Q-Loss: 0.015129357256228115 || V-Loss: 0.01580809205443712
---EPOCH-50--------------------
||||||||||epsilon: 0.1883, buffer size: 61592
||||||||||epsilon: 0.1874, buffer size: 61915
||||||||||epsilon: 0.1865, buffer size: 62256
xxxxxxxxxxxxxxxxxxxxxxxxxxxxxx[ -8. -22.]
[[ 0 22]
 [ 8  0]]
Q-Loss: 0.016960898265187214 || V-Loss: 0.01759766720279653
---EPOCH-51--------------------
||||||||||epsilon: 0.1857, buffer size: 62527
||||||||||epsilon: 0.1848, buffer size: 62822
||||||||||epsilon: 0.184, buffer size: 63183
Target updated!
xxxxxxxxxxxxxxxxxxxxxxxxxxxxxx[-10. -20.]
[[ 0 20]
 [10  0]]
Q-Loss: 0.01582279794670166 || V-Loss: 0.016181009724477224
---EPOCH-52--------------------
||||||||||epsilon: 0.1832, buffer size: 63537
||||||||||epsilon: 0.1823, buffer size: 63792
||||||||||epsilon: 0.1815, buffer size: 64099
xxxxxxxxxxxxxxxxxxxxxxxxxxxxxx[-12. -18.]
[[ 0 18]
 [12  0]]
Q-Loss: 0.015285401743117452 || V-Loss: 0.0157229144938458
---EPOCH-53--------------------
||||||||||epsilon: 0.1807, buffer size: 64418
||||||||||epsilon: 0.1799, buffer size: 64683
||||||||||epsilon: 0.1791, buffer size: 64940
Target updated!
xxxxxxxxxxxxxxxxxxxxxxxxxxxxxx[ -9. -21.]
[[ 0 21]
 [ 9  0]]
Q-Loss: 0.015548988178670075 || V-Loss: 0.016047405029759768
---EPOCH-54--------------------
||||||||||epsilon: 0.1783, buffer size: 65235
||||||||||epsilon: 0.1775, buffer size: 65535
||||||||||epsilon: 0.1768, buffer size: 65852
xxxxxxxxxxxxxxxxxxxxxxxxxxxxxx[ -7. -23.]
[[ 0 23]
 [ 7  0]]
Q-Loss: 0.014627442720337022 || V-Loss: 0.015203672120979332
---EPOCH-55--------------------
||||||||||epsilon: 0.176, buffer size: 66150
||||||||||epsilon: 0.1752, buffer size: 66431
||||||||||epsilon: 0.1745, buffer size: 66741
Target updated!
xxxxxxxxxxxxxxxxxxxxxxxxxxxxxx[-11. -19.]
[[ 0 19]
 [11  0]]
Q-Loss: 0.01466285020630392 || V-Loss: 0.015156719271714497
---EPOCH-56--------------------
||||||||||epsilon: 0.1737, buffer size: 67098
||||||||||epsilon: 0.173, buffer size: 67364
||||||||||epsilon: 0.1723, buffer size: 67689
xxxxxxxxxxxxxxxxxxxxxxxxxxxxxx[ -7. -23.]
[[ 0 23]
 [ 7  0]]
Q-Loss: 0.01454677128319628 || V-Loss: 0.01506330713200555
---EPOCH-57--------------------
||||||||||epsilon: 0.1716, buffer size: 67944
||||||||||epsilon: 0.1709, buffer size: 68223
||||||||||epsilon: 0.1701, buffer size: 68555
Target updated!
xxxxxxxxxxxxxxxxxxxxxxxxxxxxxx[ -7. -23.]
[[ 0 23]
 [ 7  0]]
Q-Loss: 0.014600365579307282 || V-Loss: 0.01523944761207672
---EPOCH-58--------------------
||||||||||epsilon: 0.1694, buffer size: 68871
||||||||||epsilon: 0.1688, buffer size: 69230
||||||||||epsilon: 0.1681, buffer size: 69481
xxxxxxxxxxxxxxxxxxxxxxxxxxxxxx[-10. -20.]
[[ 0 20]
 [10  0]]
Q-Loss: 0.014977095496908443 || V-Loss: 0.015462540039836433
---EPOCH-59--------------------
||||||||||epsilon: 0.1674, buffer size: 69700
||||||||||epsilon: 0.1667, buffer size: 70019
||||||||||epsilon: 0.1661, buffer size: 70348
Target updated!
xxxxxxxxxxxxxxxxxxxxxxxxxxxxxx[-11. -19.]
[[ 0 19]
 [11  0]]
Q-Loss: 0.015206414396893844 || V-Loss: 0.015678253784987196
---EPOCH-60--------------------
||||||||||epsilon: 0.1654, buffer size: 70617
||||||||||epsilon: 0.1648, buffer size: 70903
||||||||||epsilon: 0.1641, buffer size: 71211
xxxxxxxxxxxxxxxxxxxxxxxxxxxxxx[ -6. -24.]
[[ 0 24]
 [ 6  0]]
Q-Loss: 0.016310839166530373 || V-Loss: 0.016835246032577602
---EPOCH-61--------------------
||||||||||epsilon: 0.1635, buffer size: 71438
||||||||||epsilon: 0.1628, buffer size: 71666
||||||||||epsilon: 0.1622, buffer size: 71930
Target updated!
xxxxxxxxxxxxxxxxxxxxxxxxxxxxxx[ -6. -24.]
[[ 0 24]
 [ 6  0]]
Q-Loss: 0.015920443642113733 || V-Loss: 0.016519000198820542
---EPOCH-62--------------------
||||||||||epsilon: 0.1616, buffer size: 72176
||||||||||epsilon: 0.161, buffer size: 72485
||||||||||epsilon: 0.1604, buffer size: 72789
xxxxxxxxxxxxxxxxxxxxxxxxxxxxxx[ -9. -21.]
[[ 0 21]
 [ 9  0]]
Q-Loss: 0.015918895140315994 || V-Loss: 0.01649854216570307
---EPOCH-63--------------------
||||||||||epsilon: 0.1598, buffer size: 73046
||||||||||epsilon: 0.1592, buffer size: 73336
||||||||||epsilon: 0.1586, buffer size: 73592
Target updated!
xxxxxxxxxxxxxxxxxxxxxxxxxxxxxx[ -9. -21.]
[[ 0 21]
 [ 9  0]]
Q-Loss: 0.016088635468158446 || V-Loss: 0.01675263045961323
---EPOCH-64--------------------
||||||||||epsilon: 0.158, buffer size: 73887
||||||||||epsilon: 0.1574, buffer size: 74116
||||||||||epsilon: 0.1569, buffer size: 74401
xxxxxxxxxxxxxxxxxxxxxxxxxxxxxx[-12. -18.]
[[ 0 18]
 [12  0]]
Q-Loss: 0.015561007313640317 || V-Loss: 0.01605754101354467
---EPOCH-65--------------------
||||||||||epsilon: 0.1563, buffer size: 74650
||||||||||epsilon: 0.1557, buffer size: 74951
||||||||||epsilon: 0.1552, buffer size: 75259
Target updated!
xxxxxxxxxxxxxxxxxxxxxxxxxxxxxx[ -3. -27.]
[[ 0 27]
 [ 3  0]]
Q-Loss: 0.015890895418959626 || V-Loss: 0.016478924423426262
---EPOCH-66--------------------
||||||||||epsilon: 0.1546, buffer size: 75499
||||||||||epsilon: 0.1541, buffer size: 75736
||||||||||epsilon: 0.1535, buffer size: 76009
xxxxxxxxxxxxxxxxxxxxxxxxxxxxxx[ -7. -23.]
[[ 0 23]
 [ 7  0]]
Q-Loss: 0.015287577837110156 || V-Loss: 0.015922597490738287
---EPOCH-67--------------------
||||||||||epsilon: 0.153, buffer size: 76302
||||||||||epsilon: 0.1525, buffer size: 76595
||||||||||epsilon: 0.152, buffer size: 76862
Target updated!
xxxxxxxxxxxxxxxxxxxxxxxxxxxxxx[ -6. -24.]
[[ 0 24]
 [ 6  0]]
Q-Loss: 0.015260744098217484 || V-Loss: 0.015810730768739324
---EPOCH-68--------------------
||||||||||epsilon: 0.1514, buffer size: 77176
||||||||||epsilon: 0.1509, buffer size: 77413
||||||||||epsilon: 0.1504, buffer size: 77646
xxxxxxxxxxxxxxxxxxxxxxxxxxxxxx[ -7. -23.]
[[ 0 23]
 [ 7  0]]
Q-Loss: 0.015227518372505121 || V-Loss: 0.01558521630483877
---EPOCH-69--------------------
||||||||||epsilon: 0.1499, buffer size: 77925
||||||||||epsilon: 0.1494, buffer size: 78176
||||||||||epsilon: 0.1489, buffer size: 78442
Target updated!
xxxxxxxxxxxxxxxxxxxxxxxxxxxxxx[ -1. -29.]
[[ 0 29]
 [ 1  0]]
Q-Loss: 0.014956755315652112 || V-Loss: 0.015567891405662518
---EPOCH-70--------------------
||||||||||epsilon: 0.1484, buffer size: 78664
||||||||||epsilon: 0.148, buffer size: 78951
||||||||||epsilon: 0.1475, buffer size: 79201
xxxxxxxxxxxxxxxxxxxxxxxxxxxxxx[ -7. -23.]
[[ 0 23]
 [ 7  0]]
Q-Loss: 0.01524666215967347 || V-Loss: 0.015881761881852665
---EPOCH-71--------------------
||||||||||epsilon: 0.147, buffer size: 79492
||||||||||epsilon: 0.1465, buffer size: 79752
||||||||||epsilon: 0.1461, buffer size: 79969
Target updated!
xxxxxxxxxxxxxxxxxxxxxxxxxxxxxx[ -7. -23.]
[[ 0 23]
 [ 7  0]]
Q-Loss: 0.015252012246919243 || V-Loss: 0.016072376904588542
---EPOCH-72--------------------
||||||||||epsilon: 0.1456, buffer size: 80141
||||||||||epsilon: 0.1452, buffer size: 80411
||||||||||epsilon: 0.1447, buffer size: 80706
xxxxxxxxxxxxxxxxxxxxxxxxxxxxxx[ -3. -27.]
[[ 0 27]
 [ 3  0]]
Q-Loss: 0.015601502501115375 || V-Loss: 0.016537463126618936
---EPOCH-73--------------------
||||||||||epsilon: 0.1443, buffer size: 80963
||||||||||epsilon: 0.1438, buffer size: 81232
||||||||||epsilon: 0.1434, buffer size: 81525
Target updated!
xxxxxxxxxxxxxxxxxxxxxxxxxxxxxx[ -5. -25.]
[[ 0 25]
 [ 5  0]]
Q-Loss: 0.015497396006678401 || V-Loss: 0.01659124413334532
---EPOCH-74--------------------
||||||||||epsilon: 0.143, buffer size: 81762
||||||||||epsilon: 0.1425, buffer size: 82004
||||||||||epsilon: 0.1421, buffer size: 82291
xxxxxxxxxxxxxxxxxxxxxxxxxxxxxx[ -8. -22.]
[[ 0 22]
 [ 8  0]]
Q-Loss: 0.016418630367775484 || V-Loss: 0.01758122819399729
---EPOCH-75--------------------
||||||||||epsilon: 0.1417, buffer size: 82494
||||||||||epsilon: 0.1413, buffer size: 82686
||||||||||epsilon: 0.1409, buffer size: 82976
Target updated!
xxxxxxxxxxxxxxxxxxxxxxxxxxxxxx[-11. -19.]
[[ 0 19]
 [11  0]]
Q-Loss: 0.01605384837989011 || V-Loss: 0.01685039365465514
---EPOCH-76--------------------
||||||||||epsilon: 0.1405, buffer size: 83238
||||||||||epsilon: 0.1401, buffer size: 83502
||||||||||epsilon: 0.1397, buffer size: 83775
xxxxxxxxxxxxxxxxxxxxxxxxxxxxxx[ -3. -27.]
[[ 0 27]
 [ 3  0]]
Q-Loss: 0.01724160339020714 || V-Loss: 0.018224821647221386
---EPOCH-77--------------------
||||||||||epsilon: 0.1393, buffer size: 84027
||||||||||epsilon: 0.1389, buffer size: 84257
||||||||||epsilon: 0.1385, buffer size: 84442
Target updated!
xxxxxxxxxxxxxxxxxxxxxxxxxxxxxx[ -6. -24.]
[[ 0 24]
 [ 6  0]]
Q-Loss: 0.016679221612210613 || V-Loss: 0.017822980333550755
---EPOCH-78--------------------
||||||||||epsilon: 0.1381, buffer size: 84664
||||||||||epsilon: 0.1377, buffer size: 84935
||||||||||epsilon: 0.1373, buffer size: 85195
xxxxxxxxxxxxxxxxxxxxxxxxxxxxxx[ -3. -27.]
[[ 0 27]
 [ 3  0]]
Q-Loss: 0.01605105638805879 || V-Loss: 0.01699539048263463
---EPOCH-79--------------------
||||||||||epsilon: 0.137, buffer size: 85423
||||||||||epsilon: 0.1366, buffer size: 85658
||||||||||epsilon: 0.1362, buffer size: 85911
Target updated!
xxxxxxxxxxxxxxxxxxxxxxxxxxxxxx[ -4. -26.]
[[ 0 26]
 [ 4  0]]
Q-Loss: 0.015794103240658483 || V-Loss: 0.016792268742132768
---EPOCH-80--------------------
||||||||||epsilon: 0.1359, buffer size: 86134
||||||||||epsilon: 0.1355, buffer size: 86367
||||||||||epsilon: 0.1352, buffer size: 86673
xxxxxxxxxxxxxxxxxxxxxxxxxxxxxx[ -6. -24.]
[[ 0 24]
 [ 6  0]]
Q-Loss: 0.015986631028208475 || V-Loss: 0.016988379448516264
---EPOCH-81--------------------
||||||||||epsilon: 0.1348, buffer size: 86955
||||||||||epsilon: 0.1345, buffer size: 87223
||||||||||epsilon: 0.1341, buffer size: 87483
Target updated!
xxxxxxxxxxxxxxxxxxxxxxxxxxxxxx[ -6. -24.]
[[ 0 24]
 [ 6  0]]
Q-Loss: 0.015290542385547773 || V-Loss: 0.01620419465488224
---EPOCH-82--------------------
||||||||||epsilon: 0.1338, buffer size: 87717
||||||||||epsilon: 0.1335, buffer size: 87975
||||||||||epsilon: 0.1331, buffer size: 88190
xxxxxxxxxxxxxxxxxxxxxxxxxxxxxx[ -6. -24.]
[[ 0 24]
 [ 6  0]]
Q-Loss: 0.013468128070038774 || V-Loss: 0.014446114098231422
---EPOCH-83--------------------
||||||||||epsilon: 0.1328, buffer size: 88409
||||||||||epsilon: 0.1325, buffer size: 88620
||||||||||epsilon: 0.1321, buffer size: 88860
Target updated!
xxxxxxxxxxxxxxxxxxxxxxxxxxxxxx[ -2. -28.]
[[ 0 28]
 [ 2  0]]
Q-Loss: 0.013399173308009129 || V-Loss: 0.01455930077459784
---EPOCH-84--------------------
||||||||||epsilon: 0.1318, buffer size: 89151
||||||||||epsilon: 0.1315, buffer size: 89407
||||||||||epsilon: 0.1312, buffer size: 89668
xxxxxxxxxxxxxxxxxxxxxxxxxxxxxx[ -4. -26.]
[[ 0 26]
 [ 4  0]]
Q-Loss: 0.013899596009075836 || V-Loss: 0.015001367916196122
---EPOCH-85--------------------
||||||||||epsilon: 0.1309, buffer size: 89934
||||||||||epsilon: 0.1306, buffer size: 90141
||||||||||epsilon: 0.1303, buffer size: 90429
Target updated!
xxxxxxxxxxxxxxxxxxxxxxxxxxxxxx[ -5. -25.]
[[ 0 25]
 [ 5  0]]
Q-Loss: 0.013468171133556299 || V-Loss: 0.014913596789918675
---EPOCH-86--------------------
||||||||||epsilon: 0.13, buffer size: 90707
||||||||||epsilon: 0.1297, buffer size: 90873
||||||||||epsilon: 0.1294, buffer size: 91060
xxxxxxxxxxxxxxxxxxxxxxxxxxxxxx[ -3. -27.]
[[ 0 27]
 [ 3  0]]
Q-Loss: 0.01306234874768433 || V-Loss: 0.014200731507228065
---EPOCH-87--------------------
||||||||||epsilon: 0.1291, buffer size: 91276
||||||||||epsilon: 0.1288, buffer size: 91539
||||||||||epsilon: 0.1285, buffer size: 91824
Target updated!
xxxxxxxxxxxxxxxxxxxxxxxxxxxxxx[ -4. -26.]
[[ 0 26]
 [ 4  0]]
Q-Loss: 0.01301721191614287 || V-Loss: 0.014153686140409905
---EPOCH-88--------------------
||||||||||epsilon: 0.1282, buffer size: 92058
||||||||||epsilon: 0.1279, buffer size: 92283
||||||||||epsilon: 0.1277, buffer size: 92545
xxxxxxxxxxxxxxxxxxxxxxxxxxxxxx[ -4. -26.]
[[ 0 26]
 [ 4  0]]
Q-Loss: 0.012302881094513886 || V-Loss: 0.013381280518556268
---EPOCH-89--------------------
||||||||||epsilon: 0.1274, buffer size: 92796
||||||||||epsilon: 0.1271, buffer size: 93010
||||||||||epsilon: 0.1268, buffer size: 93239
Target updated!
xxxxxxxxxxxxxxxxxxxxxxxxxxxxxx[ -7. -23.]
[[ 0 23]
 [ 7  0]]
Q-Loss: 0.01237575295661446 || V-Loss: 0.013719212038663981
---EPOCH-90--------------------
||||||||||epsilon: 0.1266, buffer size: 93483
||||||||||epsilon: 0.1263, buffer size: 93747
||||||||||epsilon: 0.1261, buffer size: 93959
xxxxxxxxxxxxxxxxxxxxxxxxxxxxxx[  0. -30.]
[[ 0 30]
 [ 0  0]]
Q-Loss: 0.012491936667857183 || V-Loss: 0.013835233499925072
---EPOCH-91--------------------
||||||||||epsilon: 0.1258, buffer size: 94156
||||||||||epsilon: 0.1255, buffer size: 94373
||||||||||epsilon: 0.1253, buffer size: 94610
Target updated!
xxxxxxxxxxxxxxxxxxxxxxxxxxxxxx[ -5. -25.]
[[ 0 25]
 [ 5  0]]
Q-Loss: 0.012385481582951703 || V-Loss: 0.013875391078429637
---EPOCH-92--------------------
||||||||||epsilon: 0.125, buffer size: 94861
||||||||||epsilon: 0.1248, buffer size: 95142
||||||||||epsilon: 0.1245, buffer size: 95373
xxxxxxxxxxxxxxxxxxxxxxxxxxxxxx[ -5. -25.]
[[ 0 25]
 [ 5  0]]
Q-Loss: 0.011846101648188764 || V-Loss: 0.013075863415603337
---EPOCH-93--------------------
||||||||||epsilon: 0.1243, buffer size: 95539
||||||||||epsilon: 0.124, buffer size: 95780
||||||||||epsilon: 0.1238, buffer size: 96056
Target updated!
xxxxxxxxxxxxxxxxxxxxxxxxxxxxxx[ -1. -29.]
[[ 0 29]
 [ 1  0]]
Q-Loss: 0.01238109460485766 || V-Loss: 0.01358187923489032
---EPOCH-94--------------------
||||||||||epsilon: 0.1236, buffer size: 96311
||||||||||epsilon: 0.1233, buffer size: 96578
||||||||||epsilon: 0.1231, buffer size: 96826
xxxxxxxxxxxxxxxxxxxxxxxxxxxxxx[ -3. -27.]
[[ 0 27]
 [ 3  0]]
Q-Loss: 0.012208168122478727 || V-Loss: 0.01373240618727996
---EPOCH-95--------------------
||||||||||epsilon: 0.1229, buffer size: 97031
||||||||||epsilon: 0.1226, buffer size: 97251
||||||||||epsilon: 0.1224, buffer size: 97522
Target updated!
xxxxxxxxxxxxxxxxxxxxxxxxxxxxxx[ -3. -27.]
[[ 0 27]
 [ 3  0]]
Q-Loss: 0.01218299302883637 || V-Loss: 0.013488575725147915
---EPOCH-96--------------------
||||||||||epsilon: 0.1222, buffer size: 97774
||||||||||epsilon: 0.122, buffer size: 97985
||||||||||epsilon: 0.1218, buffer size: 98243
xxxxxxxxxxxxxxxxxxxxxxxxxxxxxx[ -2. -28.]
[[ 0 28]
 [ 2  0]]
Q-Loss: 0.011742645567488 || V-Loss: 0.013185641281255515
---EPOCH-97--------------------
||||||||||epsilon: 0.1215, buffer size: 98452
||||||||||epsilon: 0.1213, buffer size: 98691
||||||||||epsilon: 0.1211, buffer size: 98903
Target updated!
xxxxxxxxxxxxxxxxxxxxxxxxxxxxxx[ -3. -27.]
[[ 0 27]
 [ 3  0]]
Q-Loss: 0.012081292061503766 || V-Loss: 0.01350941941398126
---EPOCH-98--------------------
||||||||||epsilon: 0.1209, buffer size: 99091
||||||||||epsilon: 0.1207, buffer size: 99337
||||||||||epsilon: 0.1205, buffer size: 99609
xxxxxxxxxxxxxxxxxxxxxxxxxxxxxx[  0. -30.]
[[ 0 30]
 [ 0  0]]
Q-Loss: 0.01177430014794779 || V-Loss: 0.01317090288439417
---EPOCH-99--------------------
||||||||||epsilon: 0.1203, buffer size: 99851
||||||||||epsilon: 0.1201, buffer size: 100000
||||||||||epsilon: 0.1199, buffer size: 100000
Target updated!
xxxxxxxxxxxxxxxxxxxxxxxxxxxxxx[ -2. -28.]
[[ 0 28]
 [ 2  0]]
Q-Loss: 0.011992810471217703 || V-Loss: 0.01345714906277428
---EPOCH-100--------------------
||||||||||epsilon: 0.1197, buffer size: 100000
||||||||||epsilon: 0.1195, buffer size: 100000
||||||||||epsilon: 0.1193, buffer size: 100000
xxxxxxxxxxxxxxxxxxxxxxxxxxxxxx[ -2. -28.]
[[ 0 28]
 [ 2  0]]
Q-Loss: 0.01253716196883851 || V-Loss: 0.013984293839735856
---EPOCH-101--------------------
||||||||||epsilon: 0.1191, buffer size: 100000
||||||||||epsilon: 0.1189, buffer size: 100000
||||||||||epsilon: 0.1187, buffer size: 100000
Target updated!
xxxxxxxxxxxxxxxxxxxxxxxxxxxxxx[ -2. -28.]
[[ 0 28]
 [ 2  0]]
Q-Loss: 0.012063231749030259 || V-Loss: 0.01348782850649743
---EPOCH-102--------------------
||||||||||epsilon: 0.1185, buffer size: 100000
||||||||||epsilon: 0.1184, buffer size: 100000
||||||||||epsilon: 0.1182, buffer size: 100000
xxxxxxxxxxxxxxxxxxxxxxxxxxxxxx[ -3. -27.]
[[ 0 27]
 [ 3  0]]
Q-Loss: 0.012395235160195604 || V-Loss: 0.013848288339822122
---EPOCH-103--------------------
||||||||||epsilon: 0.118, buffer size: 100000
||||||||||epsilon: 0.1178, buffer size: 100000
||||||||||epsilon: 0.1176, buffer size: 100000
Target updated!
xxxxxxxxxxxxxxxxxxxxxxxxxxxxxx[ -1. -29.]
[[ 0 29]
 [ 1  0]]
Q-Loss: 0.012039148948271237 || V-Loss: 0.013560457401901952
---EPOCH-104--------------------
||||||||||epsilon: 0.1175, buffer size: 100000
||||||||||epsilon: 0.1173, buffer size: 100000
||||||||||epsilon: 0.1171, buffer size: 100000
xxxxxxxxxxxxxxxxxxxxxxxxxxxxxx[ -1. -29.]
[[ 0 29]
 [ 1  0]]
Q-Loss: 0.01253181538113722 || V-Loss: 0.014101525293211528
---EPOCH-105--------------------
||||||||||epsilon: 0.1169, buffer size: 100000
||||||||||epsilon: 0.1168, buffer size: 100000
||||||||||epsilon: 0.1166, buffer size: 100000
Target updated!
xxxxxxxxxxxxxxxxxxxxxxxxxxxxxx[ -4. -26.]
[[ 0 26]
 [ 4  0]]
Q-Loss: 0.012383457807646613 || V-Loss: 0.013750071571442946
---EPOCH-106--------------------
||||||||||epsilon: 0.1164, buffer size: 100000
||||||||||epsilon: 0.1163, buffer size: 100000
||||||||||epsilon: 0.1161, buffer size: 100000
xxxxxxxxxxxxxxxxxxxxxxxxxxxxxx[ -1. -29.]
[[ 0 29]
 [ 1  0]]
Q-Loss: 0.012144334111471403 || V-Loss: 0.013572123325061455
---EPOCH-107--------------------
||||||||||epsilon: 0.116, buffer size: 100000
||||||||||epsilon: 0.1158, buffer size: 100000
||||||||||epsilon: 0.1156, buffer size: 100000
Target updated!
xxxxxxxxxxxxxxxxxxxxxxxxxxxxxx[ -1. -29.]
[[ 0 29]
 [ 1  0]]
Q-Loss: 0.012096600222913482 || V-Loss: 0.013719826859524952
---EPOCH-108--------------------
||||||||||epsilon: 0.1155, buffer size: 100000
||||||||||epsilon: 0.1153, buffer size: 100000
||||||||||epsilon: 0.1152, buffer size: 100000
xxxxxxxxxxxxxxxxxxxxxxxxxxxxxx[ -2. -28.]
[[ 0 28]
 [ 2  0]]
Q-Loss: 0.011677859838230132 || V-Loss: 0.013047179096172931
---EPOCH-109--------------------
||||||||||epsilon: 0.115, buffer size: 100000
||||||||||epsilon: 0.1149, buffer size: 100000
||||||||||epsilon: 0.1147, buffer size: 100000
Target updated!
xxxxxxxxxxxxxxxxxxxxxxxxxxxxxx[ -2. -28.]
[[ 0 28]
 [ 2  0]]
Q-Loss: 0.011258209670520151 || V-Loss: 0.012657574936309637
---EPOCH-110--------------------
||||||||||epsilon: 0.1146, buffer size: 100000
||||||||||epsilon: 0.1144, buffer size: 100000
||||||||||epsilon: 0.1143, buffer size: 100000
xxxxxxxxxxxxxxxxxxxxxxxxxxxxxx[ -2. -28.]
[[ 0 28]
 [ 2  0]]
Q-Loss: 0.011446339626752448 || V-Loss: 0.012901365543866656
---EPOCH-111--------------------
||||||||||epsilon: 0.1142, buffer size: 100000
||||||||||epsilon: 0.114, buffer size: 100000
||||||||||epsilon: 0.1139, buffer size: 100000
Target updated!
xxxxxxxxxxxxxxxxxxxxxxxxxxxxxx[ -5. -25.]
[[ 0 25]
 [ 5  0]]
Q-Loss: 0.011773794550845068 || V-Loss: 0.01309263031856039
---EPOCH-112--------------------
||||||||||epsilon: 0.1137, buffer size: 100000
||||||||||epsilon: 0.1136, buffer size: 100000
||||||||||epsilon: 0.1135, buffer size: 100000
xxxxxxxxxxxxxxxxxxxxxxxxxxxxxx[ -5. -25.]
[[ 0 25]
 [ 5  0]]
Q-Loss: 0.012237761878328444 || V-Loss: 0.013822238945680456
---EPOCH-113--------------------
||||||||||epsilon: 0.1133, buffer size: 100000
||||||||||epsilon: 0.1132, buffer size: 100000
||||||||||epsilon: 0.1131, buffer size: 100000
Target updated!
xxxxxxxxxxxxxxxxxxxxxxxxxxxxxx[ -3. -27.]
[[ 0 27]
 [ 3  0]]
Q-Loss: 0.012370978694537859 || V-Loss: 0.013779196816618704
---EPOCH-114--------------------
||||||||||epsilon: 0.1129, buffer size: 100000
||||||||||epsilon: 0.1128, buffer size: 100000
||||||||||epsilon: 0.1127, buffer size: 100000
xxxxxxxxxxxxxxxxxxxxxxxxxxxxxx[ -6. -24.]
[[ 0 24]
 [ 6  0]]
Q-Loss: 0.012484446004578499 || V-Loss: 0.01401819847234737
---EPOCH-115--------------------
||||||||||epsilon: 0.1126, buffer size: 100000
||||||||||epsilon: 0.1124, buffer size: 100000
||||||||||epsilon: 0.1123, buffer size: 100000
Target updated!
xxxxxxxxxxxxxxxxxxxxxxxxxxxxxx[ -3. -27.]
[[ 0 27]
 [ 3  0]]
Q-Loss: 0.012117466291011975 || V-Loss: 0.013778292932355916
---EPOCH-116--------------------
||||||||||epsilon: 0.1122, buffer size: 100000
||||||||||epsilon: 0.1121, buffer size: 100000
||||||||||epsilon: 0.1119, buffer size: 100000
xxxxxxxxxxxxxxxxxxxxxxxxxxxxxx[ -1. -29.]
[[ 0 29]
 [ 1  0]]
Q-Loss: 0.012421931210189576 || V-Loss: 0.013990342864597122
---EPOCH-117--------------------
||||||||||epsilon: 0.1118, buffer size: 100000
||||||||||epsilon: 0.1117, buffer size: 100000
||||||||||epsilon: 0.1116, buffer size: 100000
Target updated!
xxxxxxxxxxxxxxxxxxxxxxxxxxxxxx[ -4. -26.]
[[ 0 26]
 [ 4  0]]
Q-Loss: 0.012466344090848373 || V-Loss: 0.01403785594095536
---EPOCH-118--------------------
||||||||||epsilon: 0.1115, buffer size: 100000
||||||||||epsilon: 0.1114, buffer size: 100000
||||||||||epsilon: 0.1112, buffer size: 100000
xxxxxxxxxxxxxxxxxxxxxxxxxxxxxx[ -3. -27.]
[[ 0 27]
 [ 3  0]]
Q-Loss: 0.012494789524080169 || V-Loss: 0.01402474449783542
---EPOCH-119--------------------
||||||||||epsilon: 0.1111, buffer size: 100000
||||||||||epsilon: 0.111, buffer size: 100000
||||||||||epsilon: 0.1109, buffer size: 100000
Target updated!
xxxxxxxxxxxxxxxxxxxxxxxxxxxxxx[ -3. -27.]
[[ 0 27]
 [ 3  0]]
Q-Loss: 0.012278019445190247 || V-Loss: 0.013744437303292162
---EPOCH-120--------------------
||||||||||epsilon: 0.1108, buffer size: 100000
||||||||||epsilon: 0.1107, buffer size: 100000
||||||||||epsilon: 0.1106, buffer size: 100000
xxxxxxxxxxxxxxxxxxxxxxxxxxxxxx[ -4. -26.]
[[ 0 26]
 [ 4  0]]
Q-Loss: 0.01253565655460501 || V-Loss: 0.014327775214378185
---EPOCH-121--------------------
||||||||||epsilon: 0.1105, buffer size: 100000
||||||||||epsilon: 0.1104, buffer size: 100000
||||||||||epsilon: 0.1103, buffer size: 100000
Target updated!
xxxxxxxxxxxxxxxxxxxxxxxxxxxxxx[ -2. -28.]
[[ 0 28]
 [ 2  0]]
Q-Loss: 0.012036634273526628 || V-Loss: 0.013682977802030026
---EPOCH-122--------------------
||||||||||epsilon: 0.1102, buffer size: 100000
||||||||||epsilon: 0.1101, buffer size: 100000
||||||||||epsilon: 0.11, buffer size: 100000
xxxxxxxxxxxxxxxxxxxxxxxxxxxxxx[ -2. -28.]
[[ 0 28]
 [ 2  0]]
Q-Loss: 0.011871272905688696 || V-Loss: 0.01335455323715911
---EPOCH-123--------------------
||||||||||epsilon: 0.1099, buffer size: 100000
||||||||||epsilon: 0.1098, buffer size: 100000
||||||||||epsilon: 0.1097, buffer size: 100000
Target updated!
xxxxxxxxxxxxxxxxxxxxxxxxxxxxxx[ -5. -25.]
[[ 0 25]
 [ 5  0]]
Q-Loss: 0.011983616636070896 || V-Loss: 0.013608165411916485
---EPOCH-124--------------------
||||||||||epsilon: 0.1096, buffer size: 100000
||||||||||epsilon: 0.1095, buffer size: 100000
||||||||||epsilon: 0.1094, buffer size: 100000
xxxxxxxxxxxxxxxxxxxxxxxxxxxxxx[ -1. -29.]
[[ 0 29]
 [ 1  0]]
Q-Loss: 0.01176962645233719 || V-Loss: 0.01338392721366397
---EPOCH-125--------------------
||||||||||epsilon: 0.1093, buffer size: 100000
||||||||||epsilon: 0.1092, buffer size: 100000
||||||||||epsilon: 0.1091, buffer size: 100000
Target updated!
xxxxxxxxxxxxxxxxxxxxxxxxxxxxxx[ -3. -27.]
[[ 0 27]
 [ 3  0]]
Q-Loss: 0.011755592398931012 || V-Loss: 0.013321499898395794
---EPOCH-126--------------------
||||||||||epsilon: 0.109, buffer size: 100000
||||||||||epsilon: 0.1089, buffer size: 100000
||||||||||epsilon: 0.1088, buffer size: 100000
xxxxxxxxxxxxxxxxxxxxxxxxxxxxxx[ -3. -27.]
[[ 0 27]
 [ 3  0]]
Q-Loss: 0.011440671030568943 || V-Loss: 0.013082592952174735
---EPOCH-127--------------------
||||||||||epsilon: 0.1088, buffer size: 100000
||||||||||epsilon: 0.1087, buffer size: 100000
||||||||||epsilon: 0.1086, buffer size: 100000
Target updated!
xxxxxxxxxxxxxxxxxxxxxxxxxxxxxx[ -3. -27.]
[[ 0 27]
 [ 3  0]]
Q-Loss: 0.011898583943247502 || V-Loss: 0.013481862030374317
---EPOCH-128--------------------
||||||||||epsilon: 0.1085, buffer size: 100000
||||||||||epsilon: 0.1084, buffer size: 100000
||||||||||epsilon: 0.1083, buffer size: 100000
xxxxxxxxxxxxxxxxxxxxxxxxxxxxxx[ -3. -27.]
[[ 0 27]
 [ 3  0]]
Q-Loss: 0.012157677575449326 || V-Loss: 0.01366112908381207
---EPOCH-129--------------------
||||||||||epsilon: 0.1082, buffer size: 100000
||||||||||epsilon: 0.1082, buffer size: 100000
||||||||||epsilon: 0.1081, buffer size: 100000
Target updated!
xxxxxxxxxxxxxxxxxxxxxxxxxxxxxx[ -2. -28.]
[[ 0 28]
 [ 2  0]]
Q-Loss: 0.011957461588638951 || V-Loss: 0.01364572475449808
---EPOCH-130--------------------
||||||||||epsilon: 0.108, buffer size: 100000
||||||||||epsilon: 0.1079, buffer size: 100000
||||||||||epsilon: 0.1078, buffer size: 100000
xxxxxxxxxxxxxxxxxxxxxxxxxxxxxx[ -5. -25.]
[[ 0 25]
 [ 5  0]]
Q-Loss: 0.011386456543012811 || V-Loss: 0.013023951444167488
---EPOCH-131--------------------
||||||||||epsilon: 0.1078, buffer size: 100000
||||||||||epsilon: 0.1077, buffer size: 100000
||||||||||epsilon: 0.1076, buffer size: 100000
Target updated!
xxxxxxxxxxxxxxxxxxxxxxxxxxxxxx[ -2. -28.]
[[ 0 28]
 [ 2  0]]
Q-Loss: 0.011139486821019241 || V-Loss: 0.01299329413327033
---EPOCH-132--------------------
||||||||||epsilon: 0.1075, buffer size: 100000
||||||||||epsilon: 0.1075, buffer size: 100000
||||||||||epsilon: 0.1074, buffer size: 100000
xxxxxxxxxxxxxxxxxxxxxxxxxxxxxx[  0. -30.]
[[ 0 30]
 [ 0  0]]
Q-Loss: 0.011336880134926607 || V-Loss: 0.012698978770823847
---EPOCH-133--------------------
||||||||||epsilon: 0.1073, buffer size: 100000
||||||||||epsilon: 0.1072, buffer size: 100000
||||||||||epsilon: 0.1072, buffer size: 100000
Target updated!
xxxxxxxxxxxxxxxxxxxxxxxxxxxxxx[ -1. -29.]
[[ 0 29]
 [ 1  0]]
Q-Loss: 0.010867628526272549 || V-Loss: 0.012441759261249472
---EPOCH-134--------------------
||||||||||epsilon: 0.1071, buffer size: 100000
||||||||||epsilon: 0.107, buffer size: 100000
||||||||||epsilon: 0.107, buffer size: 100000
xxxxxxxxxxxxxxxxxxxxxxxxxxxxxx[ -1. -29.]
[[ 0 29]
 [ 1  0]]
Q-Loss: 0.011079010713768931 || V-Loss: 0.012618921461438575
---EPOCH-135--------------------
||||||||||epsilon: 0.1069, buffer size: 100000
||||||||||epsilon: 0.1068, buffer size: 100000
||||||||||epsilon: 0.1067, buffer size: 100000
Target updated!
xxxxxxxxxxxxxxxxxxxxxxxxxxxxxx[ -4. -26.]
[[ 0 26]
 [ 4  0]]
Q-Loss: 0.01114157378793312 || V-Loss: 0.012842918709544767
---EPOCH-136--------------------
||||||||||epsilon: 0.1067, buffer size: 100000
||||||||||epsilon: 0.1066, buffer size: 100000
||||||||||epsilon: 0.1065, buffer size: 100000
xxxxxxxxxxxxxxxxxxxxxxxxxxxxxx[ -5. -25.]
[[ 0 25]
 [ 5  0]]
Q-Loss: 0.009680666382475767 || V-Loss: 0.010971126594214233
---EPOCH-137--------------------
||||||||||epsilon: 0.1065, buffer size: 100000
||||||||||epsilon: 0.1064, buffer size: 100000
||||||||||epsilon: 0.1064, buffer size: 100000
Target updated!
xxxxxxxxxxxxxxxxxxxxxxxxxxxxxx[ -1. -29.]
[[ 0 29]
 [ 1  0]]
Q-Loss: 0.009678464908363781 || V-Loss: 0.011165831133514876
---EPOCH-138--------------------
||||||||||epsilon: 0.1063, buffer size: 100000
||||||||||epsilon: 0.1062, buffer size: 100000
||||||||||epsilon: 0.1062, buffer size: 100000
xxxxxxxxxxxxxxxxxxxxxxxxxxxxxx[ -2. -28.]
[[ 0 28]
 [ 2  0]]
Q-Loss: 0.008985105173109457 || V-Loss: 0.010266509612676025
---EPOCH-139--------------------
||||||||||epsilon: 0.1061, buffer size: 100000
||||||||||epsilon: 0.106, buffer size: 100000
||||||||||epsilon: 0.106, buffer size: 100000
Target updated!
xxxxxxxxxxxxxxxxxxxxxxxxxxxxxx[ -2. -28.]
[[ 0 28]
 [ 2  0]]
Q-Loss: 0.008853488018234282 || V-Loss: 0.010196286555896886
---EPOCH-140--------------------
||||||||||epsilon: 0.1059, buffer size: 100000
||||||||||epsilon: 0.1059, buffer size: 100000
||||||||||epsilon: 0.1058, buffer size: 100000
xxxxxxxxxxxxxxxxxxxxxxxxxxxxxx[ -4. -26.]
[[ 0 26]
 [ 4  0]]
Q-Loss: 0.009166810120338717 || V-Loss: 0.010499097634760642
---EPOCH-141--------------------
||||||||||epsilon: 0.1058, buffer size: 100000
||||||||||epsilon: 0.1057, buffer size: 100000
||||||||||epsilon: 0.1056, buffer size: 100000
Target updated!
xxxxxxxxxxxxxxxxxxxxxxxxxxxxxx[ -6. -24.]
[[ 0 24]
 [ 6  0]]
Q-Loss: 0.008801063732899937 || V-Loss: 0.010168471214899303
---EPOCH-142--------------------
||||||||||epsilon: 0.1056, buffer size: 100000
||||||||||epsilon: 0.1055, buffer size: 100000
||||||||||epsilon: 0.1055, buffer size: 100000
xxxxxxxxxxxxxxxxxxxxxxxxxxxxxx[  0. -30.]
[[ 0 30]
 [ 0  0]]
Q-Loss: 0.008570828045686754 || V-Loss: 0.00961382909251066
---EPOCH-143--------------------
||||||||||epsilon: 0.1054, buffer size: 100000
||||||||||epsilon: 0.1054, buffer size: 100000
||||||||||epsilon: 0.1053, buffer size: 100000
Target updated!
xxxxxxxxxxxxxxxxxxxxxxxxxxxxxx[ -5. -25.]
[[ 0 25]
 [ 5  0]]
Q-Loss: 0.008584277734451879 || V-Loss: 0.009774193002566763
---EPOCH-144--------------------
||||||||||epsilon: 0.1053, buffer size: 100000
||||||||||epsilon: 0.1052, buffer size: 100000
||||||||||epsilon: 0.1052, buffer size: 100000
xxxxxxxxxxxxxxxxxxxxxxxxxxxxxx[  0. -30.]
[[ 0 30]
 [ 0  0]]
Q-Loss: 0.009042585570584807 || V-Loss: 0.010116109485721711
---EPOCH-145--------------------
||||||||||epsilon: 0.1051, buffer size: 100000
||||||||||epsilon: 0.105, buffer size: 100000
||||||||||epsilon: 0.105, buffer size: 100000
Target updated!
xxxxxxxxxxxxxxxxxxxxxxxxxxxxxx[ -2. -28.]
[[ 0 28]
 [ 2  0]]
Q-Loss: 0.008954759925863278 || V-Loss: 0.010045503551080878
---EPOCH-146--------------------
||||||||||epsilon: 0.1049, buffer size: 100000
||||||||||epsilon: 0.1049, buffer size: 100000
||||||||||epsilon: 0.1049, buffer size: 100000
xxxxxxxxxxxxxxxxxxxxxxxxxxxxxx[ -3. -27.]
[[ 0 27]
 [ 3  0]]
Q-Loss: 0.009138774161811514 || V-Loss: 0.010547607110775233
---EPOCH-147--------------------
||||||||||epsilon: 0.1048, buffer size: 100000
||||||||||epsilon: 0.1048, buffer size: 100000
||||||||||epsilon: 0.1047, buffer size: 100000
Target updated!
xxxxxxxxxxxxxxxxxxxxxxxxxxxxxx[ -5. -25.]
[[ 0 25]
 [ 5  0]]
Q-Loss: 0.008965769232076535 || V-Loss: 0.010143474473370061
---EPOCH-148--------------------
||||||||||epsilon: 0.1047, buffer size: 100000
||||||||||epsilon: 0.1046, buffer size: 100000
||||||||||epsilon: 0.1046, buffer size: 100000
xxxxxxxxxxxxxxxxxxxxxxxxxxxxxx[ -4. -26.]
[[ 0 26]
 [ 4  0]]
Q-Loss: 0.008495178040337815 || V-Loss: 0.00968637141273472
---EPOCH-149--------------------
||||||||||epsilon: 0.1045, buffer size: 100000
||||||||||epsilon: 0.1045, buffer size: 100000
||||||||||epsilon: 0.1044, buffer size: 100000
Target updated!
xxxxxxxxxxxxxxxxxxxxxxxxxxxxxx[ -3. -27.]
[[ 0 27]
 [ 3  0]]
Q-Loss: 0.008408678344496736 || V-Loss: 0.009662962785004078
---EPOCH-150--------------------
||||||||||epsilon: 0.1044, buffer size: 100000
||||||||||epsilon: 0.1043, buffer size: 100000
||||||||||epsilon: 0.1043, buffer size: 100000
xxxxxxxxxxxxxxxxxxxxxxxxxxxxxx[ -2. -28.]
[[ 0 28]
 [ 2  0]]
Q-Loss: 0.008653910832562617 || V-Loss: 0.009801293254381145
---EPOCH-151--------------------
||||||||||epsilon: 0.1043, buffer size: 100000
||||||||||epsilon: 0.1042, buffer size: 100000
||||||||||epsilon: 0.1042, buffer size: 100000
Target updated!
xxxxxxxxxxxxxxxxxxxxxxxxxxxxxx[ -2. -28.]
[[ 0 28]
 [ 2  0]]
Q-Loss: 0.008487944626420855 || V-Loss: 0.009770879562859748
---EPOCH-152--------------------
||||||||||epsilon: 0.1041, buffer size: 100000
||||||||||epsilon: 0.1041, buffer size: 100000
||||||||||epsilon: 0.1041, buffer size: 100000
xxxxxxxxxxxxxxxxxxxxxxxxxxxxxx[ -2. -28.]
[[ 0 28]
 [ 2  0]]
Q-Loss: 0.00851452011635821 || V-Loss: 0.009442126409311306
---EPOCH-153--------------------
||||||||||epsilon: 0.104, buffer size: 100000
||||||||||epsilon: 0.104, buffer size: 100000
||||||||||epsilon: 0.1039, buffer size: 100000
Target updated!
xxxxxxxxxxxxxxxxxxxxxxxxxxxxxx[ -4. -26.]
[[ 0 26]
 [ 4  0]]
Q-Loss: 0.00863050920020336 || V-Loss: 0.009551573383969263
---EPOCH-154--------------------
||||||||||epsilon: 0.1039, buffer size: 100000
||||||||||epsilon: 0.1039, buffer size: 100000
||||||||||epsilon: 0.1038, buffer size: 100000
xxxxxxxxxxxxxxxxxxxxxxxxxxxxxx[ -3. -27.]
[[ 0 27]
 [ 3  0]]
Q-Loss: 0.008634035571474179 || V-Loss: 0.00956140905250134
---EPOCH-155--------------------
||||||||||epsilon: 0.1038, buffer size: 100000
||||||||||epsilon: 0.1037, buffer size: 100000
||||||||||epsilon: 0.1037, buffer size: 100000
Target updated!
xxxxxxxxxxxxxxxxxxxxxxxxxxxxxx[ -2. -28.]
[[ 0 28]
 [ 2  0]]
Q-Loss: 0.008341639610013109 || V-Loss: 0.009561797958073326
---EPOCH-156--------------------
||||||||||epsilon: 0.1037, buffer size: 100000
||||||||||epsilon: 0.1036, buffer size: 100000
||||||||||epsilon: 0.1036, buffer size: 100000
xxxxxxxxxxxxxxxxxxxxxxxxxxxxxx[ -5. -25.]
[[ 0 25]
 [ 5  0]]
Q-Loss: 0.008191257102544579 || V-Loss: 0.009050957871764206
---EPOCH-157--------------------
||||||||||epsilon: 0.1036, buffer size: 100000
||||||||||epsilon: 0.1035, buffer size: 100000
||||||||||epsilon: 0.1035, buffer size: 100000
Target updated!
xxxxxxxxxxxxxxxxxxxxxxxxxxxxxx[  0. -30.]
[[ 0 30]
 [ 0  0]]
Q-Loss: 0.007773958514553423 || V-Loss: 0.008710064858798982
---EPOCH-158--------------------
||||||||||epsilon: 0.1035, buffer size: 100000
||||||||||epsilon: 0.1034, buffer size: 100000
||||||||||epsilon: 0.1034, buffer size: 100000
xxxxxxxxxxxxxxxxxxxxxxxxxxxxxx[ -4. -26.]
[[ 0 26]
 [ 4  0]]
Q-Loss: 0.007799346711967257 || V-Loss: 0.008730732880142191
---EPOCH-159--------------------
||||||||||epsilon: 0.1034, buffer size: 100000
||||||||||epsilon: 0.1033, buffer size: 100000
||||||||||epsilon: 0.1033, buffer size: 100000
Target updated!
xxxxxxxxxxxxxxxxxxxxxxxxxxxxxx[ -1. -29.]
[[ 0 29]
 [ 1  0]]
Q-Loss: 0.007866240199838868 || V-Loss: 0.009092051058251328
---EPOCH-160--------------------
||||||||||epsilon: 0.1033, buffer size: 100000
||||||||||epsilon: 0.1032, buffer size: 100000
||||||||||epsilon: 0.1032, buffer size: 100000
xxxxxxxxxxxxxxxxxxxxxxxxxxxxxx[ -3. -27.]
[[ 0 27]
 [ 3  0]]
Q-Loss: 0.00789311124948421 || V-Loss: 0.008935330607725884
---EPOCH-161--------------------
||||||||||epsilon: 0.1032, buffer size: 100000
||||||||||epsilon: 0.1031, buffer size: 100000
||||||||||epsilon: 0.1031, buffer size: 100000
Target updated!
xxxxxxxxxxxxxxxxxxxxxxxxxxxxxx[ -1. -29.]
[[ 0 29]
 [ 1  0]]
Q-Loss: 0.008079785797155445 || V-Loss: 0.008983677829076582
---EPOCH-162--------------------
||||||||||epsilon: 0.1031, buffer size: 100000
||||||||||epsilon: 0.103, buffer size: 100000
||||||||||epsilon: 0.103, buffer size: 100000
xxxxxxxxxxxxxxxxxxxxxxxxxxxxxx[ -3. -27.]
[[ 0 27]
 [ 3  0]]
Q-Loss: 0.007904647876282842 || V-Loss: 0.008826240589177988
---EPOCH-163--------------------
||||||||||epsilon: 0.103, buffer size: 100000
||||||||||epsilon: 0.1029, buffer size: 100000
||||||||||epsilon: 0.1029, buffer size: 100000
Target updated!
xxxxxxxxxxxxxxxxxxxxxxxxxxxxxx[ -2. -28.]
[[ 0 28]
 [ 2  0]]
Q-Loss: 0.00813898607699785 || V-Loss: 0.009099985102894004
---EPOCH-164--------------------
||||||||||epsilon: 0.1029, buffer size: 100000
||||||||||epsilon: 0.1029, buffer size: 100000
||||||||||epsilon: 0.1028, buffer size: 100000
xxxxxxxxxxxxxxxxxxxxxxxxxxxxxx[ -2. -28.]
[[ 0 28]
 [ 2  0]]
Q-Loss: 0.008171020921258381 || V-Loss: 0.00902347762101403
---EPOCH-165--------------------
||||||||||epsilon: 0.1028, buffer size: 100000
||||||||||epsilon: 0.1028, buffer size: 100000
||||||||||epsilon: 0.1027, buffer size: 100000
Target updated!
xxxxxxxxxxxxxxxxxxxxxxxxxxxxxx[ -2. -28.]
[[ 0 28]
 [ 2  0]]
Q-Loss: 0.008322670328629812 || V-Loss: 0.009380831850902662
---EPOCH-166--------------------
||||||||||epsilon: 0.1027, buffer size: 100000
||||||||||epsilon: 0.1027, buffer size: 100000
||||||||||epsilon: 0.1027, buffer size: 100000
xxxxxxxxxxxxxxxxxxxxxxxxxxxxxx[ -3. -27.]
[[ 0 27]
 [ 3  0]]
Q-Loss: 0.008189251962467087 || V-Loss: 0.009206052760127936
---EPOCH-167--------------------
||||||||||epsilon: 0.1026, buffer size: 100000
||||||||||epsilon: 0.1026, buffer size: 100000
||||||||||epsilon: 0.1026, buffer size: 100000
Target updated!
xxxxxxxxxxxxxxxxxxxxxxxxxxxxxx[ -2. -28.]
[[ 0 28]
 [ 2  0]]
Q-Loss: 0.008171519795557084 || V-Loss: 0.00907363588184132
---EPOCH-168--------------------
||||||||||epsilon: 0.1026, buffer size: 100000
||||||||||epsilon: 0.1025, buffer size: 100000
||||||||||epsilon: 0.1025, buffer size: 100000
xxxxxxxxxxxxxxxxxxxxxxxxxxxxxx[ -2. -28.]
[[ 0 28]
 [ 2  0]]
Q-Loss: 0.007148697107396116 || V-Loss: 0.007989437908699814
---EPOCH-169--------------------
||||||||||epsilon: 0.1025, buffer size: 100000
||||||||||epsilon: 0.1025, buffer size: 100000
||||||||||epsilon: 0.1024, buffer size: 100000
Target updated!
xxxxxxxxxxxxxxxxxxxxxxxxxxxxxx[ -2. -28.]
[[ 0 28]
 [ 2  0]]
Q-Loss: 0.007230033921140352 || V-Loss: 0.008163312180655295
---EPOCH-170--------------------
||||||||||epsilon: 0.1024, buffer size: 100000
||||||||||epsilon: 0.1024, buffer size: 100000
||||||||||epsilon: 0.1024, buffer size: 100000
xxxxxxxxxxxxxxxxxxxxxxxxxxxxxx[  0. -30.]
[[ 0 30]
 [ 0  0]]
Q-Loss: 0.007877163481502988 || V-Loss: 0.008714579798905107
---EPOCH-171--------------------
||||||||||epsilon: 0.1023, buffer size: 100000
||||||||||epsilon: 0.1023, buffer size: 100000
||||||||||epsilon: 0.1023, buffer size: 100000
Target updated!
xxxxxxxxxxxxxxxxxxxxxxxxxxxxxx[ -1. -29.]
[[ 0 29]
 [ 1  0]]
Q-Loss: 0.008014743081491764 || V-Loss: 0.008875407700899127
---EPOCH-172--------------------
||||||||||epsilon: 0.1023, buffer size: 100000
||||||||||epsilon: 0.1022, buffer size: 100000
||||||||||epsilon: 0.1022, buffer size: 100000
xxxxxxxxxxxxxxxxxxxxxxxxxxxxxx[ -2. -28.]
[[ 0 28]
 [ 2  0]]
Q-Loss: 0.00772697792016758 || V-Loss: 0.00843631324495552
---EPOCH-173--------------------
||||||||||epsilon: 0.1022, buffer size: 100000
||||||||||epsilon: 0.1022, buffer size: 100000
||||||||||epsilon: 0.1022, buffer size: 100000
Target updated!
xxxxxxxxxxxxxxxxxxxxxxxxxxxxxx[ -2. -28.]
[[ 0 28]
 [ 2  0]]
Q-Loss: 0.007461343919871042 || V-Loss: 0.00848986846626714
---EPOCH-174--------------------
||||||||||epsilon: 0.1021, buffer size: 100000
||||||||||epsilon: 0.1021, buffer size: 100000
